[0.039s] Invoking command in '/home/jetson/dogs/ROB498-flight/resources/code/ros2_ws/build/px4_autonomy_modules': CMAKE_PREFIX_PATH=${CMAKE_PREFIX_PATH}:/opt/ros/foxy /usr/bin/cmake /home/jetson/dogs/ROB498-flight/resources/code/ros2_ws/src/px4_autonomy_modules -DCMAKE_INSTALL_PREFIX=/home/jetson/dogs/ROB498-flight/resources/code/ros2_ws/install/px4_autonomy_modules
[0.265s] -- The C compiler identification is GNU 8.4.0
[0.452s] -- The CXX compiler identification is GNU 8.4.0
[0.469s] -- Check for working C compiler: /usr/bin/cc
[0.708s] -- Check for working C compiler: /usr/bin/cc -- works
[0.710s] -- Detecting C compiler ABI info
[0.949s] -- Detecting C compiler ABI info - done
[0.995s] -- Detecting C compile features
[0.996s] -- Detecting C compile features - done
[1.006s] -- Check for working CXX compiler: /usr/bin/c++
[1.279s] -- Check for working CXX compiler: /usr/bin/c++ -- works
[1.283s] -- Detecting CXX compiler ABI info
[1.557s] -- Detecting CXX compiler ABI info - done
[1.606s] -- Detecting CXX compile features
[1.608s] -- Detecting CXX compile features - done
[1.621s] -- Found ament_cmake: 0.9.12 (/opt/ros/foxy/share/ament_cmake/cmake)
[1.726s] -- Found PythonInterp: /usr/bin/python3 (found suitable version "3.8.10", minimum required is "3") 
[1.726s] -- Using PYTHON_EXECUTABLE: /usr/bin/python3
[2.745s] -- Found rclcpp: 2.4.3 (/opt/ros/foxy/share/rclcpp/cmake)
[2.970s] -- Using all available rosidl_typesupport_c: rosidl_typesupport_fastrtps_c;rosidl_typesupport_introspection_c
[3.007s] -- Found rosidl_adapter: 1.3.1 (/opt/ros/foxy/share/rosidl_adapter/cmake)
[3.372s] -- Found OpenSSL: /usr/lib/aarch64-linux-gnu/libcrypto.so (found version "1.1.1f")  
[3.487s] -- Found FastRTPS: /opt/ros/foxy/include  
[3.851s] -- Using all available rosidl_typesupport_cpp: rosidl_typesupport_fastrtps_cpp;rosidl_typesupport_introspection_cpp
[4.110s] -- Found rmw_implementation_cmake: 1.0.4 (/opt/ros/foxy/share/rmw_implementation_cmake/cmake)
[4.115s] -- Using RMW implementation 'rmw_fastrtps_cpp' as default
[4.118s] -- Looking for pthread.h
[4.366s] -- Looking for pthread.h - found
[4.367s] -- Performing Test CMAKE_HAVE_LIBC_PTHREAD
[4.620s] -- Performing Test CMAKE_HAVE_LIBC_PTHREAD - Failed
[4.621s] -- Looking for pthread_create in pthreads
[4.823s] -- Looking for pthread_create in pthreads - not found
[4.824s] -- Looking for pthread_create in pthread
[5.069s] -- Looking for pthread_create in pthread - found
[5.072s] -- Found Threads: TRUE  
[5.780s] -- Found rclpy: 1.0.13 (/opt/ros/foxy/share/rclpy/cmake)
[5.788s] -- Found nav_msgs: 2.0.5 (/opt/ros/foxy/share/nav_msgs/cmake)
[6.316s] -- Found sensor_msgs: 2.0.5 (/opt/ros/foxy/share/sensor_msgs/cmake)
[6.641s] -- Found mavros: 2.4.0 (/opt/ros/foxy/share/mavros/cmake)
[6.682s] -- Found mavros_extras: 2.4.0 (/opt/ros/foxy/share/mavros_extras/cmake)
[6.690s] CMake Error at CMakeLists.txt:18 (install):
[6.690s]   install DIRECTORY does not allow "FILE_PERMISSIONS" after PATTERN or REGEX.
[6.690s] 
[6.691s] 
[6.698s] -- Found ament_lint_auto: 0.9.8 (/opt/ros/foxy/share/ament_lint_auto/cmake)
[7.083s] -- Added test 'cppcheck' to perform static code analysis on C / C++ code
[7.084s] -- Configured cppcheck include dirs: 
[7.084s] -- Configured cppcheck exclude dirs and/or files: 
[7.094s] -- Added test 'flake8' to check Python code syntax and style conventions
[7.113s] -- Added test 'lint_cmake' to check CMake code style
[7.123s] -- Added test 'pep257' to check Python code against some of the style conventions in PEP 257
[7.193s] -- Added test 'uncrustify' to check C / C++ code style
[7.193s] -- Configured uncrustify additional arguments: 
[7.203s] -- Added test 'xmllint' to check XML markup files
[7.218s] -- Configuring incomplete, errors occurred!
[7.219s] See also "/home/jetson/dogs/ROB498-flight/resources/code/ros2_ws/build/px4_autonomy_modules/CMakeFiles/CMakeOutput.log".
[7.219s] See also "/home/jetson/dogs/ROB498-flight/resources/code/ros2_ws/build/px4_autonomy_modules/CMakeFiles/CMakeError.log".
[7.251s] Invoked command in '/home/jetson/dogs/ROB498-flight/resources/code/ros2_ws/build/px4_autonomy_modules' returned '1': CMAKE_PREFIX_PATH=${CMAKE_PREFIX_PATH}:/opt/ros/foxy /usr/bin/cmake /home/jetson/dogs/ROB498-flight/resources/code/ros2_ws/src/px4_autonomy_modules -DCMAKE_INSTALL_PREFIX=/home/jetson/dogs/ROB498-flight/resources/code/ros2_ws/install/px4_autonomy_modules
