[0.048s] Invoking command in '/home/jetson/ros2_ws/build/px4_autonomy_modules': CMAKE_PREFIX_PATH=${CMAKE_PREFIX_PATH}:/opt/ros/foxy /usr/bin/cmake /home/jetson/ros2_ws/src/px4_autonomy_modules -DCMAKE_INSTALL_PREFIX=/home/jetson/ros2_ws/install/px4_autonomy_modules
[0.650s] -- The C compiler identification is GNU 8.4.0
[1.095s] -- The CXX compiler identification is GNU 8.4.0
[1.123s] -- Check for working C compiler: /usr/bin/cc
[1.381s] -- Check for working C compiler: /usr/bin/cc -- works
[1.390s] -- Detecting C compiler ABI info
[1.647s] -- Detecting C compiler ABI info - done
[1.701s] -- Detecting C compile features
[1.703s] -- Detecting C compile features - done
[1.716s] -- Check for working CXX compiler: /usr/bin/c++
[1.995s] -- Check for working CXX compiler: /usr/bin/c++ -- works
[2.003s] -- Detecting CXX compiler ABI info
[2.294s] -- Detecting CXX compiler ABI info - done
[2.345s] -- Detecting CXX compile features
[2.347s] -- Detecting CXX compile features - done
[2.364s] -- Found ament_cmake: 0.9.12 (/opt/ros/foxy/share/ament_cmake/cmake)
[2.484s] -- Found PythonInterp: /usr/bin/python3 (found suitable version "3.8.10", minimum required is "3") 
[2.484s] -- Using PYTHON_EXECUTABLE: /usr/bin/python3
[3.619s] -- Found rclcpp: 2.4.3 (/opt/ros/foxy/share/rclcpp/cmake)
[3.903s] -- Using all available rosidl_typesupport_c: rosidl_typesupport_fastrtps_c;rosidl_typesupport_introspection_c
[3.949s] -- Found rosidl_adapter: 1.3.1 (/opt/ros/foxy/share/rosidl_adapter/cmake)
[4.347s] -- Found OpenSSL: /usr/lib/aarch64-linux-gnu/libcrypto.so (found version "1.1.1f")  
[4.464s] -- Found FastRTPS: /opt/ros/foxy/include  
[4.837s] -- Using all available rosidl_typesupport_cpp: rosidl_typesupport_fastrtps_cpp;rosidl_typesupport_introspection_cpp
[5.109s] -- Found rmw_implementation_cmake: 1.0.4 (/opt/ros/foxy/share/rmw_implementation_cmake/cmake)
[5.115s] -- Using RMW implementation 'rmw_fastrtps_cpp' as default
[5.120s] -- Looking for pthread.h
[5.383s] -- Looking for pthread.h - found
[5.384s] -- Performing Test CMAKE_HAVE_LIBC_PTHREAD
[5.654s] -- Performing Test CMAKE_HAVE_LIBC_PTHREAD - Failed
[5.656s] -- Looking for pthread_create in pthreads
[5.869s] -- Looking for pthread_create in pthreads - not found
[5.869s] -- Looking for pthread_create in pthread
[6.137s] -- Looking for pthread_create in pthread - found
[6.142s] -- Found Threads: TRUE  
[6.942s] -- Found rclpy: 1.0.13 (/opt/ros/foxy/share/rclpy/cmake)
[6.952s] -- Found nav_msgs: 2.0.5 (/opt/ros/foxy/share/nav_msgs/cmake)
[7.541s] -- Found sensor_msgs: 2.0.5 (/opt/ros/foxy/share/sensor_msgs/cmake)
[7.890s] -- Found mavros: 2.4.0 (/opt/ros/foxy/share/mavros/cmake)
[7.938s] -- Found mavros_extras: 2.4.0 (/opt/ros/foxy/share/mavros_extras/cmake)
[7.957s] -- Found ament_lint_auto: 0.9.8 (/opt/ros/foxy/share/ament_lint_auto/cmake)
[8.386s] -- Added test 'cppcheck' to perform static code analysis on C / C++ code
[8.386s] -- Configured cppcheck include dirs: 
[8.387s] -- Configured cppcheck exclude dirs and/or files: 
[8.398s] -- Added test 'flake8' to check Python code syntax and style conventions
[8.416s] -- Added test 'lint_cmake' to check CMake code style
[8.427s] -- Added test 'pep257' to check Python code against some of the style conventions in PEP 257
[8.492s] -- Added test 'uncrustify' to check C / C++ code style
[8.493s] -- Configured uncrustify additional arguments: 
[8.504s] -- Added test 'xmllint' to check XML markup files
[8.521s] -- Configuring done
[8.531s] -- Generating done
[8.538s] -- Build files have been written to: /home/jetson/ros2_ws/build/px4_autonomy_modules
[8.573s] Invoked command in '/home/jetson/ros2_ws/build/px4_autonomy_modules' returned '0': CMAKE_PREFIX_PATH=${CMAKE_PREFIX_PATH}:/opt/ros/foxy /usr/bin/cmake /home/jetson/ros2_ws/src/px4_autonomy_modules -DCMAKE_INSTALL_PREFIX=/home/jetson/ros2_ws/install/px4_autonomy_modules
[8.585s] Invoking command in '/home/jetson/ros2_ws/build/px4_autonomy_modules': CMAKE_PREFIX_PATH=${CMAKE_PREFIX_PATH}:/opt/ros/foxy /usr/bin/cmake --build /home/jetson/ros2_ws/build/px4_autonomy_modules -- -j4 -l4
[8.742s] Invoked command in '/home/jetson/ros2_ws/build/px4_autonomy_modules' returned '0': CMAKE_PREFIX_PATH=${CMAKE_PREFIX_PATH}:/opt/ros/foxy /usr/bin/cmake --build /home/jetson/ros2_ws/build/px4_autonomy_modules -- -j4 -l4
[8.859s] Invoking command in '/home/jetson/ros2_ws/build/px4_autonomy_modules': CMAKE_PREFIX_PATH=${CMAKE_PREFIX_PATH}:/opt/ros/foxy /usr/bin/cmake --install /home/jetson/ros2_ws/build/px4_autonomy_modules
[8.888s] -- Install configuration: ""
[8.889s] -- Up-to-date: /home/jetson/ros2_ws/install/px4_autonomy_modules/lib/px4_autonomy_modules/pose_relay_node.py
[8.890s] -- Installing: /home/jetson/ros2_ws/install/px4_autonomy_modules/lib/px4_autonomy_modules/fe_2.py
[8.906s] -- Up-to-date: /home/jetson/ros2_ws/install/px4_autonomy_modules/lib/px4_autonomy_modules/fake_vicon.py
[8.908s] -- Up-to-date: /home/jetson/ros2_ws/install/px4_autonomy_modules/share/px4_autonomy_modules/launch
[8.910s] -- Up-to-date: /home/jetson/ros2_ws/install/px4_autonomy_modules/share/px4_autonomy_modules/launch/log
[8.911s] -- Up-to-date: /home/jetson/ros2_ws/install/px4_autonomy_modules/share/px4_autonomy_modules/launch/log/COLCON_IGNORE
[8.911s] -- Up-to-date: /home/jetson/ros2_ws/install/px4_autonomy_modules/share/px4_autonomy_modules/launch/log/build_2025-02-19_12-16-55
[8.912s] -- Up-to-date: /home/jetson/ros2_ws/install/px4_autonomy_modules/share/px4_autonomy_modules/launch/log/build_2025-02-19_12-16-55/logger_all.log
[8.913s] -- Up-to-date: /home/jetson/ros2_ws/install/px4_autonomy_modules/share/px4_autonomy_modules/launch/log/build_2025-02-19_12-16-55/events.log
[8.915s] -- Up-to-date: /home/jetson/ros2_ws/install/px4_autonomy_modules/share/px4_autonomy_modules/launch/log/latest
[8.915s] -- Up-to-date: /home/jetson/ros2_ws/install/px4_autonomy_modules/share/px4_autonomy_modules/launch/log/build_2025-02-19_12-12-14
[8.916s] -- Up-to-date: /home/jetson/ros2_ws/install/px4_autonomy_modules/share/px4_autonomy_modules/launch/log/build_2025-02-19_12-12-14/logger_all.log
[8.916s] -- Up-to-date: /home/jetson/ros2_ws/install/px4_autonomy_modules/share/px4_autonomy_modules/launch/log/build_2025-02-19_12-12-14/events.log
[8.916s] -- Up-to-date: /home/jetson/ros2_ws/install/px4_autonomy_modules/share/px4_autonomy_modules/launch/log/latest_build
[8.917s] -- Up-to-date: /home/jetson/ros2_ws/install/px4_autonomy_modules/share/px4_autonomy_modules/launch/install
[8.917s] -- Up-to-date: /home/jetson/ros2_ws/install/px4_autonomy_modules/share/px4_autonomy_modules/launch/install/COLCON_IGNORE
[8.917s] -- Up-to-date: /home/jetson/ros2_ws/install/px4_autonomy_modules/share/px4_autonomy_modules/launch/install/local_setup.bash
[8.919s] -- Up-to-date: /home/jetson/ros2_ws/install/px4_autonomy_modules/share/px4_autonomy_modules/launch/install/local_setup.ps1
[8.920s] -- Up-to-date: /home/jetson/ros2_ws/install/px4_autonomy_modules/share/px4_autonomy_modules/launch/install/local_setup.zsh
[8.921s] -- Up-to-date: /home/jetson/ros2_ws/install/px4_autonomy_modules/share/px4_autonomy_modules/launch/install/_local_setup_util_ps1.py
[8.922s] -- Up-to-date: /home/jetson/ros2_ws/install/px4_autonomy_modules/share/px4_autonomy_modules/launch/install/local_setup.sh
[8.923s] -- Up-to-date: /home/jetson/ros2_ws/install/px4_autonomy_modules/share/px4_autonomy_modules/launch/install/setup.ps1
[8.925s] -- Up-to-date: /home/jetson/ros2_ws/install/px4_autonomy_modules/share/px4_autonomy_modules/launch/install/setup.bash
[8.926s] -- Up-to-date: /home/jetson/ros2_ws/install/px4_autonomy_modules/share/px4_autonomy_modules/launch/install/setup.zsh
[8.927s] -- Up-to-date: /home/jetson/ros2_ws/install/px4_autonomy_modules/share/px4_autonomy_modules/launch/install/_local_setup_util_sh.py
[8.927s] -- Up-to-date: /home/jetson/ros2_ws/install/px4_autonomy_modules/share/px4_autonomy_modules/launch/install/setup.sh
[8.928s] -- Up-to-date: /home/jetson/ros2_ws/install/px4_autonomy_modules/share/px4_autonomy_modules/launch/install/.colcon_install_layout
[8.929s] -- Up-to-date: /home/jetson/ros2_ws/install/px4_autonomy_modules/share/px4_autonomy_modules/launch/px4_config.yaml
[8.929s] -- Up-to-date: /home/jetson/ros2_ws/install/px4_autonomy_modules/share/px4_autonomy_modules/launch/build
[8.930s] -- Up-to-date: /home/jetson/ros2_ws/install/px4_autonomy_modules/share/px4_autonomy_modules/launch/build/COLCON_IGNORE
[8.931s] -- Up-to-date: /home/jetson/ros2_ws/install/px4_autonomy_modules/share/px4_autonomy_modules/launch/build/.built_by
[8.932s] -- Up-to-date: /home/jetson/ros2_ws/install/px4_autonomy_modules/share/px4_autonomy_modules/launch/px4_pluginlists.yaml
[8.933s] -- Up-to-date: /home/jetson/ros2_ws/install/px4_autonomy_modules/share/px4_autonomy_modules/launch/mavros.launch.py
[8.933s] -- Installing: /home/jetson/ros2_ws/install/px4_autonomy_modules/share/ament_index/resource_index/package_run_dependencies/px4_autonomy_modules
[8.933s] -- Installing: /home/jetson/ros2_ws/install/px4_autonomy_modules/share/ament_index/resource_index/parent_prefix_path/px4_autonomy_modules
[8.934s] -- Up-to-date: /home/jetson/ros2_ws/install/px4_autonomy_modules/share/px4_autonomy_modules/environment/ament_prefix_path.sh
[8.936s] -- Installing: /home/jetson/ros2_ws/install/px4_autonomy_modules/share/px4_autonomy_modules/environment/ament_prefix_path.dsv
[8.937s] -- Up-to-date: /home/jetson/ros2_ws/install/px4_autonomy_modules/share/px4_autonomy_modules/environment/path.sh
[8.937s] -- Installing: /home/jetson/ros2_ws/install/px4_autonomy_modules/share/px4_autonomy_modules/environment/path.dsv
[8.939s] -- Installing: /home/jetson/ros2_ws/install/px4_autonomy_modules/share/px4_autonomy_modules/local_setup.bash
[8.940s] -- Installing: /home/jetson/ros2_ws/install/px4_autonomy_modules/share/px4_autonomy_modules/local_setup.sh
[8.940s] -- Installing: /home/jetson/ros2_ws/install/px4_autonomy_modules/share/px4_autonomy_modules/local_setup.zsh
[8.941s] -- Installing: /home/jetson/ros2_ws/install/px4_autonomy_modules/share/px4_autonomy_modules/local_setup.dsv
[8.942s] -- Installing: /home/jetson/ros2_ws/install/px4_autonomy_modules/share/px4_autonomy_modules/package.dsv
[8.943s] -- Installing: /home/jetson/ros2_ws/install/px4_autonomy_modules/share/ament_index/resource_index/packages/px4_autonomy_modules
[8.943s] -- Installing: /home/jetson/ros2_ws/install/px4_autonomy_modules/share/px4_autonomy_modules/cmake/px4_autonomy_modulesConfig.cmake
[8.944s] -- Installing: /home/jetson/ros2_ws/install/px4_autonomy_modules/share/px4_autonomy_modules/cmake/px4_autonomy_modulesConfig-version.cmake
[8.944s] -- Installing: /home/jetson/ros2_ws/install/px4_autonomy_modules/share/px4_autonomy_modules/package.xml
[8.945s] Invoked command in '/home/jetson/ros2_ws/build/px4_autonomy_modules' returned '0': CMAKE_PREFIX_PATH=${CMAKE_PREFIX_PATH}:/opt/ros/foxy /usr/bin/cmake --install /home/jetson/ros2_ws/build/px4_autonomy_modules
