[0.857s] DEBUG:colcon:Command line arguments: ['/usr/bin/colcon', 'build']
[0.857s] DEBUG:colcon:Parsed command line arguments: Namespace(allow_overriding=[], ament_cmake_args=None, base_paths=['.'], build_base='build', catkin_cmake_args=None, catkin_skip_building_tests=False, cmake_args=None, cmake_clean_cache=False, cmake_clean_first=False, cmake_force_configure=False, cmake_target=None, cmake_target_skip_unavailable=False, continue_on_error=False, event_handlers=None, executor='parallel', ignore_user_meta=False, install_base='install', log_base=None, log_level=None, main=<bound method BuildVerb.main of <colcon_core.verb.build.BuildVerb object at 0x7f8b195100>>, merge_install=False, metas=['./colcon.meta'], packages_above=None, packages_above_and_dependencies=None, packages_above_depth=None, packages_end=None, packages_ignore=None, packages_ignore_regex=None, packages_select=None, packages_select_build_failed=False, packages_select_by_dep=None, packages_select_regex=None, packages_select_test_failures=False, packages_skip=None, packages_skip_build_finished=False, packages_skip_by_dep=None, packages_skip_regex=None, packages_skip_test_passed=False, packages_skip_up_to=None, packages_start=None, packages_up_to=None, packages_up_to_regex=None, parallel_workers=4, paths=None, symlink_install=False, test_result_base=None, verb_extension=<colcon_core.verb.build.BuildVerb object at 0x7f8b195100>, verb_name='build', verb_parser=<colcon_defaults.argument_parser.defaults.DefaultArgumentsDecorator object at 0x7f8b12c460>)
[1.748s] Level 1:colcon.colcon_core.package_discovery:discover_packages(colcon_meta) check parameters
[1.749s] Level 1:colcon.colcon_core.package_discovery:discover_packages(recursive) check parameters
[1.749s] Level 1:colcon.colcon_core.package_discovery:discover_packages(ignore) check parameters
[1.749s] Level 1:colcon.colcon_core.package_discovery:discover_packages(path) check parameters
[1.749s] Level 1:colcon.colcon_core.package_discovery:discover_packages(colcon_meta) discover
[1.749s] Level 1:colcon.colcon_core.package_discovery:discover_packages(recursive) discover
[1.750s] INFO:colcon.colcon_core.package_discovery:Crawling recursively for packages in '/home/jetson/dogs/ROB498-flight/resources/code/ros2_ws'
[1.750s] Level 1:colcon.colcon_core.package_identification:_identify(.) by extensions ['ignore', 'ignore_ament_install']
[1.751s] Level 1:colcon.colcon_core.package_identification:_identify(.) by extension 'ignore'
[1.751s] Level 1:colcon.colcon_core.package_identification:_identify(.) by extension 'ignore_ament_install'
[1.751s] Level 1:colcon.colcon_core.package_identification:_identify(.) by extensions ['colcon_pkg']
[1.751s] Level 1:colcon.colcon_core.package_identification:_identify(.) by extension 'colcon_pkg'
[1.751s] Level 1:colcon.colcon_core.package_identification:_identify(.) by extensions ['colcon_meta']
[1.751s] Level 1:colcon.colcon_core.package_identification:_identify(.) by extension 'colcon_meta'
[1.752s] Level 1:colcon.colcon_core.package_identification:_identify(.) by extensions ['ros']
[1.752s] Level 1:colcon.colcon_core.package_identification:_identify(.) by extension 'ros'
[1.802s] Level 1:colcon.colcon_core.package_identification:_identify(.) by extensions ['cmake', 'python']
[1.802s] Level 1:colcon.colcon_core.package_identification:_identify(.) by extension 'cmake'
[1.802s] Level 1:colcon.colcon_core.package_identification:_identify(.) by extension 'python'
[1.802s] Level 1:colcon.colcon_core.package_identification:_identify(.) by extensions ['python_setup_py']
[1.803s] Level 1:colcon.colcon_core.package_identification:_identify(.) by extension 'python_setup_py'
[1.803s] Level 1:colcon.colcon_core.package_identification:_identify(build) by extensions ['ignore', 'ignore_ament_install']
[1.803s] Level 1:colcon.colcon_core.package_identification:_identify(build) by extension 'ignore'
[1.804s] Level 1:colcon.colcon_core.package_identification:_identify(build) ignored
[1.804s] Level 1:colcon.colcon_core.package_identification:_identify(install) by extensions ['ignore', 'ignore_ament_install']
[1.804s] Level 1:colcon.colcon_core.package_identification:_identify(install) by extension 'ignore'
[1.805s] Level 1:colcon.colcon_core.package_identification:_identify(install) ignored
[1.805s] Level 1:colcon.colcon_core.package_identification:_identify(log) by extensions ['ignore', 'ignore_ament_install']
[1.805s] Level 1:colcon.colcon_core.package_identification:_identify(log) by extension 'ignore'
[1.806s] Level 1:colcon.colcon_core.package_identification:_identify(log) ignored
[1.806s] Level 1:colcon.colcon_core.package_identification:_identify(src) by extensions ['ignore', 'ignore_ament_install']
[1.806s] Level 1:colcon.colcon_core.package_identification:_identify(src) by extension 'ignore'
[1.806s] Level 1:colcon.colcon_core.package_identification:_identify(src) by extension 'ignore_ament_install'
[1.807s] Level 1:colcon.colcon_core.package_identification:_identify(src) by extensions ['colcon_pkg']
[1.807s] Level 1:colcon.colcon_core.package_identification:_identify(src) by extension 'colcon_pkg'
[1.807s] Level 1:colcon.colcon_core.package_identification:_identify(src) by extensions ['colcon_meta']
[1.807s] Level 1:colcon.colcon_core.package_identification:_identify(src) by extension 'colcon_meta'
[1.807s] Level 1:colcon.colcon_core.package_identification:_identify(src) by extensions ['ros']
[1.807s] Level 1:colcon.colcon_core.package_identification:_identify(src) by extension 'ros'
[1.808s] Level 1:colcon.colcon_core.package_identification:_identify(src) by extensions ['cmake', 'python']
[1.808s] Level 1:colcon.colcon_core.package_identification:_identify(src) by extension 'cmake'
[1.808s] Level 1:colcon.colcon_core.package_identification:_identify(src) by extension 'python'
[1.808s] Level 1:colcon.colcon_core.package_identification:_identify(src) by extensions ['python_setup_py']
[1.808s] Level 1:colcon.colcon_core.package_identification:_identify(src) by extension 'python_setup_py'
[1.809s] Level 1:colcon.colcon_core.package_identification:_identify(src/px4_autonomy_modules) by extensions ['ignore', 'ignore_ament_install']
[1.809s] Level 1:colcon.colcon_core.package_identification:_identify(src/px4_autonomy_modules) by extension 'ignore'
[1.809s] Level 1:colcon.colcon_core.package_identification:_identify(src/px4_autonomy_modules) by extension 'ignore_ament_install'
[1.809s] Level 1:colcon.colcon_core.package_identification:_identify(src/px4_autonomy_modules) by extensions ['colcon_pkg']
[1.810s] Level 1:colcon.colcon_core.package_identification:_identify(src/px4_autonomy_modules) by extension 'colcon_pkg'
[1.810s] Level 1:colcon.colcon_core.package_identification:_identify(src/px4_autonomy_modules) by extensions ['colcon_meta']
[1.810s] Level 1:colcon.colcon_core.package_identification:_identify(src/px4_autonomy_modules) by extension 'colcon_meta'
[1.810s] Level 1:colcon.colcon_core.package_identification:_identify(src/px4_autonomy_modules) by extensions ['ros']
[1.810s] Level 1:colcon.colcon_core.package_identification:_identify(src/px4_autonomy_modules) by extension 'ros'
[1.862s] DEBUG:colcon.colcon_core.package_identification:Package 'src/px4_autonomy_modules' with type 'ros.ament_cmake' and name 'px4_autonomy_modules'
[1.863s] Level 1:colcon.colcon_core.package_discovery:discover_packages(recursive) using defaults
[1.863s] Level 1:colcon.colcon_core.package_discovery:discover_packages(ignore) discover
[1.863s] Level 1:colcon.colcon_core.package_discovery:discover_packages(ignore) using defaults
[1.863s] Level 1:colcon.colcon_core.package_discovery:discover_packages(path) discover
[1.863s] Level 1:colcon.colcon_core.package_discovery:discover_packages(path) using defaults
[1.939s] Level 1:colcon.colcon_core.package_discovery:discover_packages(prefix_path) check parameters
[1.939s] Level 1:colcon.colcon_core.package_discovery:discover_packages(prefix_path) discover
[1.946s] DEBUG:colcon.colcon_installed_package_information.package_discovery:Found 1 installed packages in /home/jetson/dogs/ROB498-flight/resources/code/ros2_ws/install
[1.952s] DEBUG:colcon.colcon_installed_package_information.package_discovery:Found 266 installed packages in /opt/ros/foxy
[1.961s] Level 1:colcon.colcon_core.package_discovery:discover_packages(prefix_path) using defaults
[2.256s] Level 5:colcon.colcon_core.verb:set package 'px4_autonomy_modules' build argument 'cmake_args' from command line to 'None'
[2.256s] Level 5:colcon.colcon_core.verb:set package 'px4_autonomy_modules' build argument 'cmake_target' from command line to 'None'
[2.257s] Level 5:colcon.colcon_core.verb:set package 'px4_autonomy_modules' build argument 'cmake_target_skip_unavailable' from command line to 'False'
[2.257s] Level 5:colcon.colcon_core.verb:set package 'px4_autonomy_modules' build argument 'cmake_clean_cache' from command line to 'False'
[2.257s] Level 5:colcon.colcon_core.verb:set package 'px4_autonomy_modules' build argument 'cmake_clean_first' from command line to 'False'
[2.257s] Level 5:colcon.colcon_core.verb:set package 'px4_autonomy_modules' build argument 'cmake_force_configure' from command line to 'False'
[2.257s] Level 5:colcon.colcon_core.verb:set package 'px4_autonomy_modules' build argument 'ament_cmake_args' from command line to 'None'
[2.257s] Level 5:colcon.colcon_core.verb:set package 'px4_autonomy_modules' build argument 'catkin_cmake_args' from command line to 'None'
[2.257s] Level 5:colcon.colcon_core.verb:set package 'px4_autonomy_modules' build argument 'catkin_skip_building_tests' from command line to 'False'
[2.258s] DEBUG:colcon.colcon_core.verb:Building package 'px4_autonomy_modules' with the following arguments: {'ament_cmake_args': None, 'build_base': '/home/jetson/dogs/ROB498-flight/resources/code/ros2_ws/build/px4_autonomy_modules', 'catkin_cmake_args': None, 'catkin_skip_building_tests': False, 'cmake_args': None, 'cmake_clean_cache': False, 'cmake_clean_first': False, 'cmake_force_configure': False, 'cmake_target': None, 'cmake_target_skip_unavailable': False, 'install_base': '/home/jetson/dogs/ROB498-flight/resources/code/ros2_ws/install/px4_autonomy_modules', 'merge_install': False, 'path': '/home/jetson/dogs/ROB498-flight/resources/code/ros2_ws/src/px4_autonomy_modules', 'symlink_install': False, 'test_result_base': None}
[2.258s] INFO:colcon.colcon_core.executor:Executing jobs using 'parallel' executor
[2.262s] DEBUG:colcon.colcon_parallel_executor.executor.parallel:run_until_complete
[2.262s] INFO:colcon.colcon_ros.task.ament_cmake.build:Building ROS package in '/home/jetson/dogs/ROB498-flight/resources/code/ros2_ws/src/px4_autonomy_modules' with build type 'ament_cmake'
[2.263s] INFO:colcon.colcon_cmake.task.cmake.build:Building CMake package in '/home/jetson/dogs/ROB498-flight/resources/code/ros2_ws/src/px4_autonomy_modules'
[2.271s] INFO:colcon.colcon_core.plugin_system:Skipping extension 'colcon_core.shell.bat': Not used on non-Windows systems
[2.272s] INFO:colcon.colcon_core.shell:Skip shell extension 'powershell' for command environment: Not usable outside of PowerShell
[2.272s] DEBUG:colcon.colcon_core.shell:Skip shell extension 'dsv' for command environment
[2.306s] DEBUG:colcon.colcon_core.event_handler.log_command:Invoking command in '/home/jetson/dogs/ROB498-flight/resources/code/ros2_ws/build/px4_autonomy_modules': CMAKE_PREFIX_PATH=${CMAKE_PREFIX_PATH}:/opt/ros/foxy /usr/bin/cmake /home/jetson/dogs/ROB498-flight/resources/code/ros2_ws/src/px4_autonomy_modules -DCMAKE_INSTALL_PREFIX=/home/jetson/dogs/ROB498-flight/resources/code/ros2_ws/install/px4_autonomy_modules
[9.573s] DEBUG:colcon.colcon_core.event_handler.log_command:Invoked command in '/home/jetson/dogs/ROB498-flight/resources/code/ros2_ws/build/px4_autonomy_modules' returned '0': CMAKE_PREFIX_PATH=${CMAKE_PREFIX_PATH}:/opt/ros/foxy /usr/bin/cmake /home/jetson/dogs/ROB498-flight/resources/code/ros2_ws/src/px4_autonomy_modules -DCMAKE_INSTALL_PREFIX=/home/jetson/dogs/ROB498-flight/resources/code/ros2_ws/install/px4_autonomy_modules
[9.583s] DEBUG:colcon.colcon_core.event_handler.log_command:Invoking command in '/home/jetson/dogs/ROB498-flight/resources/code/ros2_ws/build/px4_autonomy_modules': CMAKE_PREFIX_PATH=${CMAKE_PREFIX_PATH}:/opt/ros/foxy /usr/bin/cmake --build /home/jetson/dogs/ROB498-flight/resources/code/ros2_ws/build/px4_autonomy_modules -- -j4 -l4
[13.755s] DEBUG:colcon.colcon_core.event_handler.log_command:Invoked command in '/home/jetson/dogs/ROB498-flight/resources/code/ros2_ws/build/px4_autonomy_modules' returned '0': CMAKE_PREFIX_PATH=${CMAKE_PREFIX_PATH}:/opt/ros/foxy /usr/bin/cmake --build /home/jetson/dogs/ROB498-flight/resources/code/ros2_ws/build/px4_autonomy_modules -- -j4 -l4
[13.881s] DEBUG:colcon.colcon_core.event_handler.log_command:Invoking command in '/home/jetson/dogs/ROB498-flight/resources/code/ros2_ws/build/px4_autonomy_modules': CMAKE_PREFIX_PATH=${CMAKE_PREFIX_PATH}:/opt/ros/foxy /usr/bin/cmake --install /home/jetson/dogs/ROB498-flight/resources/code/ros2_ws/build/px4_autonomy_modules
[13.929s] Level 1:colcon.colcon_core.environment:create_environment_scripts_only(px4_autonomy_modules)
[13.937s] DEBUG:colcon.colcon_core.event_handler.log_command:Invoked command in '/home/jetson/dogs/ROB498-flight/resources/code/ros2_ws/build/px4_autonomy_modules' returned '0': CMAKE_PREFIX_PATH=${CMAKE_PREFIX_PATH}:/opt/ros/foxy /usr/bin/cmake --install /home/jetson/dogs/ROB498-flight/resources/code/ros2_ws/build/px4_autonomy_modules
[13.947s] Level 1:colcon.colcon_core.environment:checking '/home/jetson/dogs/ROB498-flight/resources/code/ros2_ws/install/px4_autonomy_modules' for CMake module files
[13.950s] Level 1:colcon.colcon_core.environment:checking '/home/jetson/dogs/ROB498-flight/resources/code/ros2_ws/install/px4_autonomy_modules' for CMake config files
[13.952s] Level 1:colcon.colcon_core.shell:create_environment_hook('px4_autonomy_modules', 'cmake_prefix_path')
[13.953s] INFO:colcon.colcon_core.shell:Creating environment hook '/home/jetson/dogs/ROB498-flight/resources/code/ros2_ws/install/px4_autonomy_modules/share/px4_autonomy_modules/hook/cmake_prefix_path.ps1'
[13.956s] INFO:colcon.colcon_core.shell:Creating environment descriptor '/home/jetson/dogs/ROB498-flight/resources/code/ros2_ws/install/px4_autonomy_modules/share/px4_autonomy_modules/hook/cmake_prefix_path.dsv'
[13.959s] INFO:colcon.colcon_core.shell:Creating environment hook '/home/jetson/dogs/ROB498-flight/resources/code/ros2_ws/install/px4_autonomy_modules/share/px4_autonomy_modules/hook/cmake_prefix_path.sh'
[13.963s] Level 1:colcon.colcon_core.environment:checking '/home/jetson/dogs/ROB498-flight/resources/code/ros2_ws/install/px4_autonomy_modules/lib'
[13.964s] Level 1:colcon.colcon_core.environment:checking '/home/jetson/dogs/ROB498-flight/resources/code/ros2_ws/install/px4_autonomy_modules/bin'
[13.964s] Level 1:colcon.colcon_core.environment:checking '/home/jetson/dogs/ROB498-flight/resources/code/ros2_ws/install/px4_autonomy_modules/lib/pkgconfig/px4_autonomy_modules.pc'
[13.965s] Level 1:colcon.colcon_core.environment:checking '/home/jetson/dogs/ROB498-flight/resources/code/ros2_ws/install/px4_autonomy_modules/lib/python3.8/site-packages'
[13.966s] Level 1:colcon.colcon_core.environment:checking '/home/jetson/dogs/ROB498-flight/resources/code/ros2_ws/install/px4_autonomy_modules/bin'
[13.967s] INFO:colcon.colcon_core.shell:Creating package script '/home/jetson/dogs/ROB498-flight/resources/code/ros2_ws/install/px4_autonomy_modules/share/px4_autonomy_modules/package.ps1'
[13.971s] INFO:colcon.colcon_core.shell:Creating package descriptor '/home/jetson/dogs/ROB498-flight/resources/code/ros2_ws/install/px4_autonomy_modules/share/px4_autonomy_modules/package.dsv'
[13.974s] INFO:colcon.colcon_core.shell:Creating package script '/home/jetson/dogs/ROB498-flight/resources/code/ros2_ws/install/px4_autonomy_modules/share/px4_autonomy_modules/package.sh'
[13.977s] INFO:colcon.colcon_core.shell:Creating package script '/home/jetson/dogs/ROB498-flight/resources/code/ros2_ws/install/px4_autonomy_modules/share/px4_autonomy_modules/package.bash'
[13.981s] INFO:colcon.colcon_core.shell:Creating package script '/home/jetson/dogs/ROB498-flight/resources/code/ros2_ws/install/px4_autonomy_modules/share/px4_autonomy_modules/package.zsh'
[13.983s] Level 1:colcon.colcon_core.environment:create_file_with_runtime_dependencies(/home/jetson/dogs/ROB498-flight/resources/code/ros2_ws/install/px4_autonomy_modules/share/colcon-core/packages/px4_autonomy_modules)
[14.058s] Level 1:colcon.colcon_core.environment:create_environment_scripts_only(px4_autonomy_modules)
[14.059s] Level 1:colcon.colcon_core.environment:checking '/home/jetson/dogs/ROB498-flight/resources/code/ros2_ws/install/px4_autonomy_modules' for CMake module files
[14.062s] Level 1:colcon.colcon_core.environment:checking '/home/jetson/dogs/ROB498-flight/resources/code/ros2_ws/install/px4_autonomy_modules' for CMake config files
[14.063s] Level 1:colcon.colcon_core.shell:create_environment_hook('px4_autonomy_modules', 'cmake_prefix_path')
[14.065s] INFO:colcon.colcon_core.shell:Creating environment hook '/home/jetson/dogs/ROB498-flight/resources/code/ros2_ws/install/px4_autonomy_modules/share/px4_autonomy_modules/hook/cmake_prefix_path.ps1'
[14.067s] INFO:colcon.colcon_core.shell:Creating environment descriptor '/home/jetson/dogs/ROB498-flight/resources/code/ros2_ws/install/px4_autonomy_modules/share/px4_autonomy_modules/hook/cmake_prefix_path.dsv'
[14.069s] INFO:colcon.colcon_core.shell:Creating environment hook '/home/jetson/dogs/ROB498-flight/resources/code/ros2_ws/install/px4_autonomy_modules/share/px4_autonomy_modules/hook/cmake_prefix_path.sh'
[14.071s] Level 1:colcon.colcon_core.environment:checking '/home/jetson/dogs/ROB498-flight/resources/code/ros2_ws/install/px4_autonomy_modules/lib'
[14.072s] Level 1:colcon.colcon_core.environment:checking '/home/jetson/dogs/ROB498-flight/resources/code/ros2_ws/install/px4_autonomy_modules/bin'
[14.072s] Level 1:colcon.colcon_core.environment:checking '/home/jetson/dogs/ROB498-flight/resources/code/ros2_ws/install/px4_autonomy_modules/lib/pkgconfig/px4_autonomy_modules.pc'
[14.073s] Level 1:colcon.colcon_core.environment:checking '/home/jetson/dogs/ROB498-flight/resources/code/ros2_ws/install/px4_autonomy_modules/lib/python3.8/site-packages'
[14.074s] Level 1:colcon.colcon_core.environment:checking '/home/jetson/dogs/ROB498-flight/resources/code/ros2_ws/install/px4_autonomy_modules/bin'
[14.076s] INFO:colcon.colcon_core.shell:Creating package script '/home/jetson/dogs/ROB498-flight/resources/code/ros2_ws/install/px4_autonomy_modules/share/px4_autonomy_modules/package.ps1'
[14.078s] INFO:colcon.colcon_core.shell:Creating package descriptor '/home/jetson/dogs/ROB498-flight/resources/code/ros2_ws/install/px4_autonomy_modules/share/px4_autonomy_modules/package.dsv'
[14.080s] INFO:colcon.colcon_core.shell:Creating package script '/home/jetson/dogs/ROB498-flight/resources/code/ros2_ws/install/px4_autonomy_modules/share/px4_autonomy_modules/package.sh'
[14.082s] INFO:colcon.colcon_core.shell:Creating package script '/home/jetson/dogs/ROB498-flight/resources/code/ros2_ws/install/px4_autonomy_modules/share/px4_autonomy_modules/package.bash'
[14.084s] INFO:colcon.colcon_core.shell:Creating package script '/home/jetson/dogs/ROB498-flight/resources/code/ros2_ws/install/px4_autonomy_modules/share/px4_autonomy_modules/package.zsh'
[14.085s] Level 1:colcon.colcon_core.environment:create_file_with_runtime_dependencies(/home/jetson/dogs/ROB498-flight/resources/code/ros2_ws/install/px4_autonomy_modules/share/colcon-core/packages/px4_autonomy_modules)
[14.086s] DEBUG:colcon.colcon_parallel_executor.executor.parallel:closing loop
[14.087s] DEBUG:colcon.colcon_parallel_executor.executor.parallel:loop closed
[14.087s] DEBUG:colcon.colcon_parallel_executor.executor.parallel:run_until_complete finished with '0'
[14.088s] DEBUG:colcon.colcon_core.event_reactor:joining thread
[14.110s] INFO:colcon.colcon_core.plugin_system:Skipping extension 'colcon_notification.desktop_notification.terminal_notifier': Not used on non-Darwin systems
[14.110s] INFO:colcon.colcon_core.plugin_system:Skipping extension 'colcon_notification.desktop_notification.win32': Not used on non-Windows systems
[14.111s] INFO:colcon.colcon_notification.desktop_notification:Sending desktop notification using 'notify2'
[14.151s] DEBUG:colcon.colcon_core.event_reactor:joined thread
[14.152s] INFO:colcon.colcon_core.shell:Creating prefix script '/home/jetson/dogs/ROB498-flight/resources/code/ros2_ws/install/local_setup.ps1'
[14.156s] INFO:colcon.colcon_core.shell:Creating prefix util module '/home/jetson/dogs/ROB498-flight/resources/code/ros2_ws/install/_local_setup_util_ps1.py'
[14.162s] INFO:colcon.colcon_core.shell:Creating prefix chain script '/home/jetson/dogs/ROB498-flight/resources/code/ros2_ws/install/setup.ps1'
[14.167s] INFO:colcon.colcon_core.shell:Creating prefix script '/home/jetson/dogs/ROB498-flight/resources/code/ros2_ws/install/local_setup.sh'
[14.169s] INFO:colcon.colcon_core.shell:Creating prefix util module '/home/jetson/dogs/ROB498-flight/resources/code/ros2_ws/install/_local_setup_util_sh.py'
[14.172s] INFO:colcon.colcon_core.shell:Creating prefix chain script '/home/jetson/dogs/ROB498-flight/resources/code/ros2_ws/install/setup.sh'
[14.177s] INFO:colcon.colcon_core.shell:Creating prefix script '/home/jetson/dogs/ROB498-flight/resources/code/ros2_ws/install/local_setup.bash'
[14.180s] INFO:colcon.colcon_core.shell:Creating prefix chain script '/home/jetson/dogs/ROB498-flight/resources/code/ros2_ws/install/setup.bash'
[14.185s] INFO:colcon.colcon_core.shell:Creating prefix script '/home/jetson/dogs/ROB498-flight/resources/code/ros2_ws/install/local_setup.zsh'
[14.188s] INFO:colcon.colcon_core.shell:Creating prefix chain script '/home/jetson/dogs/ROB498-flight/resources/code/ros2_ws/install/setup.zsh'
