[0.855s] DEBUG:colcon:Command line arguments: ['/usr/bin/colcon', 'build']
[0.855s] DEBUG:colcon:Parsed command line arguments: Namespace(allow_overriding=[], ament_cmake_args=None, base_paths=['.'], build_base='build', catkin_cmake_args=None, catkin_skip_building_tests=False, cmake_args=None, cmake_clean_cache=False, cmake_clean_first=False, cmake_force_configure=False, cmake_target=None, cmake_target_skip_unavailable=False, continue_on_error=False, event_handlers=None, executor='parallel', ignore_user_meta=False, install_base='install', log_base=None, log_level=None, main=<bound method BuildVerb.main of <colcon_core.verb.build.BuildVerb object at 0x7f7dd060d0>>, merge_install=False, metas=['./colcon.meta'], packages_above=None, packages_above_and_dependencies=None, packages_above_depth=None, packages_end=None, packages_ignore=None, packages_ignore_regex=None, packages_select=None, packages_select_build_failed=False, packages_select_by_dep=None, packages_select_regex=None, packages_select_test_failures=False, packages_skip=None, packages_skip_build_finished=False, packages_skip_by_dep=None, packages_skip_regex=None, packages_skip_test_passed=False, packages_skip_up_to=None, packages_start=None, packages_up_to=None, packages_up_to_regex=None, parallel_workers=4, paths=None, symlink_install=False, test_result_base=None, verb_extension=<colcon_core.verb.build.BuildVerb object at 0x7f7dd060d0>, verb_name='build', verb_parser=<colcon_defaults.argument_parser.defaults.DefaultArgumentsDecorator object at 0x7f7dc9d430>)
[1.746s] Level 1:colcon.colcon_core.package_discovery:discover_packages(colcon_meta) check parameters
[1.746s] Level 1:colcon.colcon_core.package_discovery:discover_packages(recursive) check parameters
[1.746s] Level 1:colcon.colcon_core.package_discovery:discover_packages(ignore) check parameters
[1.746s] Level 1:colcon.colcon_core.package_discovery:discover_packages(path) check parameters
[1.747s] Level 1:colcon.colcon_core.package_discovery:discover_packages(colcon_meta) discover
[1.747s] Level 1:colcon.colcon_core.package_discovery:discover_packages(recursive) discover
[1.747s] INFO:colcon.colcon_core.package_discovery:Crawling recursively for packages in '/home/jetson/dogs/ROB498-flight/resources/code/ros2_ws/src/px4_autonomy_modules'
[1.747s] Level 1:colcon.colcon_core.package_identification:_identify(.) by extensions ['ignore', 'ignore_ament_install']
[1.748s] Level 1:colcon.colcon_core.package_identification:_identify(.) by extension 'ignore'
[1.748s] Level 1:colcon.colcon_core.package_identification:_identify(.) by extension 'ignore_ament_install'
[1.748s] Level 1:colcon.colcon_core.package_identification:_identify(.) by extensions ['colcon_pkg']
[1.748s] Level 1:colcon.colcon_core.package_identification:_identify(.) by extension 'colcon_pkg'
[1.749s] Level 1:colcon.colcon_core.package_identification:_identify(.) by extensions ['colcon_meta']
[1.749s] Level 1:colcon.colcon_core.package_identification:_identify(.) by extension 'colcon_meta'
[1.749s] Level 1:colcon.colcon_core.package_identification:_identify(.) by extensions ['ros']
[1.749s] Level 1:colcon.colcon_core.package_identification:_identify(.) by extension 'ros'
[1.851s] DEBUG:colcon.colcon_core.package_identification:Package '.' with type 'ros.ament_cmake' and name 'px4_autonomy_modules'
[1.851s] Level 1:colcon.colcon_core.package_discovery:discover_packages(recursive) using defaults
[1.851s] Level 1:colcon.colcon_core.package_discovery:discover_packages(ignore) discover
[1.852s] Level 1:colcon.colcon_core.package_discovery:discover_packages(ignore) using defaults
[1.852s] Level 1:colcon.colcon_core.package_discovery:discover_packages(path) discover
[1.852s] Level 1:colcon.colcon_core.package_discovery:discover_packages(path) using defaults
[1.927s] Level 1:colcon.colcon_core.package_discovery:discover_packages(prefix_path) check parameters
[1.927s] Level 1:colcon.colcon_core.package_discovery:discover_packages(prefix_path) discover
[1.934s] DEBUG:colcon.colcon_installed_package_information.package_discovery:Found 1 installed packages in /home/jetson/dogs/ROB498-flight/resources/code/ros2_ws/install
[1.940s] DEBUG:colcon.colcon_installed_package_information.package_discovery:Found 266 installed packages in /opt/ros/foxy
[1.949s] Level 1:colcon.colcon_core.package_discovery:discover_packages(prefix_path) using defaults
[2.248s] Level 5:colcon.colcon_core.verb:set package 'px4_autonomy_modules' build argument 'cmake_args' from command line to 'None'
[2.248s] Level 5:colcon.colcon_core.verb:set package 'px4_autonomy_modules' build argument 'cmake_target' from command line to 'None'
[2.248s] Level 5:colcon.colcon_core.verb:set package 'px4_autonomy_modules' build argument 'cmake_target_skip_unavailable' from command line to 'False'
[2.249s] Level 5:colcon.colcon_core.verb:set package 'px4_autonomy_modules' build argument 'cmake_clean_cache' from command line to 'False'
[2.249s] Level 5:colcon.colcon_core.verb:set package 'px4_autonomy_modules' build argument 'cmake_clean_first' from command line to 'False'
[2.249s] Level 5:colcon.colcon_core.verb:set package 'px4_autonomy_modules' build argument 'cmake_force_configure' from command line to 'False'
[2.249s] Level 5:colcon.colcon_core.verb:set package 'px4_autonomy_modules' build argument 'ament_cmake_args' from command line to 'None'
[2.249s] Level 5:colcon.colcon_core.verb:set package 'px4_autonomy_modules' build argument 'catkin_cmake_args' from command line to 'None'
[2.249s] Level 5:colcon.colcon_core.verb:set package 'px4_autonomy_modules' build argument 'catkin_skip_building_tests' from command line to 'False'
[2.249s] DEBUG:colcon.colcon_core.verb:Building package 'px4_autonomy_modules' with the following arguments: {'ament_cmake_args': None, 'build_base': '/home/jetson/dogs/ROB498-flight/resources/code/ros2_ws/src/px4_autonomy_modules/build/px4_autonomy_modules', 'catkin_cmake_args': None, 'catkin_skip_building_tests': False, 'cmake_args': None, 'cmake_clean_cache': False, 'cmake_clean_first': False, 'cmake_force_configure': False, 'cmake_target': None, 'cmake_target_skip_unavailable': False, 'install_base': '/home/jetson/dogs/ROB498-flight/resources/code/ros2_ws/src/px4_autonomy_modules/install/px4_autonomy_modules', 'merge_install': False, 'path': '/home/jetson/dogs/ROB498-flight/resources/code/ros2_ws/src/px4_autonomy_modules', 'symlink_install': False, 'test_result_base': None}
[2.250s] INFO:colcon.colcon_core.executor:Executing jobs using 'parallel' executor
[2.253s] DEBUG:colcon.colcon_parallel_executor.executor.parallel:run_until_complete
[2.254s] INFO:colcon.colcon_ros.task.ament_cmake.build:Building ROS package in '/home/jetson/dogs/ROB498-flight/resources/code/ros2_ws/src/px4_autonomy_modules' with build type 'ament_cmake'
[2.254s] INFO:colcon.colcon_cmake.task.cmake.build:Building CMake package in '/home/jetson/dogs/ROB498-flight/resources/code/ros2_ws/src/px4_autonomy_modules'
[2.263s] INFO:colcon.colcon_core.plugin_system:Skipping extension 'colcon_core.shell.bat': Not used on non-Windows systems
[2.263s] INFO:colcon.colcon_core.shell:Skip shell extension 'powershell' for command environment: Not usable outside of PowerShell
[2.264s] DEBUG:colcon.colcon_core.shell:Skip shell extension 'dsv' for command environment
[2.304s] DEBUG:colcon.colcon_core.event_handler.log_command:Invoking command in '/home/jetson/dogs/ROB498-flight/resources/code/ros2_ws/src/px4_autonomy_modules/build/px4_autonomy_modules': CMAKE_PREFIX_PATH=${CMAKE_PREFIX_PATH}:/opt/ros/foxy /usr/bin/cmake --build /home/jetson/dogs/ROB498-flight/resources/code/ros2_ws/src/px4_autonomy_modules/build/px4_autonomy_modules -- -j4 -l4
[6.384s] DEBUG:colcon.colcon_core.event_handler.log_command:Invoked command in '/home/jetson/dogs/ROB498-flight/resources/code/ros2_ws/src/px4_autonomy_modules/build/px4_autonomy_modules' returned '0': CMAKE_PREFIX_PATH=${CMAKE_PREFIX_PATH}:/opt/ros/foxy /usr/bin/cmake --build /home/jetson/dogs/ROB498-flight/resources/code/ros2_ws/src/px4_autonomy_modules/build/px4_autonomy_modules -- -j4 -l4
[6.505s] DEBUG:colcon.colcon_core.event_handler.log_command:Invoking command in '/home/jetson/dogs/ROB498-flight/resources/code/ros2_ws/src/px4_autonomy_modules/build/px4_autonomy_modules': CMAKE_PREFIX_PATH=${CMAKE_PREFIX_PATH}:/opt/ros/foxy /usr/bin/cmake --install /home/jetson/dogs/ROB498-flight/resources/code/ros2_ws/src/px4_autonomy_modules/build/px4_autonomy_modules
[6.547s] Level 1:colcon.colcon_core.environment:create_environment_scripts_only(px4_autonomy_modules)
[6.550s] DEBUG:colcon.colcon_core.event_handler.log_command:Invoked command in '/home/jetson/dogs/ROB498-flight/resources/code/ros2_ws/src/px4_autonomy_modules/build/px4_autonomy_modules' returned '0': CMAKE_PREFIX_PATH=${CMAKE_PREFIX_PATH}:/opt/ros/foxy /usr/bin/cmake --install /home/jetson/dogs/ROB498-flight/resources/code/ros2_ws/src/px4_autonomy_modules/build/px4_autonomy_modules
[6.558s] Level 1:colcon.colcon_core.environment:checking '/home/jetson/dogs/ROB498-flight/resources/code/ros2_ws/src/px4_autonomy_modules/install/px4_autonomy_modules' for CMake module files
[6.561s] Level 1:colcon.colcon_core.environment:checking '/home/jetson/dogs/ROB498-flight/resources/code/ros2_ws/src/px4_autonomy_modules/install/px4_autonomy_modules' for CMake config files
[6.562s] Level 1:colcon.colcon_core.shell:create_environment_hook('px4_autonomy_modules', 'cmake_prefix_path')
[6.563s] INFO:colcon.colcon_core.shell:Creating environment hook '/home/jetson/dogs/ROB498-flight/resources/code/ros2_ws/src/px4_autonomy_modules/install/px4_autonomy_modules/share/px4_autonomy_modules/hook/cmake_prefix_path.ps1'
[6.566s] INFO:colcon.colcon_core.shell:Creating environment descriptor '/home/jetson/dogs/ROB498-flight/resources/code/ros2_ws/src/px4_autonomy_modules/install/px4_autonomy_modules/share/px4_autonomy_modules/hook/cmake_prefix_path.dsv'
[6.568s] INFO:colcon.colcon_core.shell:Creating environment hook '/home/jetson/dogs/ROB498-flight/resources/code/ros2_ws/src/px4_autonomy_modules/install/px4_autonomy_modules/share/px4_autonomy_modules/hook/cmake_prefix_path.sh'
[6.572s] Level 1:colcon.colcon_core.environment:checking '/home/jetson/dogs/ROB498-flight/resources/code/ros2_ws/src/px4_autonomy_modules/install/px4_autonomy_modules/lib'
[6.573s] Level 1:colcon.colcon_core.environment:checking '/home/jetson/dogs/ROB498-flight/resources/code/ros2_ws/src/px4_autonomy_modules/install/px4_autonomy_modules/bin'
[6.573s] Level 1:colcon.colcon_core.environment:checking '/home/jetson/dogs/ROB498-flight/resources/code/ros2_ws/src/px4_autonomy_modules/install/px4_autonomy_modules/lib/pkgconfig/px4_autonomy_modules.pc'
[6.574s] Level 1:colcon.colcon_core.environment:checking '/home/jetson/dogs/ROB498-flight/resources/code/ros2_ws/src/px4_autonomy_modules/install/px4_autonomy_modules/lib/python3.8/site-packages'
[6.575s] Level 1:colcon.colcon_core.environment:checking '/home/jetson/dogs/ROB498-flight/resources/code/ros2_ws/src/px4_autonomy_modules/install/px4_autonomy_modules/bin'
[6.576s] INFO:colcon.colcon_core.shell:Creating package script '/home/jetson/dogs/ROB498-flight/resources/code/ros2_ws/src/px4_autonomy_modules/install/px4_autonomy_modules/share/px4_autonomy_modules/package.ps1'
[6.580s] INFO:colcon.colcon_core.shell:Creating package descriptor '/home/jetson/dogs/ROB498-flight/resources/code/ros2_ws/src/px4_autonomy_modules/install/px4_autonomy_modules/share/px4_autonomy_modules/package.dsv'
[6.582s] INFO:colcon.colcon_core.shell:Creating package script '/home/jetson/dogs/ROB498-flight/resources/code/ros2_ws/src/px4_autonomy_modules/install/px4_autonomy_modules/share/px4_autonomy_modules/package.sh'
[6.585s] INFO:colcon.colcon_core.shell:Creating package script '/home/jetson/dogs/ROB498-flight/resources/code/ros2_ws/src/px4_autonomy_modules/install/px4_autonomy_modules/share/px4_autonomy_modules/package.bash'
[6.588s] INFO:colcon.colcon_core.shell:Creating package script '/home/jetson/dogs/ROB498-flight/resources/code/ros2_ws/src/px4_autonomy_modules/install/px4_autonomy_modules/share/px4_autonomy_modules/package.zsh'
[6.591s] Level 1:colcon.colcon_core.environment:create_file_with_runtime_dependencies(/home/jetson/dogs/ROB498-flight/resources/code/ros2_ws/src/px4_autonomy_modules/install/px4_autonomy_modules/share/colcon-core/packages/px4_autonomy_modules)
[6.664s] Level 1:colcon.colcon_core.environment:create_environment_scripts_only(px4_autonomy_modules)
[6.666s] Level 1:colcon.colcon_core.environment:checking '/home/jetson/dogs/ROB498-flight/resources/code/ros2_ws/src/px4_autonomy_modules/install/px4_autonomy_modules' for CMake module files
[6.668s] Level 1:colcon.colcon_core.environment:checking '/home/jetson/dogs/ROB498-flight/resources/code/ros2_ws/src/px4_autonomy_modules/install/px4_autonomy_modules' for CMake config files
[6.669s] Level 1:colcon.colcon_core.shell:create_environment_hook('px4_autonomy_modules', 'cmake_prefix_path')
[6.671s] INFO:colcon.colcon_core.shell:Creating environment hook '/home/jetson/dogs/ROB498-flight/resources/code/ros2_ws/src/px4_autonomy_modules/install/px4_autonomy_modules/share/px4_autonomy_modules/hook/cmake_prefix_path.ps1'
[6.672s] INFO:colcon.colcon_core.shell:Creating environment descriptor '/home/jetson/dogs/ROB498-flight/resources/code/ros2_ws/src/px4_autonomy_modules/install/px4_autonomy_modules/share/px4_autonomy_modules/hook/cmake_prefix_path.dsv'
[6.674s] INFO:colcon.colcon_core.shell:Creating environment hook '/home/jetson/dogs/ROB498-flight/resources/code/ros2_ws/src/px4_autonomy_modules/install/px4_autonomy_modules/share/px4_autonomy_modules/hook/cmake_prefix_path.sh'
[6.676s] Level 1:colcon.colcon_core.environment:checking '/home/jetson/dogs/ROB498-flight/resources/code/ros2_ws/src/px4_autonomy_modules/install/px4_autonomy_modules/lib'
[6.676s] Level 1:colcon.colcon_core.environment:checking '/home/jetson/dogs/ROB498-flight/resources/code/ros2_ws/src/px4_autonomy_modules/install/px4_autonomy_modules/bin'
[6.677s] Level 1:colcon.colcon_core.environment:checking '/home/jetson/dogs/ROB498-flight/resources/code/ros2_ws/src/px4_autonomy_modules/install/px4_autonomy_modules/lib/pkgconfig/px4_autonomy_modules.pc'
[6.678s] Level 1:colcon.colcon_core.environment:checking '/home/jetson/dogs/ROB498-flight/resources/code/ros2_ws/src/px4_autonomy_modules/install/px4_autonomy_modules/lib/python3.8/site-packages'
[6.679s] Level 1:colcon.colcon_core.environment:checking '/home/jetson/dogs/ROB498-flight/resources/code/ros2_ws/src/px4_autonomy_modules/install/px4_autonomy_modules/bin'
[6.680s] INFO:colcon.colcon_core.shell:Creating package script '/home/jetson/dogs/ROB498-flight/resources/code/ros2_ws/src/px4_autonomy_modules/install/px4_autonomy_modules/share/px4_autonomy_modules/package.ps1'
[6.683s] INFO:colcon.colcon_core.shell:Creating package descriptor '/home/jetson/dogs/ROB498-flight/resources/code/ros2_ws/src/px4_autonomy_modules/install/px4_autonomy_modules/share/px4_autonomy_modules/package.dsv'
[6.685s] INFO:colcon.colcon_core.shell:Creating package script '/home/jetson/dogs/ROB498-flight/resources/code/ros2_ws/src/px4_autonomy_modules/install/px4_autonomy_modules/share/px4_autonomy_modules/package.sh'
[6.687s] INFO:colcon.colcon_core.shell:Creating package script '/home/jetson/dogs/ROB498-flight/resources/code/ros2_ws/src/px4_autonomy_modules/install/px4_autonomy_modules/share/px4_autonomy_modules/package.bash'
[6.688s] INFO:colcon.colcon_core.shell:Creating package script '/home/jetson/dogs/ROB498-flight/resources/code/ros2_ws/src/px4_autonomy_modules/install/px4_autonomy_modules/share/px4_autonomy_modules/package.zsh'
[6.690s] Level 1:colcon.colcon_core.environment:create_file_with_runtime_dependencies(/home/jetson/dogs/ROB498-flight/resources/code/ros2_ws/src/px4_autonomy_modules/install/px4_autonomy_modules/share/colcon-core/packages/px4_autonomy_modules)
[6.691s] DEBUG:colcon.colcon_parallel_executor.executor.parallel:closing loop
[6.692s] DEBUG:colcon.colcon_parallel_executor.executor.parallel:loop closed
[6.693s] DEBUG:colcon.colcon_parallel_executor.executor.parallel:run_until_complete finished with '0'
[6.693s] DEBUG:colcon.colcon_core.event_reactor:joining thread
[6.714s] INFO:colcon.colcon_core.plugin_system:Skipping extension 'colcon_notification.desktop_notification.terminal_notifier': Not used on non-Darwin systems
[6.715s] INFO:colcon.colcon_core.plugin_system:Skipping extension 'colcon_notification.desktop_notification.win32': Not used on non-Windows systems
[6.715s] INFO:colcon.colcon_notification.desktop_notification:Sending desktop notification using 'notify2'
[6.781s] DEBUG:colcon.colcon_core.event_reactor:joined thread
[6.783s] INFO:colcon.colcon_core.shell:Creating prefix script '/home/jetson/dogs/ROB498-flight/resources/code/ros2_ws/src/px4_autonomy_modules/install/local_setup.ps1'
[6.787s] INFO:colcon.colcon_core.shell:Creating prefix util module '/home/jetson/dogs/ROB498-flight/resources/code/ros2_ws/src/px4_autonomy_modules/install/_local_setup_util_ps1.py'
[6.794s] INFO:colcon.colcon_core.shell:Creating prefix chain script '/home/jetson/dogs/ROB498-flight/resources/code/ros2_ws/src/px4_autonomy_modules/install/setup.ps1'
[6.800s] INFO:colcon.colcon_core.shell:Creating prefix script '/home/jetson/dogs/ROB498-flight/resources/code/ros2_ws/src/px4_autonomy_modules/install/local_setup.sh'
[6.803s] INFO:colcon.colcon_core.shell:Creating prefix util module '/home/jetson/dogs/ROB498-flight/resources/code/ros2_ws/src/px4_autonomy_modules/install/_local_setup_util_sh.py'
[6.806s] INFO:colcon.colcon_core.shell:Creating prefix chain script '/home/jetson/dogs/ROB498-flight/resources/code/ros2_ws/src/px4_autonomy_modules/install/setup.sh'
[6.812s] INFO:colcon.colcon_core.shell:Creating prefix script '/home/jetson/dogs/ROB498-flight/resources/code/ros2_ws/src/px4_autonomy_modules/install/local_setup.bash'
[6.814s] INFO:colcon.colcon_core.shell:Creating prefix chain script '/home/jetson/dogs/ROB498-flight/resources/code/ros2_ws/src/px4_autonomy_modules/install/setup.bash'
[6.819s] INFO:colcon.colcon_core.shell:Creating prefix script '/home/jetson/dogs/ROB498-flight/resources/code/ros2_ws/src/px4_autonomy_modules/install/local_setup.zsh'
[6.823s] INFO:colcon.colcon_core.shell:Creating prefix chain script '/home/jetson/dogs/ROB498-flight/resources/code/ros2_ws/src/px4_autonomy_modules/install/setup.zsh'
