[0.910s] DEBUG:colcon:Command line arguments: ['/usr/bin/colcon', 'build']
[0.910s] DEBUG:colcon:Parsed command line arguments: Namespace(allow_overriding=[], ament_cmake_args=None, base_paths=['.'], build_base='build', catkin_cmake_args=None, catkin_skip_building_tests=False, cmake_args=None, cmake_clean_cache=False, cmake_clean_first=False, cmake_force_configure=False, cmake_target=None, cmake_target_skip_unavailable=False, continue_on_error=False, event_handlers=None, executor='parallel', ignore_user_meta=False, install_base='install', log_base=None, log_level=None, main=<bound method BuildVerb.main of <colcon_core.verb.build.BuildVerb object at 0x7fa555a970>>, merge_install=False, metas=['./colcon.meta'], packages_above=None, packages_above_and_dependencies=None, packages_above_depth=None, packages_end=None, packages_ignore=None, packages_ignore_regex=None, packages_select=None, packages_select_build_failed=False, packages_select_by_dep=None, packages_select_regex=None, packages_select_test_failures=False, packages_skip=None, packages_skip_build_finished=False, packages_skip_by_dep=None, packages_skip_regex=None, packages_skip_test_passed=False, packages_skip_up_to=None, packages_start=None, packages_up_to=None, packages_up_to_regex=None, parallel_workers=4, paths=None, symlink_install=False, test_result_base=None, verb_extension=<colcon_core.verb.build.BuildVerb object at 0x7fa555a970>, verb_name='build', verb_parser=<colcon_defaults.argument_parser.defaults.DefaultArgumentsDecorator object at 0x7fa54edf40>)
[1.840s] Level 1:colcon.colcon_core.package_discovery:discover_packages(colcon_meta) check parameters
[1.840s] Level 1:colcon.colcon_core.package_discovery:discover_packages(recursive) check parameters
[1.841s] Level 1:colcon.colcon_core.package_discovery:discover_packages(ignore) check parameters
[1.841s] Level 1:colcon.colcon_core.package_discovery:discover_packages(path) check parameters
[1.841s] Level 1:colcon.colcon_core.package_discovery:discover_packages(colcon_meta) discover
[1.841s] Level 1:colcon.colcon_core.package_discovery:discover_packages(recursive) discover
[1.841s] INFO:colcon.colcon_core.package_discovery:Crawling recursively for packages in '/home/jetson/ros2_ws'
[1.842s] Level 1:colcon.colcon_core.package_identification:_identify(.) by extensions ['ignore', 'ignore_ament_install']
[1.842s] Level 1:colcon.colcon_core.package_identification:_identify(.) by extension 'ignore'
[1.843s] Level 1:colcon.colcon_core.package_identification:_identify(.) by extension 'ignore_ament_install'
[1.843s] Level 1:colcon.colcon_core.package_identification:_identify(.) by extensions ['colcon_pkg']
[1.843s] Level 1:colcon.colcon_core.package_identification:_identify(.) by extension 'colcon_pkg'
[1.844s] Level 1:colcon.colcon_core.package_identification:_identify(.) by extensions ['colcon_meta']
[1.844s] Level 1:colcon.colcon_core.package_identification:_identify(.) by extension 'colcon_meta'
[1.844s] Level 1:colcon.colcon_core.package_identification:_identify(.) by extensions ['ros']
[1.844s] Level 1:colcon.colcon_core.package_identification:_identify(.) by extension 'ros'
[1.897s] Level 1:colcon.colcon_core.package_identification:_identify(.) by extensions ['cmake', 'python']
[1.898s] Level 1:colcon.colcon_core.package_identification:_identify(.) by extension 'cmake'
[1.898s] Level 1:colcon.colcon_core.package_identification:_identify(.) by extension 'python'
[1.898s] Level 1:colcon.colcon_core.package_identification:_identify(.) by extensions ['python_setup_py']
[1.898s] Level 1:colcon.colcon_core.package_identification:_identify(.) by extension 'python_setup_py'
[1.899s] Level 1:colcon.colcon_core.package_identification:_identify(build) by extensions ['ignore', 'ignore_ament_install']
[1.899s] Level 1:colcon.colcon_core.package_identification:_identify(build) by extension 'ignore'
[1.900s] Level 1:colcon.colcon_core.package_identification:_identify(build) ignored
[1.900s] Level 1:colcon.colcon_core.package_identification:_identify(install) by extensions ['ignore', 'ignore_ament_install']
[1.901s] Level 1:colcon.colcon_core.package_identification:_identify(install) by extension 'ignore'
[1.901s] Level 1:colcon.colcon_core.package_identification:_identify(install) ignored
[1.902s] Level 1:colcon.colcon_core.package_identification:_identify(log) by extensions ['ignore', 'ignore_ament_install']
[1.902s] Level 1:colcon.colcon_core.package_identification:_identify(log) by extension 'ignore'
[1.903s] Level 1:colcon.colcon_core.package_identification:_identify(log) ignored
[1.903s] Level 1:colcon.colcon_core.package_identification:_identify(src) by extensions ['ignore', 'ignore_ament_install']
[1.903s] Level 1:colcon.colcon_core.package_identification:_identify(src) by extension 'ignore'
[1.904s] Level 1:colcon.colcon_core.package_identification:_identify(src) by extension 'ignore_ament_install'
[1.904s] Level 1:colcon.colcon_core.package_identification:_identify(src) by extensions ['colcon_pkg']
[1.904s] Level 1:colcon.colcon_core.package_identification:_identify(src) by extension 'colcon_pkg'
[1.904s] Level 1:colcon.colcon_core.package_identification:_identify(src) by extensions ['colcon_meta']
[1.904s] Level 1:colcon.colcon_core.package_identification:_identify(src) by extension 'colcon_meta'
[1.904s] Level 1:colcon.colcon_core.package_identification:_identify(src) by extensions ['ros']
[1.905s] Level 1:colcon.colcon_core.package_identification:_identify(src) by extension 'ros'
[1.905s] Level 1:colcon.colcon_core.package_identification:_identify(src) by extensions ['cmake', 'python']
[1.905s] Level 1:colcon.colcon_core.package_identification:_identify(src) by extension 'cmake'
[1.905s] Level 1:colcon.colcon_core.package_identification:_identify(src) by extension 'python'
[1.905s] Level 1:colcon.colcon_core.package_identification:_identify(src) by extensions ['python_setup_py']
[1.906s] Level 1:colcon.colcon_core.package_identification:_identify(src) by extension 'python_setup_py'
[1.906s] Level 1:colcon.colcon_core.package_identification:_identify(src/px4_autonomy_modules) by extensions ['ignore', 'ignore_ament_install']
[1.906s] Level 1:colcon.colcon_core.package_identification:_identify(src/px4_autonomy_modules) by extension 'ignore'
[1.907s] Level 1:colcon.colcon_core.package_identification:_identify(src/px4_autonomy_modules) by extension 'ignore_ament_install'
[1.907s] Level 1:colcon.colcon_core.package_identification:_identify(src/px4_autonomy_modules) by extensions ['colcon_pkg']
[1.907s] Level 1:colcon.colcon_core.package_identification:_identify(src/px4_autonomy_modules) by extension 'colcon_pkg'
[1.907s] Level 1:colcon.colcon_core.package_identification:_identify(src/px4_autonomy_modules) by extensions ['colcon_meta']
[1.907s] Level 1:colcon.colcon_core.package_identification:_identify(src/px4_autonomy_modules) by extension 'colcon_meta'
[1.908s] Level 1:colcon.colcon_core.package_identification:_identify(src/px4_autonomy_modules) by extensions ['ros']
[1.908s] Level 1:colcon.colcon_core.package_identification:_identify(src/px4_autonomy_modules) by extension 'ros'
[1.959s] DEBUG:colcon.colcon_core.package_identification:Package 'src/px4_autonomy_modules' with type 'ros.ament_cmake' and name 'px4_autonomy_modules'
[1.959s] Level 1:colcon.colcon_core.package_discovery:discover_packages(recursive) using defaults
[1.960s] Level 1:colcon.colcon_core.package_discovery:discover_packages(ignore) discover
[1.960s] Level 1:colcon.colcon_core.package_discovery:discover_packages(ignore) using defaults
[1.960s] Level 1:colcon.colcon_core.package_discovery:discover_packages(path) discover
[1.960s] Level 1:colcon.colcon_core.package_discovery:discover_packages(path) using defaults
[2.038s] Level 1:colcon.colcon_core.package_discovery:discover_packages(prefix_path) check parameters
[2.038s] Level 1:colcon.colcon_core.package_discovery:discover_packages(prefix_path) discover
[2.042s] WARNING:colcon.colcon_ros.prefix_path.ament:The path '/home/jetson/ros2_ws/install/px4_autonomy_modules' in the environment variable AMENT_PREFIX_PATH doesn't exist
[2.043s] WARNING:colcon.colcon_ros.prefix_path.catkin:The path '/home/jetson/ros2_ws/install/px4_autonomy_modules' in the environment variable CMAKE_PREFIX_PATH doesn't exist
[2.046s] DEBUG:colcon.colcon_installed_package_information.package_discovery:Found 0 installed packages in /home/jetson/ros2_ws/install
[2.053s] DEBUG:colcon.colcon_installed_package_information.package_discovery:Found 266 installed packages in /opt/ros/foxy
[2.062s] Level 1:colcon.colcon_core.package_discovery:discover_packages(prefix_path) using defaults
[2.375s] Level 5:colcon.colcon_core.verb:set package 'px4_autonomy_modules' build argument 'cmake_args' from command line to 'None'
[2.375s] Level 5:colcon.colcon_core.verb:set package 'px4_autonomy_modules' build argument 'cmake_target' from command line to 'None'
[2.375s] Level 5:colcon.colcon_core.verb:set package 'px4_autonomy_modules' build argument 'cmake_target_skip_unavailable' from command line to 'False'
[2.376s] Level 5:colcon.colcon_core.verb:set package 'px4_autonomy_modules' build argument 'cmake_clean_cache' from command line to 'False'
[2.376s] Level 5:colcon.colcon_core.verb:set package 'px4_autonomy_modules' build argument 'cmake_clean_first' from command line to 'False'
[2.376s] Level 5:colcon.colcon_core.verb:set package 'px4_autonomy_modules' build argument 'cmake_force_configure' from command line to 'False'
[2.376s] Level 5:colcon.colcon_core.verb:set package 'px4_autonomy_modules' build argument 'ament_cmake_args' from command line to 'None'
[2.376s] Level 5:colcon.colcon_core.verb:set package 'px4_autonomy_modules' build argument 'catkin_cmake_args' from command line to 'None'
[2.377s] Level 5:colcon.colcon_core.verb:set package 'px4_autonomy_modules' build argument 'catkin_skip_building_tests' from command line to 'False'
[2.377s] DEBUG:colcon.colcon_core.verb:Building package 'px4_autonomy_modules' with the following arguments: {'ament_cmake_args': None, 'build_base': '/home/jetson/ros2_ws/build/px4_autonomy_modules', 'catkin_cmake_args': None, 'catkin_skip_building_tests': False, 'cmake_args': None, 'cmake_clean_cache': False, 'cmake_clean_first': False, 'cmake_force_configure': False, 'cmake_target': None, 'cmake_target_skip_unavailable': False, 'install_base': '/home/jetson/ros2_ws/install/px4_autonomy_modules', 'merge_install': False, 'path': '/home/jetson/ros2_ws/src/px4_autonomy_modules', 'symlink_install': False, 'test_result_base': None}
[2.378s] INFO:colcon.colcon_core.executor:Executing jobs using 'parallel' executor
[2.382s] DEBUG:colcon.colcon_parallel_executor.executor.parallel:run_until_complete
[2.383s] INFO:colcon.colcon_ros.task.ament_cmake.build:Building ROS package in '/home/jetson/ros2_ws/src/px4_autonomy_modules' with build type 'ament_cmake'
[2.384s] INFO:colcon.colcon_cmake.task.cmake.build:Building CMake package in '/home/jetson/ros2_ws/src/px4_autonomy_modules'
[2.392s] INFO:colcon.colcon_core.plugin_system:Skipping extension 'colcon_core.shell.bat': Not used on non-Windows systems
[2.393s] INFO:colcon.colcon_core.shell:Skip shell extension 'powershell' for command environment: Not usable outside of PowerShell
[2.393s] DEBUG:colcon.colcon_core.shell:Skip shell extension 'dsv' for command environment
[2.423s] DEBUG:colcon.colcon_core.event_handler.log_command:Invoking command in '/home/jetson/ros2_ws/build/px4_autonomy_modules': CMAKE_PREFIX_PATH=${CMAKE_PREFIX_PATH}:/opt/ros/foxy /usr/bin/cmake /home/jetson/ros2_ws/src/px4_autonomy_modules -DCMAKE_INSTALL_PREFIX=/home/jetson/ros2_ws/install/px4_autonomy_modules
[10.108s] DEBUG:colcon.colcon_core.event_handler.log_command:Invoked command in '/home/jetson/ros2_ws/build/px4_autonomy_modules' returned '0': CMAKE_PREFIX_PATH=${CMAKE_PREFIX_PATH}:/opt/ros/foxy /usr/bin/cmake /home/jetson/ros2_ws/src/px4_autonomy_modules -DCMAKE_INSTALL_PREFIX=/home/jetson/ros2_ws/install/px4_autonomy_modules
[10.114s] DEBUG:colcon.colcon_core.event_handler.log_command:Invoking command in '/home/jetson/ros2_ws/build/px4_autonomy_modules': CMAKE_PREFIX_PATH=${CMAKE_PREFIX_PATH}:/opt/ros/foxy /usr/bin/cmake --build /home/jetson/ros2_ws/build/px4_autonomy_modules -- -j4 -l4
[10.278s] DEBUG:colcon.colcon_core.event_handler.log_command:Invoked command in '/home/jetson/ros2_ws/build/px4_autonomy_modules' returned '0': CMAKE_PREFIX_PATH=${CMAKE_PREFIX_PATH}:/opt/ros/foxy /usr/bin/cmake --build /home/jetson/ros2_ws/build/px4_autonomy_modules -- -j4 -l4
[10.401s] DEBUG:colcon.colcon_core.event_handler.log_command:Invoking command in '/home/jetson/ros2_ws/build/px4_autonomy_modules': CMAKE_PREFIX_PATH=${CMAKE_PREFIX_PATH}:/opt/ros/foxy /usr/bin/cmake --install /home/jetson/ros2_ws/build/px4_autonomy_modules
[10.483s] Level 1:colcon.colcon_core.environment:create_environment_scripts_only(px4_autonomy_modules)
[10.485s] DEBUG:colcon.colcon_core.event_handler.log_command:Invoked command in '/home/jetson/ros2_ws/build/px4_autonomy_modules' returned '0': CMAKE_PREFIX_PATH=${CMAKE_PREFIX_PATH}:/opt/ros/foxy /usr/bin/cmake --install /home/jetson/ros2_ws/build/px4_autonomy_modules
[10.494s] Level 1:colcon.colcon_core.environment:checking '/home/jetson/ros2_ws/install/px4_autonomy_modules' for CMake module files
[10.496s] Level 1:colcon.colcon_core.environment:checking '/home/jetson/ros2_ws/install/px4_autonomy_modules' for CMake config files
[10.498s] Level 1:colcon.colcon_core.shell:create_environment_hook('px4_autonomy_modules', 'cmake_prefix_path')
[10.499s] INFO:colcon.colcon_core.shell:Creating environment hook '/home/jetson/ros2_ws/install/px4_autonomy_modules/share/px4_autonomy_modules/hook/cmake_prefix_path.ps1'
[10.502s] INFO:colcon.colcon_core.shell:Creating environment descriptor '/home/jetson/ros2_ws/install/px4_autonomy_modules/share/px4_autonomy_modules/hook/cmake_prefix_path.dsv'
[10.504s] INFO:colcon.colcon_core.shell:Creating environment hook '/home/jetson/ros2_ws/install/px4_autonomy_modules/share/px4_autonomy_modules/hook/cmake_prefix_path.sh'
[10.507s] Level 1:colcon.colcon_core.environment:checking '/home/jetson/ros2_ws/install/px4_autonomy_modules/lib'
[10.508s] Level 1:colcon.colcon_core.environment:checking '/home/jetson/ros2_ws/install/px4_autonomy_modules/bin'
[10.508s] Level 1:colcon.colcon_core.environment:checking '/home/jetson/ros2_ws/install/px4_autonomy_modules/lib/pkgconfig/px4_autonomy_modules.pc'
[10.509s] Level 1:colcon.colcon_core.environment:checking '/home/jetson/ros2_ws/install/px4_autonomy_modules/lib/python3.8/site-packages'
[10.510s] Level 1:colcon.colcon_core.environment:checking '/home/jetson/ros2_ws/install/px4_autonomy_modules/bin'
[10.512s] INFO:colcon.colcon_core.shell:Creating package script '/home/jetson/ros2_ws/install/px4_autonomy_modules/share/px4_autonomy_modules/package.ps1'
[10.516s] INFO:colcon.colcon_core.shell:Creating package descriptor '/home/jetson/ros2_ws/install/px4_autonomy_modules/share/px4_autonomy_modules/package.dsv'
[10.518s] INFO:colcon.colcon_core.shell:Creating package script '/home/jetson/ros2_ws/install/px4_autonomy_modules/share/px4_autonomy_modules/package.sh'
[10.521s] INFO:colcon.colcon_core.shell:Creating package script '/home/jetson/ros2_ws/install/px4_autonomy_modules/share/px4_autonomy_modules/package.bash'
[10.524s] INFO:colcon.colcon_core.shell:Creating package script '/home/jetson/ros2_ws/install/px4_autonomy_modules/share/px4_autonomy_modules/package.zsh'
[10.527s] Level 1:colcon.colcon_core.environment:create_file_with_runtime_dependencies(/home/jetson/ros2_ws/install/px4_autonomy_modules/share/colcon-core/packages/px4_autonomy_modules)
[10.600s] Level 1:colcon.colcon_core.environment:create_environment_scripts_only(px4_autonomy_modules)
[10.601s] Level 1:colcon.colcon_core.environment:checking '/home/jetson/ros2_ws/install/px4_autonomy_modules' for CMake module files
[10.604s] Level 1:colcon.colcon_core.environment:checking '/home/jetson/ros2_ws/install/px4_autonomy_modules' for CMake config files
[10.605s] Level 1:colcon.colcon_core.shell:create_environment_hook('px4_autonomy_modules', 'cmake_prefix_path')
[10.606s] INFO:colcon.colcon_core.shell:Creating environment hook '/home/jetson/ros2_ws/install/px4_autonomy_modules/share/px4_autonomy_modules/hook/cmake_prefix_path.ps1'
[10.609s] INFO:colcon.colcon_core.shell:Creating environment descriptor '/home/jetson/ros2_ws/install/px4_autonomy_modules/share/px4_autonomy_modules/hook/cmake_prefix_path.dsv'
[10.611s] INFO:colcon.colcon_core.shell:Creating environment hook '/home/jetson/ros2_ws/install/px4_autonomy_modules/share/px4_autonomy_modules/hook/cmake_prefix_path.sh'
[10.614s] Level 1:colcon.colcon_core.environment:checking '/home/jetson/ros2_ws/install/px4_autonomy_modules/lib'
[10.615s] Level 1:colcon.colcon_core.environment:checking '/home/jetson/ros2_ws/install/px4_autonomy_modules/bin'
[10.615s] Level 1:colcon.colcon_core.environment:checking '/home/jetson/ros2_ws/install/px4_autonomy_modules/lib/pkgconfig/px4_autonomy_modules.pc'
[10.616s] Level 1:colcon.colcon_core.environment:checking '/home/jetson/ros2_ws/install/px4_autonomy_modules/lib/python3.8/site-packages'
[10.617s] Level 1:colcon.colcon_core.environment:checking '/home/jetson/ros2_ws/install/px4_autonomy_modules/bin'
[10.618s] INFO:colcon.colcon_core.shell:Creating package script '/home/jetson/ros2_ws/install/px4_autonomy_modules/share/px4_autonomy_modules/package.ps1'
[10.620s] INFO:colcon.colcon_core.shell:Creating package descriptor '/home/jetson/ros2_ws/install/px4_autonomy_modules/share/px4_autonomy_modules/package.dsv'
[10.622s] INFO:colcon.colcon_core.shell:Creating package script '/home/jetson/ros2_ws/install/px4_autonomy_modules/share/px4_autonomy_modules/package.sh'
[10.624s] INFO:colcon.colcon_core.shell:Creating package script '/home/jetson/ros2_ws/install/px4_autonomy_modules/share/px4_autonomy_modules/package.bash'
[10.627s] INFO:colcon.colcon_core.shell:Creating package script '/home/jetson/ros2_ws/install/px4_autonomy_modules/share/px4_autonomy_modules/package.zsh'
[10.629s] Level 1:colcon.colcon_core.environment:create_file_with_runtime_dependencies(/home/jetson/ros2_ws/install/px4_autonomy_modules/share/colcon-core/packages/px4_autonomy_modules)
[10.630s] DEBUG:colcon.colcon_parallel_executor.executor.parallel:closing loop
[10.632s] DEBUG:colcon.colcon_parallel_executor.executor.parallel:loop closed
[10.632s] DEBUG:colcon.colcon_parallel_executor.executor.parallel:run_until_complete finished with '0'
[10.632s] DEBUG:colcon.colcon_core.event_reactor:joining thread
[10.654s] INFO:colcon.colcon_core.plugin_system:Skipping extension 'colcon_notification.desktop_notification.terminal_notifier': Not used on non-Darwin systems
[10.655s] INFO:colcon.colcon_core.plugin_system:Skipping extension 'colcon_notification.desktop_notification.win32': Not used on non-Windows systems
[10.655s] INFO:colcon.colcon_notification.desktop_notification:Sending desktop notification using 'notify2'
[10.705s] DEBUG:colcon.colcon_core.event_reactor:joined thread
[10.708s] INFO:colcon.colcon_core.shell:Creating prefix script '/home/jetson/ros2_ws/install/local_setup.ps1'
[10.713s] INFO:colcon.colcon_core.shell:Creating prefix util module '/home/jetson/ros2_ws/install/_local_setup_util_ps1.py'
[10.720s] INFO:colcon.colcon_core.shell:Creating prefix chain script '/home/jetson/ros2_ws/install/setup.ps1'
[10.725s] INFO:colcon.colcon_core.shell:Creating prefix script '/home/jetson/ros2_ws/install/local_setup.sh'
[10.737s] INFO:colcon.colcon_core.shell:Creating prefix util module '/home/jetson/ros2_ws/install/_local_setup_util_sh.py'
[10.740s] INFO:colcon.colcon_core.shell:Creating prefix chain script '/home/jetson/ros2_ws/install/setup.sh'
[10.746s] INFO:colcon.colcon_core.shell:Creating prefix script '/home/jetson/ros2_ws/install/local_setup.bash'
[10.749s] INFO:colcon.colcon_core.shell:Creating prefix chain script '/home/jetson/ros2_ws/install/setup.bash'
[10.754s] INFO:colcon.colcon_core.shell:Creating prefix script '/home/jetson/ros2_ws/install/local_setup.zsh'
[10.757s] INFO:colcon.colcon_core.shell:Creating prefix chain script '/home/jetson/ros2_ws/install/setup.zsh'
