[0.039s] Invoking command in '/home/jetson/ros2_ws/build/px4_autonomy_modules': CMAKE_PREFIX_PATH=${CMAKE_PREFIX_PATH}:/opt/ros/foxy /usr/bin/cmake /home/jetson/ros2_ws/src/px4_autonomy_modules -DCMAKE_INSTALL_PREFIX=/home/jetson/ros2_ws/install/px4_autonomy_modules
[0.231s] -- The C compiler identification is GNU 8.4.0
[0.412s] -- The CXX compiler identification is GNU 8.4.0
[0.428s] -- Check for working C compiler: /usr/bin/cc
[0.652s] -- Check for working C compiler: /usr/bin/cc -- works
[0.655s] -- Detecting C compiler ABI info
[0.877s] -- Detecting C compiler ABI info - done
[0.924s] -- Detecting C compile features
[0.925s] -- Detecting C compile features - done
[0.935s] -- Check for working CXX compiler: /usr/bin/c++
[1.187s] -- Check for working CXX compiler: /usr/bin/c++ -- works
[1.190s] -- Detecting CXX compiler ABI info
[1.445s] -- Detecting CXX compiler ABI info - done
[1.492s] -- Detecting CXX compile features
[1.494s] -- Detecting CXX compile features - done
[1.507s] -- Found ament_cmake: 0.9.12 (/opt/ros/foxy/share/ament_cmake/cmake)
[1.605s] -- Found PythonInterp: /usr/bin/python3 (found suitable version "3.8.10", minimum required is "3") 
[1.605s] -- Using PYTHON_EXECUTABLE: /usr/bin/python3
[2.586s] -- Found rclcpp: 2.4.3 (/opt/ros/foxy/share/rclcpp/cmake)
[2.802s] -- Using all available rosidl_typesupport_c: rosidl_typesupport_fastrtps_c;rosidl_typesupport_introspection_c
[2.838s] -- Found rosidl_adapter: 1.3.1 (/opt/ros/foxy/share/rosidl_adapter/cmake)
[3.189s] -- Found OpenSSL: /usr/lib/aarch64-linux-gnu/libcrypto.so (found version "1.1.1f")  
[3.300s] -- Found FastRTPS: /opt/ros/foxy/include  
[3.655s] -- Using all available rosidl_typesupport_cpp: rosidl_typesupport_fastrtps_cpp;rosidl_typesupport_introspection_cpp
[3.906s] -- Found rmw_implementation_cmake: 1.0.4 (/opt/ros/foxy/share/rmw_implementation_cmake/cmake)
[3.912s] -- Using RMW implementation 'rmw_fastrtps_cpp' as default
[3.915s] -- Looking for pthread.h
[4.152s] -- Looking for pthread.h - found
[4.153s] -- Performing Test CMAKE_HAVE_LIBC_PTHREAD
[4.388s] -- Performing Test CMAKE_HAVE_LIBC_PTHREAD - Failed
[4.389s] -- Looking for pthread_create in pthreads
[4.579s] -- Looking for pthread_create in pthreads - not found
[4.580s] -- Looking for pthread_create in pthread
[4.810s] -- Looking for pthread_create in pthread - found
[4.814s] -- Found Threads: TRUE  
[5.502s] -- Found rclpy: 1.0.13 (/opt/ros/foxy/share/rclpy/cmake)
[5.510s] -- Found nav_msgs: 2.0.5 (/opt/ros/foxy/share/nav_msgs/cmake)
[6.028s] -- Found sensor_msgs: 2.0.5 (/opt/ros/foxy/share/sensor_msgs/cmake)
[6.348s] -- Found mavros: 2.4.0 (/opt/ros/foxy/share/mavros/cmake)
[6.387s] -- Found mavros_extras: 2.4.0 (/opt/ros/foxy/share/mavros_extras/cmake)
[6.402s] -- Found ament_lint_auto: 0.9.8 (/opt/ros/foxy/share/ament_lint_auto/cmake)
[6.760s] -- Added test 'cppcheck' to perform static code analysis on C / C++ code
[6.761s] -- Configured cppcheck include dirs: 
[6.761s] -- Configured cppcheck exclude dirs and/or files: 
[6.770s] -- Added test 'flake8' to check Python code syntax and style conventions
[6.786s] -- Added test 'lint_cmake' to check CMake code style
[6.795s] -- Added test 'pep257' to check Python code against some of the style conventions in PEP 257
[6.854s] -- Added test 'uncrustify' to check C / C++ code style
[6.855s] -- Configured uncrustify additional arguments: 
[6.863s] -- Added test 'xmllint' to check XML markup files
[6.878s] -- Configuring done
[6.886s] -- Generating done
[6.891s] -- Build files have been written to: /home/jetson/ros2_ws/build/px4_autonomy_modules
[6.929s] Invoked command in '/home/jetson/ros2_ws/build/px4_autonomy_modules' returned '0': CMAKE_PREFIX_PATH=${CMAKE_PREFIX_PATH}:/opt/ros/foxy /usr/bin/cmake /home/jetson/ros2_ws/src/px4_autonomy_modules -DCMAKE_INSTALL_PREFIX=/home/jetson/ros2_ws/install/px4_autonomy_modules
[6.932s] Invoking command in '/home/jetson/ros2_ws/build/px4_autonomy_modules': CMAKE_PREFIX_PATH=${CMAKE_PREFIX_PATH}:/opt/ros/foxy /usr/bin/cmake --build /home/jetson/ros2_ws/build/px4_autonomy_modules -- -j4 -l4
[7.021s] -- Found ament_cmake: 0.9.12 (/opt/ros/foxy/share/ament_cmake/cmake)
[7.104s] -- Using PYTHON_EXECUTABLE: /usr/bin/python3
[7.970s] -- Found rclcpp: 2.4.3 (/opt/ros/foxy/share/rclcpp/cmake)
[8.113s] -- Using all available rosidl_typesupport_c: rosidl_typesupport_fastrtps_c;rosidl_typesupport_introspection_c
[8.127s] -- Found rosidl_adapter: 1.3.1 (/opt/ros/foxy/share/rosidl_adapter/cmake)
[8.642s] -- Using all available rosidl_typesupport_cpp: rosidl_typesupport_fastrtps_cpp;rosidl_typesupport_introspection_cpp
[8.846s] -- Found rmw_implementation_cmake: 1.0.4 (/opt/ros/foxy/share/rmw_implementation_cmake/cmake)
[8.852s] -- Using RMW implementation 'rmw_fastrtps_cpp' as default
[9.474s] -- Found rclpy: 1.0.13 (/opt/ros/foxy/share/rclpy/cmake)
[9.475s] -- Found nav_msgs: 2.0.5 (/opt/ros/foxy/share/nav_msgs/cmake)
[9.973s] -- Found sensor_msgs: 2.0.5 (/opt/ros/foxy/share/sensor_msgs/cmake)
[10.281s] -- Found mavros: 2.4.0 (/opt/ros/foxy/share/mavros/cmake)
[10.296s] -- Found mavros_extras: 2.4.0 (/opt/ros/foxy/share/mavros_extras/cmake)
[10.304s] -- Found ament_lint_auto: 0.9.8 (/opt/ros/foxy/share/ament_lint_auto/cmake)
[10.611s] -- Added test 'cppcheck' to perform static code analysis on C / C++ code
[10.612s] -- Configured cppcheck include dirs: 
[10.612s] -- Configured cppcheck exclude dirs and/or files: 
[10.620s] -- Added test 'flake8' to check Python code syntax and style conventions
[10.636s] -- Added test 'lint_cmake' to check CMake code style
[10.644s] -- Added test 'pep257' to check Python code against some of the style conventions in PEP 257
[10.702s] -- Added test 'uncrustify' to check C / C++ code style
[10.702s] -- Configured uncrustify additional arguments: 
[10.710s] -- Added test 'xmllint' to check XML markup files
[10.722s] -- Configuring done
[10.731s] -- Generating done
[10.736s] -- Build files have been written to: /home/jetson/ros2_ws/build/px4_autonomy_modules
[10.825s] Invoked command in '/home/jetson/ros2_ws/build/px4_autonomy_modules' returned '0': CMAKE_PREFIX_PATH=${CMAKE_PREFIX_PATH}:/opt/ros/foxy /usr/bin/cmake --build /home/jetson/ros2_ws/build/px4_autonomy_modules -- -j4 -l4
[10.925s] Invoking command in '/home/jetson/ros2_ws/build/px4_autonomy_modules': CMAKE_PREFIX_PATH=${CMAKE_PREFIX_PATH}:/opt/ros/foxy /usr/bin/cmake --install /home/jetson/ros2_ws/build/px4_autonomy_modules
[10.951s] -- Install configuration: ""
[10.952s] -- Up-to-date: /home/jetson/ros2_ws/install/px4_autonomy_modules/lib/px4_autonomy_modules/pose_relay_node.py
[10.952s] -- Up-to-date: /home/jetson/ros2_ws/install/px4_autonomy_modules/lib/px4_autonomy_modules/fe_2.py
[10.953s] -- Up-to-date: /home/jetson/ros2_ws/install/px4_autonomy_modules/lib/px4_autonomy_modules/fake_vicon.py
[10.954s] -- Up-to-date: /home/jetson/ros2_ws/install/px4_autonomy_modules/share/px4_autonomy_modules/launch
[10.954s] -- Up-to-date: /home/jetson/ros2_ws/install/px4_autonomy_modules/share/px4_autonomy_modules/launch/log
[10.955s] -- Up-to-date: /home/jetson/ros2_ws/install/px4_autonomy_modules/share/px4_autonomy_modules/launch/log/COLCON_IGNORE
[10.955s] -- Up-to-date: /home/jetson/ros2_ws/install/px4_autonomy_modules/share/px4_autonomy_modules/launch/log/build_2025-02-19_12-16-55
[10.956s] -- Up-to-date: /home/jetson/ros2_ws/install/px4_autonomy_modules/share/px4_autonomy_modules/launch/log/build_2025-02-19_12-16-55/logger_all.log
[10.956s] -- Up-to-date: /home/jetson/ros2_ws/install/px4_autonomy_modules/share/px4_autonomy_modules/launch/log/build_2025-02-19_12-16-55/events.log
[10.957s] -- Up-to-date: /home/jetson/ros2_ws/install/px4_autonomy_modules/share/px4_autonomy_modules/launch/log/latest
[10.957s] -- Up-to-date: /home/jetson/ros2_ws/install/px4_autonomy_modules/share/px4_autonomy_modules/launch/log/build_2025-02-19_12-12-14
[10.957s] -- Up-to-date: /home/jetson/ros2_ws/install/px4_autonomy_modules/share/px4_autonomy_modules/launch/log/build_2025-02-19_12-12-14/logger_all.log
[10.958s] -- Up-to-date: /home/jetson/ros2_ws/install/px4_autonomy_modules/share/px4_autonomy_modules/launch/log/build_2025-02-19_12-12-14/events.log
[10.958s] -- Up-to-date: /home/jetson/ros2_ws/install/px4_autonomy_modules/share/px4_autonomy_modules/launch/log/latest_build
[10.958s] -- Up-to-date: /home/jetson/ros2_ws/install/px4_autonomy_modules/share/px4_autonomy_modules/launch/install
[10.959s] -- Up-to-date: /home/jetson/ros2_ws/install/px4_autonomy_modules/share/px4_autonomy_modules/launch/install/COLCON_IGNORE
[10.959s] -- Up-to-date: /home/jetson/ros2_ws/install/px4_autonomy_modules/share/px4_autonomy_modules/launch/install/local_setup.bash
[10.960s] -- Up-to-date: /home/jetson/ros2_ws/install/px4_autonomy_modules/share/px4_autonomy_modules/launch/install/local_setup.ps1
[10.960s] -- Up-to-date: /home/jetson/ros2_ws/install/px4_autonomy_modules/share/px4_autonomy_modules/launch/install/local_setup.zsh
[10.960s] -- Up-to-date: /home/jetson/ros2_ws/install/px4_autonomy_modules/share/px4_autonomy_modules/launch/install/_local_setup_util_ps1.py
[10.961s] -- Up-to-date: /home/jetson/ros2_ws/install/px4_autonomy_modules/share/px4_autonomy_modules/launch/install/local_setup.sh
[10.961s] -- Up-to-date: /home/jetson/ros2_ws/install/px4_autonomy_modules/share/px4_autonomy_modules/launch/install/setup.ps1
[10.961s] -- Up-to-date: /home/jetson/ros2_ws/install/px4_autonomy_modules/share/px4_autonomy_modules/launch/install/setup.bash
[10.962s] -- Up-to-date: /home/jetson/ros2_ws/install/px4_autonomy_modules/share/px4_autonomy_modules/launch/install/setup.zsh
[10.962s] -- Up-to-date: /home/jetson/ros2_ws/install/px4_autonomy_modules/share/px4_autonomy_modules/launch/install/_local_setup_util_sh.py
[10.962s] -- Up-to-date: /home/jetson/ros2_ws/install/px4_autonomy_modules/share/px4_autonomy_modules/launch/install/setup.sh
[10.963s] -- Up-to-date: /home/jetson/ros2_ws/install/px4_autonomy_modules/share/px4_autonomy_modules/launch/install/.colcon_install_layout
[10.963s] -- Up-to-date: /home/jetson/ros2_ws/install/px4_autonomy_modules/share/px4_autonomy_modules/launch/px4_config.yaml
[10.963s] -- Up-to-date: /home/jetson/ros2_ws/install/px4_autonomy_modules/share/px4_autonomy_modules/launch/build
[10.964s] -- Up-to-date: /home/jetson/ros2_ws/install/px4_autonomy_modules/share/px4_autonomy_modules/launch/build/COLCON_IGNORE
[10.964s] -- Up-to-date: /home/jetson/ros2_ws/install/px4_autonomy_modules/share/px4_autonomy_modules/launch/build/.built_by
[10.965s] -- Up-to-date: /home/jetson/ros2_ws/install/px4_autonomy_modules/share/px4_autonomy_modules/launch/px4_pluginlists.yaml
[10.965s] -- Up-to-date: /home/jetson/ros2_ws/install/px4_autonomy_modules/share/px4_autonomy_modules/launch/mavros.launch.py
[10.965s] -- Installing: /home/jetson/ros2_ws/install/px4_autonomy_modules/share/ament_index/resource_index/package_run_dependencies/px4_autonomy_modules
[10.966s] -- Installing: /home/jetson/ros2_ws/install/px4_autonomy_modules/share/ament_index/resource_index/parent_prefix_path/px4_autonomy_modules
[10.966s] -- Up-to-date: /home/jetson/ros2_ws/install/px4_autonomy_modules/share/px4_autonomy_modules/environment/ament_prefix_path.sh
[10.967s] -- Installing: /home/jetson/ros2_ws/install/px4_autonomy_modules/share/px4_autonomy_modules/environment/ament_prefix_path.dsv
[10.968s] -- Up-to-date: /home/jetson/ros2_ws/install/px4_autonomy_modules/share/px4_autonomy_modules/environment/path.sh
[10.969s] -- Installing: /home/jetson/ros2_ws/install/px4_autonomy_modules/share/px4_autonomy_modules/environment/path.dsv
[10.970s] -- Installing: /home/jetson/ros2_ws/install/px4_autonomy_modules/share/px4_autonomy_modules/local_setup.bash
[10.971s] -- Installing: /home/jetson/ros2_ws/install/px4_autonomy_modules/share/px4_autonomy_modules/local_setup.sh
[10.972s] -- Installing: /home/jetson/ros2_ws/install/px4_autonomy_modules/share/px4_autonomy_modules/local_setup.zsh
[10.972s] -- Installing: /home/jetson/ros2_ws/install/px4_autonomy_modules/share/px4_autonomy_modules/local_setup.dsv
[10.973s] -- Installing: /home/jetson/ros2_ws/install/px4_autonomy_modules/share/px4_autonomy_modules/package.dsv
[10.973s] -- Installing: /home/jetson/ros2_ws/install/px4_autonomy_modules/share/ament_index/resource_index/packages/px4_autonomy_modules
[10.974s] -- Installing: /home/jetson/ros2_ws/install/px4_autonomy_modules/share/px4_autonomy_modules/cmake/px4_autonomy_modulesConfig.cmake
[10.974s] -- Installing: /home/jetson/ros2_ws/install/px4_autonomy_modules/share/px4_autonomy_modules/cmake/px4_autonomy_modulesConfig-version.cmake
[10.975s] -- Up-to-date: /home/jetson/ros2_ws/install/px4_autonomy_modules/share/px4_autonomy_modules/package.xml
[10.976s] Invoked command in '/home/jetson/ros2_ws/build/px4_autonomy_modules' returned '0': CMAKE_PREFIX_PATH=${CMAKE_PREFIX_PATH}:/opt/ros/foxy /usr/bin/cmake --install /home/jetson/ros2_ws/build/px4_autonomy_modules
