[0.057s] Invoking command in '/home/jetson/dogs/ROB498-flight/resources/code/ros2_ws/src/px4_autonomy_modules/build/px4_autonomy_modules': CMAKE_PREFIX_PATH=${CMAKE_PREFIX_PATH}:/opt/ros/foxy /usr/bin/cmake /home/jetson/dogs/ROB498-flight/resources/code/ros2_ws/src/px4_autonomy_modules -DCMAKE_INSTALL_PREFIX=/home/jetson/dogs/ROB498-flight/resources/code/ros2_ws/src/px4_autonomy_modules/install/px4_autonomy_modules
[0.794s] -- The C compiler identification is GNU 8.4.0
[1.280s] -- The CXX compiler identification is GNU 8.4.0
[1.317s] -- Check for working C compiler: /usr/bin/cc
[1.561s] -- Check for working C compiler: /usr/bin/cc -- works
[1.567s] -- Detecting C compiler ABI info
[1.805s] -- Detecting C compiler ABI info - done
[1.855s] -- Detecting C compile features
[1.856s] -- Detecting C compile features - done
[1.870s] -- Check for working CXX compiler: /usr/bin/c++
[2.153s] -- Check for working CXX compiler: /usr/bin/c++ -- works
[2.156s] -- Detecting CXX compiler ABI info
[2.542s] -- Detecting CXX compiler ABI info - done
[2.591s] -- Detecting CXX compile features
[2.593s] -- Detecting CXX compile features - done
[2.629s] -- Found ament_cmake: 0.9.12 (/opt/ros/foxy/share/ament_cmake/cmake)
[2.748s] -- Found PythonInterp: /usr/bin/python3 (found suitable version "3.8.10", minimum required is "3") 
[2.748s] -- Using PYTHON_EXECUTABLE: /usr/bin/python3
[3.830s] -- Found rclcpp: 2.4.3 (/opt/ros/foxy/share/rclcpp/cmake)
[4.131s] -- Using all available rosidl_typesupport_c: rosidl_typesupport_fastrtps_c;rosidl_typesupport_introspection_c
[4.183s] -- Found rosidl_adapter: 1.3.1 (/opt/ros/foxy/share/rosidl_adapter/cmake)
[4.611s] -- Found OpenSSL: /usr/lib/aarch64-linux-gnu/libcrypto.so (found version "1.1.1f")  
[4.732s] -- Found FastRTPS: /opt/ros/foxy/include  
[5.146s] -- Using all available rosidl_typesupport_cpp: rosidl_typesupport_fastrtps_cpp;rosidl_typesupport_introspection_cpp
[5.465s] -- Found rmw_implementation_cmake: 1.0.4 (/opt/ros/foxy/share/rmw_implementation_cmake/cmake)
[5.475s] -- Using RMW implementation 'rmw_fastrtps_cpp' as default
[5.482s] -- Looking for pthread.h
[5.752s] -- Looking for pthread.h - found
[5.753s] -- Performing Test CMAKE_HAVE_LIBC_PTHREAD
[6.004s] -- Performing Test CMAKE_HAVE_LIBC_PTHREAD - Failed
[6.005s] -- Looking for pthread_create in pthreads
[6.206s] -- Looking for pthread_create in pthreads - not found
[6.206s] -- Looking for pthread_create in pthread
[6.448s] -- Looking for pthread_create in pthread - found
[6.452s] -- Found Threads: TRUE  
[7.245s] -- Found rclpy: 1.0.13 (/opt/ros/foxy/share/rclpy/cmake)
[7.255s] -- Found nav_msgs: 2.0.5 (/opt/ros/foxy/share/nav_msgs/cmake)
[7.809s] -- Found sensor_msgs: 2.0.5 (/opt/ros/foxy/share/sensor_msgs/cmake)
[8.146s] -- Found mavros: 2.4.0 (/opt/ros/foxy/share/mavros/cmake)
[8.195s] -- Found mavros_extras: 2.4.0 (/opt/ros/foxy/share/mavros_extras/cmake)
[8.215s] -- Found ament_lint_auto: 0.9.8 (/opt/ros/foxy/share/ament_lint_auto/cmake)
[8.586s] -- Added test 'cppcheck' to perform static code analysis on C / C++ code
[8.586s] -- Configured cppcheck include dirs: 
[8.587s] -- Configured cppcheck exclude dirs and/or files: 
[8.594s] -- Added test 'flake8' to check Python code syntax and style conventions
[8.603s] -- Added test 'lint_cmake' to check CMake code style
[8.609s] -- Added test 'pep257' to check Python code against some of the style conventions in PEP 257
[8.640s] -- Added test 'uncrustify' to check C / C++ code style
[8.640s] -- Configured uncrustify additional arguments: 
[8.646s] -- Added test 'xmllint' to check XML markup files
[8.663s] -- Configuring done
[8.673s] -- Generating done
[8.681s] -- Build files have been written to: /home/jetson/dogs/ROB498-flight/resources/code/ros2_ws/src/px4_autonomy_modules/build/px4_autonomy_modules
[8.713s] Invoked command in '/home/jetson/dogs/ROB498-flight/resources/code/ros2_ws/src/px4_autonomy_modules/build/px4_autonomy_modules' returned '0': CMAKE_PREFIX_PATH=${CMAKE_PREFIX_PATH}:/opt/ros/foxy /usr/bin/cmake /home/jetson/dogs/ROB498-flight/resources/code/ros2_ws/src/px4_autonomy_modules -DCMAKE_INSTALL_PREFIX=/home/jetson/dogs/ROB498-flight/resources/code/ros2_ws/src/px4_autonomy_modules/install/px4_autonomy_modules
[8.724s] Invoking command in '/home/jetson/dogs/ROB498-flight/resources/code/ros2_ws/src/px4_autonomy_modules/build/px4_autonomy_modules': CMAKE_PREFIX_PATH=${CMAKE_PREFIX_PATH}:/opt/ros/foxy /usr/bin/cmake --build /home/jetson/dogs/ROB498-flight/resources/code/ros2_ws/src/px4_autonomy_modules/build/px4_autonomy_modules -- -j4 -l4
[8.869s] Invoked command in '/home/jetson/dogs/ROB498-flight/resources/code/ros2_ws/src/px4_autonomy_modules/build/px4_autonomy_modules' returned '0': CMAKE_PREFIX_PATH=${CMAKE_PREFIX_PATH}:/opt/ros/foxy /usr/bin/cmake --build /home/jetson/dogs/ROB498-flight/resources/code/ros2_ws/src/px4_autonomy_modules/build/px4_autonomy_modules -- -j4 -l4
[8.987s] Invoking command in '/home/jetson/dogs/ROB498-flight/resources/code/ros2_ws/src/px4_autonomy_modules/build/px4_autonomy_modules': CMAKE_PREFIX_PATH=${CMAKE_PREFIX_PATH}:/opt/ros/foxy /usr/bin/cmake --install /home/jetson/dogs/ROB498-flight/resources/code/ros2_ws/src/px4_autonomy_modules/build/px4_autonomy_modules
[9.017s] -- Install configuration: ""
[9.018s] -- Installing: /home/jetson/dogs/ROB498-flight/resources/code/ros2_ws/src/px4_autonomy_modules/install/px4_autonomy_modules/share/px4_autonomy_modules/launch
[9.018s] -- Installing: /home/jetson/dogs/ROB498-flight/resources/code/ros2_ws/src/px4_autonomy_modules/install/px4_autonomy_modules/share/px4_autonomy_modules/launch/px4_config.yaml
[9.019s] -- Installing: /home/jetson/dogs/ROB498-flight/resources/code/ros2_ws/src/px4_autonomy_modules/install/px4_autonomy_modules/share/px4_autonomy_modules/launch/px4_pluginlists.yaml
[9.019s] -- Installing: /home/jetson/dogs/ROB498-flight/resources/code/ros2_ws/src/px4_autonomy_modules/install/px4_autonomy_modules/share/px4_autonomy_modules/launch/mavros.launch.py
[9.020s] -- Installing: /home/jetson/dogs/ROB498-flight/resources/code/ros2_ws/src/px4_autonomy_modules/install/px4_autonomy_modules/share/ament_index/resource_index/package_run_dependencies/px4_autonomy_modules
[9.021s] -- Installing: /home/jetson/dogs/ROB498-flight/resources/code/ros2_ws/src/px4_autonomy_modules/install/px4_autonomy_modules/share/ament_index/resource_index/parent_prefix_path/px4_autonomy_modules
[9.022s] -- Installing: /home/jetson/dogs/ROB498-flight/resources/code/ros2_ws/src/px4_autonomy_modules/install/px4_autonomy_modules/share/px4_autonomy_modules/environment/ament_prefix_path.sh
[9.023s] -- Installing: /home/jetson/dogs/ROB498-flight/resources/code/ros2_ws/src/px4_autonomy_modules/install/px4_autonomy_modules/share/px4_autonomy_modules/environment/ament_prefix_path.dsv
[9.023s] -- Installing: /home/jetson/dogs/ROB498-flight/resources/code/ros2_ws/src/px4_autonomy_modules/install/px4_autonomy_modules/share/px4_autonomy_modules/environment/path.sh
[9.024s] -- Installing: /home/jetson/dogs/ROB498-flight/resources/code/ros2_ws/src/px4_autonomy_modules/install/px4_autonomy_modules/share/px4_autonomy_modules/environment/path.dsv
[9.024s] -- Installing: /home/jetson/dogs/ROB498-flight/resources/code/ros2_ws/src/px4_autonomy_modules/install/px4_autonomy_modules/share/px4_autonomy_modules/local_setup.bash
[9.025s] -- Installing: /home/jetson/dogs/ROB498-flight/resources/code/ros2_ws/src/px4_autonomy_modules/install/px4_autonomy_modules/share/px4_autonomy_modules/local_setup.sh
[9.026s] -- Installing: /home/jetson/dogs/ROB498-flight/resources/code/ros2_ws/src/px4_autonomy_modules/install/px4_autonomy_modules/share/px4_autonomy_modules/local_setup.zsh
[9.026s] -- Installing: /home/jetson/dogs/ROB498-flight/resources/code/ros2_ws/src/px4_autonomy_modules/install/px4_autonomy_modules/share/px4_autonomy_modules/local_setup.dsv
[9.027s] -- Installing: /home/jetson/dogs/ROB498-flight/resources/code/ros2_ws/src/px4_autonomy_modules/install/px4_autonomy_modules/share/px4_autonomy_modules/package.dsv
[9.028s] -- Installing: /home/jetson/dogs/ROB498-flight/resources/code/ros2_ws/src/px4_autonomy_modules/install/px4_autonomy_modules/share/ament_index/resource_index/packages/px4_autonomy_modules
[9.029s] -- Installing: /home/jetson/dogs/ROB498-flight/resources/code/ros2_ws/src/px4_autonomy_modules/install/px4_autonomy_modules/share/px4_autonomy_modules/cmake/px4_autonomy_modulesConfig.cmake
[9.029s] -- Installing: /home/jetson/dogs/ROB498-flight/resources/code/ros2_ws/src/px4_autonomy_modules/install/px4_autonomy_modules/share/px4_autonomy_modules/cmake/px4_autonomy_modulesConfig-version.cmake
[9.030s] -- Installing: /home/jetson/dogs/ROB498-flight/resources/code/ros2_ws/src/px4_autonomy_modules/install/px4_autonomy_modules/share/px4_autonomy_modules/package.xml
[9.037s] Invoked command in '/home/jetson/dogs/ROB498-flight/resources/code/ros2_ws/src/px4_autonomy_modules/build/px4_autonomy_modules' returned '0': CMAKE_PREFIX_PATH=${CMAKE_PREFIX_PATH}:/opt/ros/foxy /usr/bin/cmake --install /home/jetson/dogs/ROB498-flight/resources/code/ros2_ws/src/px4_autonomy_modules/build/px4_autonomy_modules
