[0.041s] Invoking command in '/home/jetson/dogs/ROB498-flight/resources/code/ros2_ws/build/px4_autonomy_modules': CMAKE_PREFIX_PATH=${CMAKE_PREFIX_PATH}:/opt/ros/foxy /usr/bin/cmake /home/jetson/dogs/ROB498-flight/resources/code/ros2_ws/src/px4_autonomy_modules -DCMAKE_INSTALL_PREFIX=/home/jetson/dogs/ROB498-flight/resources/code/ros2_ws/install/px4_autonomy_modules
[0.256s] -- The C compiler identification is GNU 8.4.0
[0.442s] -- The CXX compiler identification is GNU 8.4.0
[0.458s] -- Check for working C compiler: /usr/bin/cc
[0.690s] -- Check for working C compiler: /usr/bin/cc -- works
[0.693s] -- Detecting C compiler ABI info
[0.930s] -- Detecting C compiler ABI info - done
[0.978s] -- Detecting C compile features
[0.979s] -- Detecting C compile features - done
[0.989s] -- Check for working CXX compiler: /usr/bin/c++
[1.257s] -- Check for working CXX compiler: /usr/bin/c++ -- works
[1.261s] -- Detecting CXX compiler ABI info
[1.531s] -- Detecting CXX compiler ABI info - done
[1.580s] -- Detecting CXX compile features
[1.582s] -- Detecting CXX compile features - done
[1.595s] -- Found ament_cmake: 0.9.12 (/opt/ros/foxy/share/ament_cmake/cmake)
[1.697s] -- Found PythonInterp: /usr/bin/python3 (found suitable version "3.8.10", minimum required is "3") 
[1.697s] -- Using PYTHON_EXECUTABLE: /usr/bin/python3
[2.709s] -- Found rclcpp: 2.4.3 (/opt/ros/foxy/share/rclcpp/cmake)
[2.928s] -- Using all available rosidl_typesupport_c: rosidl_typesupport_fastrtps_c;rosidl_typesupport_introspection_c
[2.964s] -- Found rosidl_adapter: 1.3.1 (/opt/ros/foxy/share/rosidl_adapter/cmake)
[3.326s] -- Found OpenSSL: /usr/lib/aarch64-linux-gnu/libcrypto.so (found version "1.1.1f")  
[3.440s] -- Found FastRTPS: /opt/ros/foxy/include  
[3.801s] -- Using all available rosidl_typesupport_cpp: rosidl_typesupport_fastrtps_cpp;rosidl_typesupport_introspection_cpp
[4.056s] -- Found rmw_implementation_cmake: 1.0.4 (/opt/ros/foxy/share/rmw_implementation_cmake/cmake)
[4.062s] -- Using RMW implementation 'rmw_fastrtps_cpp' as default
[4.065s] -- Looking for pthread.h
[4.312s] -- Looking for pthread.h - found
[4.313s] -- Performing Test CMAKE_HAVE_LIBC_PTHREAD
[4.562s] -- Performing Test CMAKE_HAVE_LIBC_PTHREAD - Failed
[4.563s] -- Looking for pthread_create in pthreads
[4.766s] -- Looking for pthread_create in pthreads - not found
[4.767s] -- Looking for pthread_create in pthread
[5.008s] -- Looking for pthread_create in pthread - found
[5.012s] -- Found Threads: TRUE  
[5.710s] -- Found rclpy: 1.0.13 (/opt/ros/foxy/share/rclpy/cmake)
[5.718s] -- Found nav_msgs: 2.0.5 (/opt/ros/foxy/share/nav_msgs/cmake)
[6.241s] -- Found sensor_msgs: 2.0.5 (/opt/ros/foxy/share/sensor_msgs/cmake)
[6.563s] -- Found mavros: 2.4.0 (/opt/ros/foxy/share/mavros/cmake)
[6.602s] -- Found mavros_extras: 2.4.0 (/opt/ros/foxy/share/mavros_extras/cmake)
[6.618s] -- Found ament_lint_auto: 0.9.8 (/opt/ros/foxy/share/ament_lint_auto/cmake)
[7.003s] -- Added test 'cppcheck' to perform static code analysis on C / C++ code
[7.003s] -- Configured cppcheck include dirs: 
[7.004s] -- Configured cppcheck exclude dirs and/or files: 
[7.014s] -- Added test 'flake8' to check Python code syntax and style conventions
[7.032s] -- Added test 'lint_cmake' to check CMake code style
[7.042s] -- Added test 'pep257' to check Python code against some of the style conventions in PEP 257
[7.112s] -- Added test 'uncrustify' to check C / C++ code style
[7.113s] -- Configured uncrustify additional arguments: 
[7.122s] -- Added test 'xmllint' to check XML markup files
[7.137s] -- Configuring done
[7.147s] -- Generating done
[7.154s] -- Build files have been written to: /home/jetson/dogs/ROB498-flight/resources/code/ros2_ws/build/px4_autonomy_modules
[7.188s] Invoked command in '/home/jetson/dogs/ROB498-flight/resources/code/ros2_ws/build/px4_autonomy_modules' returned '0': CMAKE_PREFIX_PATH=${CMAKE_PREFIX_PATH}:/opt/ros/foxy /usr/bin/cmake /home/jetson/dogs/ROB498-flight/resources/code/ros2_ws/src/px4_autonomy_modules -DCMAKE_INSTALL_PREFIX=/home/jetson/dogs/ROB498-flight/resources/code/ros2_ws/install/px4_autonomy_modules
[7.197s] Invoking command in '/home/jetson/dogs/ROB498-flight/resources/code/ros2_ws/build/px4_autonomy_modules': CMAKE_PREFIX_PATH=${CMAKE_PREFIX_PATH}:/opt/ros/foxy /usr/bin/cmake --build /home/jetson/dogs/ROB498-flight/resources/code/ros2_ws/build/px4_autonomy_modules -- -j4 -l4
[7.343s] Invoked command in '/home/jetson/dogs/ROB498-flight/resources/code/ros2_ws/build/px4_autonomy_modules' returned '0': CMAKE_PREFIX_PATH=${CMAKE_PREFIX_PATH}:/opt/ros/foxy /usr/bin/cmake --build /home/jetson/dogs/ROB498-flight/resources/code/ros2_ws/build/px4_autonomy_modules -- -j4 -l4
[7.456s] Invoking command in '/home/jetson/dogs/ROB498-flight/resources/code/ros2_ws/build/px4_autonomy_modules': CMAKE_PREFIX_PATH=${CMAKE_PREFIX_PATH}:/opt/ros/foxy /usr/bin/cmake --install /home/jetson/dogs/ROB498-flight/resources/code/ros2_ws/build/px4_autonomy_modules
[7.486s] -- Install configuration: ""
[7.487s] -- Installing: /home/jetson/dogs/ROB498-flight/resources/code/ros2_ws/install/px4_autonomy_modules/lib/px4_autonomy_modules/pose_relay_node.py
[7.489s] -- Installing: /home/jetson/dogs/ROB498-flight/resources/code/ros2_ws/install/px4_autonomy_modules/lib/px4_autonomy_modules/flight_exercise_2.py
[7.490s] -- Installing: /home/jetson/dogs/ROB498-flight/resources/code/ros2_ws/install/px4_autonomy_modules/share/px4_autonomy_modules/launch
[7.491s] -- Installing: /home/jetson/dogs/ROB498-flight/resources/code/ros2_ws/install/px4_autonomy_modules/share/px4_autonomy_modules/launch/log
[7.491s] -- Installing: /home/jetson/dogs/ROB498-flight/resources/code/ros2_ws/install/px4_autonomy_modules/share/px4_autonomy_modules/launch/log/COLCON_IGNORE
[7.491s] -- Installing: /home/jetson/dogs/ROB498-flight/resources/code/ros2_ws/install/px4_autonomy_modules/share/px4_autonomy_modules/launch/log/build_2025-02-19_12-16-55
[7.492s] -- Installing: /home/jetson/dogs/ROB498-flight/resources/code/ros2_ws/install/px4_autonomy_modules/share/px4_autonomy_modules/launch/log/build_2025-02-19_12-16-55/logger_all.log
[7.493s] -- Installing: /home/jetson/dogs/ROB498-flight/resources/code/ros2_ws/install/px4_autonomy_modules/share/px4_autonomy_modules/launch/log/build_2025-02-19_12-16-55/events.log
[7.494s] -- Installing: /home/jetson/dogs/ROB498-flight/resources/code/ros2_ws/install/px4_autonomy_modules/share/px4_autonomy_modules/launch/log/latest
[7.494s] -- Installing: /home/jetson/dogs/ROB498-flight/resources/code/ros2_ws/install/px4_autonomy_modules/share/px4_autonomy_modules/launch/log/build_2025-02-19_12-12-14
[7.495s] -- Installing: /home/jetson/dogs/ROB498-flight/resources/code/ros2_ws/install/px4_autonomy_modules/share/px4_autonomy_modules/launch/log/build_2025-02-19_12-12-14/logger_all.log
[7.496s] -- Installing: /home/jetson/dogs/ROB498-flight/resources/code/ros2_ws/install/px4_autonomy_modules/share/px4_autonomy_modules/launch/log/build_2025-02-19_12-12-14/events.log
[7.497s] -- Installing: /home/jetson/dogs/ROB498-flight/resources/code/ros2_ws/install/px4_autonomy_modules/share/px4_autonomy_modules/launch/log/latest_build
[7.497s] -- Installing: /home/jetson/dogs/ROB498-flight/resources/code/ros2_ws/install/px4_autonomy_modules/share/px4_autonomy_modules/launch/install
[7.497s] -- Installing: /home/jetson/dogs/ROB498-flight/resources/code/ros2_ws/install/px4_autonomy_modules/share/px4_autonomy_modules/launch/install/COLCON_IGNORE
[7.498s] -- Installing: /home/jetson/dogs/ROB498-flight/resources/code/ros2_ws/install/px4_autonomy_modules/share/px4_autonomy_modules/launch/install/local_setup.bash
[7.499s] -- Installing: /home/jetson/dogs/ROB498-flight/resources/code/ros2_ws/install/px4_autonomy_modules/share/px4_autonomy_modules/launch/install/local_setup.ps1
[7.500s] -- Installing: /home/jetson/dogs/ROB498-flight/resources/code/ros2_ws/install/px4_autonomy_modules/share/px4_autonomy_modules/launch/install/local_setup.zsh
[7.501s] -- Installing: /home/jetson/dogs/ROB498-flight/resources/code/ros2_ws/install/px4_autonomy_modules/share/px4_autonomy_modules/launch/install/_local_setup_util_ps1.py
[7.502s] -- Installing: /home/jetson/dogs/ROB498-flight/resources/code/ros2_ws/install/px4_autonomy_modules/share/px4_autonomy_modules/launch/install/local_setup.sh
[7.503s] -- Installing: /home/jetson/dogs/ROB498-flight/resources/code/ros2_ws/install/px4_autonomy_modules/share/px4_autonomy_modules/launch/install/setup.ps1
[7.504s] -- Installing: /home/jetson/dogs/ROB498-flight/resources/code/ros2_ws/install/px4_autonomy_modules/share/px4_autonomy_modules/launch/install/setup.bash
[7.505s] -- Installing: /home/jetson/dogs/ROB498-flight/resources/code/ros2_ws/install/px4_autonomy_modules/share/px4_autonomy_modules/launch/install/setup.zsh
[7.506s] -- Installing: /home/jetson/dogs/ROB498-flight/resources/code/ros2_ws/install/px4_autonomy_modules/share/px4_autonomy_modules/launch/install/_local_setup_util_sh.py
[7.507s] -- Installing: /home/jetson/dogs/ROB498-flight/resources/code/ros2_ws/install/px4_autonomy_modules/share/px4_autonomy_modules/launch/install/setup.sh
[7.508s] -- Installing: /home/jetson/dogs/ROB498-flight/resources/code/ros2_ws/install/px4_autonomy_modules/share/px4_autonomy_modules/launch/install/.colcon_install_layout
[7.509s] -- Installing: /home/jetson/dogs/ROB498-flight/resources/code/ros2_ws/install/px4_autonomy_modules/share/px4_autonomy_modules/launch/px4_config.yaml
[7.510s] -- Installing: /home/jetson/dogs/ROB498-flight/resources/code/ros2_ws/install/px4_autonomy_modules/share/px4_autonomy_modules/launch/build
[7.510s] -- Installing: /home/jetson/dogs/ROB498-flight/resources/code/ros2_ws/install/px4_autonomy_modules/share/px4_autonomy_modules/launch/build/COLCON_IGNORE
[7.511s] -- Installing: /home/jetson/dogs/ROB498-flight/resources/code/ros2_ws/install/px4_autonomy_modules/share/px4_autonomy_modules/launch/build/.built_by
[7.512s] -- Installing: /home/jetson/dogs/ROB498-flight/resources/code/ros2_ws/install/px4_autonomy_modules/share/px4_autonomy_modules/launch/px4_pluginlists.yaml
[7.513s] -- Installing: /home/jetson/dogs/ROB498-flight/resources/code/ros2_ws/install/px4_autonomy_modules/share/px4_autonomy_modules/launch/mavros.launch.py
[7.514s] -- Installing: /home/jetson/dogs/ROB498-flight/resources/code/ros2_ws/install/px4_autonomy_modules/share/ament_index/resource_index/package_run_dependencies/px4_autonomy_modules
[7.515s] -- Installing: /home/jetson/dogs/ROB498-flight/resources/code/ros2_ws/install/px4_autonomy_modules/share/ament_index/resource_index/parent_prefix_path/px4_autonomy_modules
[7.516s] -- Installing: /home/jetson/dogs/ROB498-flight/resources/code/ros2_ws/install/px4_autonomy_modules/share/px4_autonomy_modules/environment/ament_prefix_path.sh
[7.516s] -- Installing: /home/jetson/dogs/ROB498-flight/resources/code/ros2_ws/install/px4_autonomy_modules/share/px4_autonomy_modules/environment/ament_prefix_path.dsv
[7.517s] -- Installing: /home/jetson/dogs/ROB498-flight/resources/code/ros2_ws/install/px4_autonomy_modules/share/px4_autonomy_modules/environment/path.sh
[7.518s] -- Installing: /home/jetson/dogs/ROB498-flight/resources/code/ros2_ws/install/px4_autonomy_modules/share/px4_autonomy_modules/environment/path.dsv
[7.518s] -- Installing: /home/jetson/dogs/ROB498-flight/resources/code/ros2_ws/install/px4_autonomy_modules/share/px4_autonomy_modules/local_setup.bash
[7.519s] -- Installing: /home/jetson/dogs/ROB498-flight/resources/code/ros2_ws/install/px4_autonomy_modules/share/px4_autonomy_modules/local_setup.sh
[7.520s] -- Installing: /home/jetson/dogs/ROB498-flight/resources/code/ros2_ws/install/px4_autonomy_modules/share/px4_autonomy_modules/local_setup.zsh
[7.520s] -- Installing: /home/jetson/dogs/ROB498-flight/resources/code/ros2_ws/install/px4_autonomy_modules/share/px4_autonomy_modules/local_setup.dsv
[7.521s] -- Installing: /home/jetson/dogs/ROB498-flight/resources/code/ros2_ws/install/px4_autonomy_modules/share/px4_autonomy_modules/package.dsv
[7.522s] -- Installing: /home/jetson/dogs/ROB498-flight/resources/code/ros2_ws/install/px4_autonomy_modules/share/ament_index/resource_index/packages/px4_autonomy_modules
[7.522s] -- Installing: /home/jetson/dogs/ROB498-flight/resources/code/ros2_ws/install/px4_autonomy_modules/share/px4_autonomy_modules/cmake/px4_autonomy_modulesConfig.cmake
[7.523s] -- Installing: /home/jetson/dogs/ROB498-flight/resources/code/ros2_ws/install/px4_autonomy_modules/share/px4_autonomy_modules/cmake/px4_autonomy_modulesConfig-version.cmake
[7.523s] -- Installing: /home/jetson/dogs/ROB498-flight/resources/code/ros2_ws/install/px4_autonomy_modules/share/px4_autonomy_modules/package.xml
[7.531s] Invoked command in '/home/jetson/dogs/ROB498-flight/resources/code/ros2_ws/build/px4_autonomy_modules' returned '0': CMAKE_PREFIX_PATH=${CMAKE_PREFIX_PATH}:/opt/ros/foxy /usr/bin/cmake --install /home/jetson/dogs/ROB498-flight/resources/code/ros2_ws/build/px4_autonomy_modules
