[1.081s] DEBUG:colcon:Command line arguments: ['/usr/bin/colcon', 'build']
[1.082s] DEBUG:colcon:Parsed command line arguments: Namespace(allow_overriding=[], ament_cmake_args=None, base_paths=['.'], build_base='build', catkin_cmake_args=None, catkin_skip_building_tests=False, cmake_args=None, cmake_clean_cache=False, cmake_clean_first=False, cmake_force_configure=False, cmake_target=None, cmake_target_skip_unavailable=False, continue_on_error=False, event_handlers=None, executor='parallel', ignore_user_meta=False, install_base='install', log_base=None, log_level=None, main=<bound method BuildVerb.main of <colcon_core.verb.build.BuildVerb object at 0x7fad805970>>, merge_install=False, metas=['./colcon.meta'], packages_above=None, packages_above_and_dependencies=None, packages_above_depth=None, packages_end=None, packages_ignore=None, packages_ignore_regex=None, packages_select=None, packages_select_build_failed=False, packages_select_by_dep=None, packages_select_regex=None, packages_select_test_failures=False, packages_skip=None, packages_skip_build_finished=False, packages_skip_by_dep=None, packages_skip_regex=None, packages_skip_test_passed=False, packages_skip_up_to=None, packages_start=None, packages_up_to=None, packages_up_to_regex=None, parallel_workers=4, paths=None, symlink_install=False, test_result_base=None, verb_extension=<colcon_core.verb.build.BuildVerb object at 0x7fad805970>, verb_name='build', verb_parser=<colcon_defaults.argument_parser.defaults.DefaultArgumentsDecorator object at 0x7fad798f40>)
[2.116s] Level 1:colcon.colcon_core.package_discovery:discover_packages(colcon_meta) check parameters
[2.117s] Level 1:colcon.colcon_core.package_discovery:discover_packages(recursive) check parameters
[2.117s] Level 1:colcon.colcon_core.package_discovery:discover_packages(ignore) check parameters
[2.117s] Level 1:colcon.colcon_core.package_discovery:discover_packages(path) check parameters
[2.117s] Level 1:colcon.colcon_core.package_discovery:discover_packages(colcon_meta) discover
[2.117s] Level 1:colcon.colcon_core.package_discovery:discover_packages(recursive) discover
[2.118s] INFO:colcon.colcon_core.package_discovery:Crawling recursively for packages in '/home/jetson/ros2_ws'
[2.118s] Level 1:colcon.colcon_core.package_identification:_identify(.) by extensions ['ignore', 'ignore_ament_install']
[2.119s] Level 1:colcon.colcon_core.package_identification:_identify(.) by extension 'ignore'
[2.119s] Level 1:colcon.colcon_core.package_identification:_identify(.) by extension 'ignore_ament_install'
[2.119s] Level 1:colcon.colcon_core.package_identification:_identify(.) by extensions ['colcon_pkg']
[2.119s] Level 1:colcon.colcon_core.package_identification:_identify(.) by extension 'colcon_pkg'
[2.119s] Level 1:colcon.colcon_core.package_identification:_identify(.) by extensions ['colcon_meta']
[2.120s] Level 1:colcon.colcon_core.package_identification:_identify(.) by extension 'colcon_meta'
[2.120s] Level 1:colcon.colcon_core.package_identification:_identify(.) by extensions ['ros']
[2.120s] Level 1:colcon.colcon_core.package_identification:_identify(.) by extension 'ros'
[2.189s] Level 1:colcon.colcon_core.package_identification:_identify(.) by extensions ['cmake', 'python']
[2.189s] Level 1:colcon.colcon_core.package_identification:_identify(.) by extension 'cmake'
[2.189s] Level 1:colcon.colcon_core.package_identification:_identify(.) by extension 'python'
[2.190s] Level 1:colcon.colcon_core.package_identification:_identify(.) by extensions ['python_setup_py']
[2.190s] Level 1:colcon.colcon_core.package_identification:_identify(.) by extension 'python_setup_py'
[2.190s] Level 1:colcon.colcon_core.package_identification:_identify(build) by extensions ['ignore', 'ignore_ament_install']
[2.191s] Level 1:colcon.colcon_core.package_identification:_identify(build) by extension 'ignore'
[2.191s] Level 1:colcon.colcon_core.package_identification:_identify(build) ignored
[2.191s] Level 1:colcon.colcon_core.package_identification:_identify(install) by extensions ['ignore', 'ignore_ament_install']
[2.192s] Level 1:colcon.colcon_core.package_identification:_identify(install) by extension 'ignore'
[2.192s] Level 1:colcon.colcon_core.package_identification:_identify(install) ignored
[2.193s] Level 1:colcon.colcon_core.package_identification:_identify(log) by extensions ['ignore', 'ignore_ament_install']
[2.194s] Level 1:colcon.colcon_core.package_identification:_identify(log) by extension 'ignore'
[2.194s] Level 1:colcon.colcon_core.package_identification:_identify(log) ignored
[2.195s] Level 1:colcon.colcon_core.package_identification:_identify(src) by extensions ['ignore', 'ignore_ament_install']
[2.195s] Level 1:colcon.colcon_core.package_identification:_identify(src) by extension 'ignore'
[2.195s] Level 1:colcon.colcon_core.package_identification:_identify(src) by extension 'ignore_ament_install'
[2.196s] Level 1:colcon.colcon_core.package_identification:_identify(src) by extensions ['colcon_pkg']
[2.196s] Level 1:colcon.colcon_core.package_identification:_identify(src) by extension 'colcon_pkg'
[2.196s] Level 1:colcon.colcon_core.package_identification:_identify(src) by extensions ['colcon_meta']
[2.197s] Level 1:colcon.colcon_core.package_identification:_identify(src) by extension 'colcon_meta'
[2.197s] Level 1:colcon.colcon_core.package_identification:_identify(src) by extensions ['ros']
[2.197s] Level 1:colcon.colcon_core.package_identification:_identify(src) by extension 'ros'
[2.197s] Level 1:colcon.colcon_core.package_identification:_identify(src) by extensions ['cmake', 'python']
[2.198s] Level 1:colcon.colcon_core.package_identification:_identify(src) by extension 'cmake'
[2.198s] Level 1:colcon.colcon_core.package_identification:_identify(src) by extension 'python'
[2.198s] Level 1:colcon.colcon_core.package_identification:_identify(src) by extensions ['python_setup_py']
[2.198s] Level 1:colcon.colcon_core.package_identification:_identify(src) by extension 'python_setup_py'
[2.199s] Level 1:colcon.colcon_core.package_identification:_identify(src/px4_autonomy_modules) by extensions ['ignore', 'ignore_ament_install']
[2.199s] Level 1:colcon.colcon_core.package_identification:_identify(src/px4_autonomy_modules) by extension 'ignore'
[2.200s] Level 1:colcon.colcon_core.package_identification:_identify(src/px4_autonomy_modules) by extension 'ignore_ament_install'
[2.200s] Level 1:colcon.colcon_core.package_identification:_identify(src/px4_autonomy_modules) by extensions ['colcon_pkg']
[2.200s] Level 1:colcon.colcon_core.package_identification:_identify(src/px4_autonomy_modules) by extension 'colcon_pkg'
[2.200s] Level 1:colcon.colcon_core.package_identification:_identify(src/px4_autonomy_modules) by extensions ['colcon_meta']
[2.200s] Level 1:colcon.colcon_core.package_identification:_identify(src/px4_autonomy_modules) by extension 'colcon_meta'
[2.201s] Level 1:colcon.colcon_core.package_identification:_identify(src/px4_autonomy_modules) by extensions ['ros']
[2.201s] Level 1:colcon.colcon_core.package_identification:_identify(src/px4_autonomy_modules) by extension 'ros'
[2.256s] DEBUG:colcon.colcon_core.package_identification:Package 'src/px4_autonomy_modules' with type 'ros.ament_cmake' and name 'px4_autonomy_modules'
[2.256s] Level 1:colcon.colcon_core.package_discovery:discover_packages(recursive) using defaults
[2.257s] Level 1:colcon.colcon_core.package_discovery:discover_packages(ignore) discover
[2.257s] Level 1:colcon.colcon_core.package_discovery:discover_packages(ignore) using defaults
[2.257s] Level 1:colcon.colcon_core.package_discovery:discover_packages(path) discover
[2.257s] Level 1:colcon.colcon_core.package_discovery:discover_packages(path) using defaults
[2.369s] Level 1:colcon.colcon_core.package_discovery:discover_packages(prefix_path) check parameters
[2.370s] Level 1:colcon.colcon_core.package_discovery:discover_packages(prefix_path) discover
[2.383s] DEBUG:colcon.colcon_installed_package_information.package_discovery:Found 1 installed packages in /home/jetson/ros2_ws/install
[2.390s] DEBUG:colcon.colcon_installed_package_information.package_discovery:Found 266 installed packages in /opt/ros/foxy
[2.399s] Level 1:colcon.colcon_core.package_discovery:discover_packages(prefix_path) using defaults
[2.802s] Level 5:colcon.colcon_core.verb:set package 'px4_autonomy_modules' build argument 'cmake_args' from command line to 'None'
[2.802s] Level 5:colcon.colcon_core.verb:set package 'px4_autonomy_modules' build argument 'cmake_target' from command line to 'None'
[2.802s] Level 5:colcon.colcon_core.verb:set package 'px4_autonomy_modules' build argument 'cmake_target_skip_unavailable' from command line to 'False'
[2.803s] Level 5:colcon.colcon_core.verb:set package 'px4_autonomy_modules' build argument 'cmake_clean_cache' from command line to 'False'
[2.803s] Level 5:colcon.colcon_core.verb:set package 'px4_autonomy_modules' build argument 'cmake_clean_first' from command line to 'False'
[2.803s] Level 5:colcon.colcon_core.verb:set package 'px4_autonomy_modules' build argument 'cmake_force_configure' from command line to 'False'
[2.803s] Level 5:colcon.colcon_core.verb:set package 'px4_autonomy_modules' build argument 'ament_cmake_args' from command line to 'None'
[2.803s] Level 5:colcon.colcon_core.verb:set package 'px4_autonomy_modules' build argument 'catkin_cmake_args' from command line to 'None'
[2.803s] Level 5:colcon.colcon_core.verb:set package 'px4_autonomy_modules' build argument 'catkin_skip_building_tests' from command line to 'False'
[2.804s] DEBUG:colcon.colcon_core.verb:Building package 'px4_autonomy_modules' with the following arguments: {'ament_cmake_args': None, 'build_base': '/home/jetson/ros2_ws/build/px4_autonomy_modules', 'catkin_cmake_args': None, 'catkin_skip_building_tests': False, 'cmake_args': None, 'cmake_clean_cache': False, 'cmake_clean_first': False, 'cmake_force_configure': False, 'cmake_target': None, 'cmake_target_skip_unavailable': False, 'install_base': '/home/jetson/ros2_ws/install/px4_autonomy_modules', 'merge_install': False, 'path': '/home/jetson/ros2_ws/src/px4_autonomy_modules', 'symlink_install': False, 'test_result_base': None}
[2.804s] INFO:colcon.colcon_core.executor:Executing jobs using 'parallel' executor
[2.809s] DEBUG:colcon.colcon_parallel_executor.executor.parallel:run_until_complete
[2.810s] INFO:colcon.colcon_ros.task.ament_cmake.build:Building ROS package in '/home/jetson/ros2_ws/src/px4_autonomy_modules' with build type 'ament_cmake'
[2.810s] INFO:colcon.colcon_cmake.task.cmake.build:Building CMake package in '/home/jetson/ros2_ws/src/px4_autonomy_modules'
[2.819s] INFO:colcon.colcon_core.plugin_system:Skipping extension 'colcon_core.shell.bat': Not used on non-Windows systems
[2.820s] INFO:colcon.colcon_core.shell:Skip shell extension 'powershell' for command environment: Not usable outside of PowerShell
[2.820s] DEBUG:colcon.colcon_core.shell:Skip shell extension 'dsv' for command environment
[2.852s] DEBUG:colcon.colcon_core.event_handler.log_command:Invoking command in '/home/jetson/ros2_ws/build/px4_autonomy_modules': CMAKE_PREFIX_PATH=${CMAKE_PREFIX_PATH}:/opt/ros/foxy /usr/bin/cmake /home/jetson/ros2_ws/src/px4_autonomy_modules -DCMAKE_INSTALL_PREFIX=/home/jetson/ros2_ws/install/px4_autonomy_modules
[10.465s] DEBUG:colcon.colcon_core.event_handler.log_command:Invoked command in '/home/jetson/ros2_ws/build/px4_autonomy_modules' returned '0': CMAKE_PREFIX_PATH=${CMAKE_PREFIX_PATH}:/opt/ros/foxy /usr/bin/cmake /home/jetson/ros2_ws/src/px4_autonomy_modules -DCMAKE_INSTALL_PREFIX=/home/jetson/ros2_ws/install/px4_autonomy_modules
[10.479s] DEBUG:colcon.colcon_core.event_handler.log_command:Invoking command in '/home/jetson/ros2_ws/build/px4_autonomy_modules': CMAKE_PREFIX_PATH=${CMAKE_PREFIX_PATH}:/opt/ros/foxy /usr/bin/cmake --build /home/jetson/ros2_ws/build/px4_autonomy_modules -- -j4 -l4
[10.626s] DEBUG:colcon.colcon_core.event_handler.log_command:Invoked command in '/home/jetson/ros2_ws/build/px4_autonomy_modules' returned '0': CMAKE_PREFIX_PATH=${CMAKE_PREFIX_PATH}:/opt/ros/foxy /usr/bin/cmake --build /home/jetson/ros2_ws/build/px4_autonomy_modules -- -j4 -l4
[10.751s] DEBUG:colcon.colcon_core.event_handler.log_command:Invoking command in '/home/jetson/ros2_ws/build/px4_autonomy_modules': CMAKE_PREFIX_PATH=${CMAKE_PREFIX_PATH}:/opt/ros/foxy /usr/bin/cmake --install /home/jetson/ros2_ws/build/px4_autonomy_modules
[10.799s] Level 1:colcon.colcon_core.environment:create_environment_scripts_only(px4_autonomy_modules)
[10.811s] DEBUG:colcon.colcon_core.event_handler.log_command:Invoked command in '/home/jetson/ros2_ws/build/px4_autonomy_modules' returned '0': CMAKE_PREFIX_PATH=${CMAKE_PREFIX_PATH}:/opt/ros/foxy /usr/bin/cmake --install /home/jetson/ros2_ws/build/px4_autonomy_modules
[10.816s] Level 1:colcon.colcon_core.environment:checking '/home/jetson/ros2_ws/install/px4_autonomy_modules' for CMake module files
[10.819s] Level 1:colcon.colcon_core.environment:checking '/home/jetson/ros2_ws/install/px4_autonomy_modules' for CMake config files
[10.821s] Level 1:colcon.colcon_core.shell:create_environment_hook('px4_autonomy_modules', 'cmake_prefix_path')
[10.823s] INFO:colcon.colcon_core.shell:Creating environment hook '/home/jetson/ros2_ws/install/px4_autonomy_modules/share/px4_autonomy_modules/hook/cmake_prefix_path.ps1'
[10.825s] INFO:colcon.colcon_core.shell:Creating environment descriptor '/home/jetson/ros2_ws/install/px4_autonomy_modules/share/px4_autonomy_modules/hook/cmake_prefix_path.dsv'
[10.828s] INFO:colcon.colcon_core.shell:Creating environment hook '/home/jetson/ros2_ws/install/px4_autonomy_modules/share/px4_autonomy_modules/hook/cmake_prefix_path.sh'
[10.832s] Level 1:colcon.colcon_core.environment:checking '/home/jetson/ros2_ws/install/px4_autonomy_modules/lib'
[10.833s] Level 1:colcon.colcon_core.environment:checking '/home/jetson/ros2_ws/install/px4_autonomy_modules/bin'
[10.833s] Level 1:colcon.colcon_core.environment:checking '/home/jetson/ros2_ws/install/px4_autonomy_modules/lib/pkgconfig/px4_autonomy_modules.pc'
[10.834s] Level 1:colcon.colcon_core.environment:checking '/home/jetson/ros2_ws/install/px4_autonomy_modules/lib/python3.8/site-packages'
[10.835s] Level 1:colcon.colcon_core.environment:checking '/home/jetson/ros2_ws/install/px4_autonomy_modules/bin'
[10.836s] INFO:colcon.colcon_core.shell:Creating package script '/home/jetson/ros2_ws/install/px4_autonomy_modules/share/px4_autonomy_modules/package.ps1'
[10.840s] INFO:colcon.colcon_core.shell:Creating package descriptor '/home/jetson/ros2_ws/install/px4_autonomy_modules/share/px4_autonomy_modules/package.dsv'
[10.842s] INFO:colcon.colcon_core.shell:Creating package script '/home/jetson/ros2_ws/install/px4_autonomy_modules/share/px4_autonomy_modules/package.sh'
[10.845s] INFO:colcon.colcon_core.shell:Creating package script '/home/jetson/ros2_ws/install/px4_autonomy_modules/share/px4_autonomy_modules/package.bash'
[10.849s] INFO:colcon.colcon_core.shell:Creating package script '/home/jetson/ros2_ws/install/px4_autonomy_modules/share/px4_autonomy_modules/package.zsh'
[10.852s] Level 1:colcon.colcon_core.environment:create_file_with_runtime_dependencies(/home/jetson/ros2_ws/install/px4_autonomy_modules/share/colcon-core/packages/px4_autonomy_modules)
[10.925s] Level 1:colcon.colcon_core.environment:create_environment_scripts_only(px4_autonomy_modules)
[10.926s] Level 1:colcon.colcon_core.environment:checking '/home/jetson/ros2_ws/install/px4_autonomy_modules' for CMake module files
[10.929s] Level 1:colcon.colcon_core.environment:checking '/home/jetson/ros2_ws/install/px4_autonomy_modules' for CMake config files
[10.930s] Level 1:colcon.colcon_core.shell:create_environment_hook('px4_autonomy_modules', 'cmake_prefix_path')
[10.931s] INFO:colcon.colcon_core.shell:Creating environment hook '/home/jetson/ros2_ws/install/px4_autonomy_modules/share/px4_autonomy_modules/hook/cmake_prefix_path.ps1'
[10.935s] INFO:colcon.colcon_core.shell:Creating environment descriptor '/home/jetson/ros2_ws/install/px4_autonomy_modules/share/px4_autonomy_modules/hook/cmake_prefix_path.dsv'
[10.937s] INFO:colcon.colcon_core.shell:Creating environment hook '/home/jetson/ros2_ws/install/px4_autonomy_modules/share/px4_autonomy_modules/hook/cmake_prefix_path.sh'
[10.939s] Level 1:colcon.colcon_core.environment:checking '/home/jetson/ros2_ws/install/px4_autonomy_modules/lib'
[10.940s] Level 1:colcon.colcon_core.environment:checking '/home/jetson/ros2_ws/install/px4_autonomy_modules/bin'
[10.940s] Level 1:colcon.colcon_core.environment:checking '/home/jetson/ros2_ws/install/px4_autonomy_modules/lib/pkgconfig/px4_autonomy_modules.pc'
[10.941s] Level 1:colcon.colcon_core.environment:checking '/home/jetson/ros2_ws/install/px4_autonomy_modules/lib/python3.8/site-packages'
[10.942s] Level 1:colcon.colcon_core.environment:checking '/home/jetson/ros2_ws/install/px4_autonomy_modules/bin'
[10.943s] INFO:colcon.colcon_core.shell:Creating package script '/home/jetson/ros2_ws/install/px4_autonomy_modules/share/px4_autonomy_modules/package.ps1'
[10.946s] INFO:colcon.colcon_core.shell:Creating package descriptor '/home/jetson/ros2_ws/install/px4_autonomy_modules/share/px4_autonomy_modules/package.dsv'
[10.948s] INFO:colcon.colcon_core.shell:Creating package script '/home/jetson/ros2_ws/install/px4_autonomy_modules/share/px4_autonomy_modules/package.sh'
[10.950s] INFO:colcon.colcon_core.shell:Creating package script '/home/jetson/ros2_ws/install/px4_autonomy_modules/share/px4_autonomy_modules/package.bash'
[10.953s] INFO:colcon.colcon_core.shell:Creating package script '/home/jetson/ros2_ws/install/px4_autonomy_modules/share/px4_autonomy_modules/package.zsh'
[10.954s] Level 1:colcon.colcon_core.environment:create_file_with_runtime_dependencies(/home/jetson/ros2_ws/install/px4_autonomy_modules/share/colcon-core/packages/px4_autonomy_modules)
[10.956s] DEBUG:colcon.colcon_parallel_executor.executor.parallel:closing loop
[10.957s] DEBUG:colcon.colcon_parallel_executor.executor.parallel:loop closed
[10.958s] DEBUG:colcon.colcon_parallel_executor.executor.parallel:run_until_complete finished with '0'
[10.958s] DEBUG:colcon.colcon_core.event_reactor:joining thread
[10.990s] INFO:colcon.colcon_core.plugin_system:Skipping extension 'colcon_notification.desktop_notification.terminal_notifier': Not used on non-Darwin systems
[10.990s] INFO:colcon.colcon_core.plugin_system:Skipping extension 'colcon_notification.desktop_notification.win32': Not used on non-Windows systems
[10.991s] INFO:colcon.colcon_notification.desktop_notification:Sending desktop notification using 'notify2'
[11.059s] DEBUG:colcon.colcon_core.event_reactor:joined thread
[11.060s] INFO:colcon.colcon_core.shell:Creating prefix script '/home/jetson/ros2_ws/install/local_setup.ps1'
[11.065s] INFO:colcon.colcon_core.shell:Creating prefix util module '/home/jetson/ros2_ws/install/_local_setup_util_ps1.py'
[11.075s] INFO:colcon.colcon_core.shell:Creating prefix chain script '/home/jetson/ros2_ws/install/setup.ps1'
[11.081s] INFO:colcon.colcon_core.shell:Creating prefix script '/home/jetson/ros2_ws/install/local_setup.sh'
[11.086s] INFO:colcon.colcon_core.shell:Creating prefix util module '/home/jetson/ros2_ws/install/_local_setup_util_sh.py'
[11.090s] INFO:colcon.colcon_core.shell:Creating prefix chain script '/home/jetson/ros2_ws/install/setup.sh'
[11.097s] INFO:colcon.colcon_core.shell:Creating prefix script '/home/jetson/ros2_ws/install/local_setup.bash'
[11.100s] INFO:colcon.colcon_core.shell:Creating prefix chain script '/home/jetson/ros2_ws/install/setup.bash'
[11.109s] INFO:colcon.colcon_core.shell:Creating prefix script '/home/jetson/ros2_ws/install/local_setup.zsh'
[11.113s] INFO:colcon.colcon_core.shell:Creating prefix chain script '/home/jetson/ros2_ws/install/setup.zsh'
