[0.040s] Invoking command in '/home/jetson/dogs/ROB498-flight/resources/code/ros2_ws/build/px4_autonomy_modules': CMAKE_PREFIX_PATH=${CMAKE_PREFIX_PATH}:/opt/ros/foxy /usr/bin/cmake /home/jetson/dogs/ROB498-flight/resources/code/ros2_ws/src/px4_autonomy_modules -DCMAKE_INSTALL_PREFIX=/home/jetson/dogs/ROB498-flight/resources/code/ros2_ws/install/px4_autonomy_modules
[0.257s] -- The C compiler identification is GNU 8.4.0
[0.447s] -- The CXX compiler identification is GNU 8.4.0
[0.463s] -- Check for working C compiler: /usr/bin/cc
[0.700s] -- Check for working C compiler: /usr/bin/cc -- works
[0.703s] -- Detecting C compiler ABI info
[0.946s] -- Detecting C compiler ABI info - done
[0.993s] -- Detecting C compile features
[0.994s] -- Detecting C compile features - done
[1.004s] -- Check for working CXX compiler: /usr/bin/c++
[1.274s] -- Check for working CXX compiler: /usr/bin/c++ -- works
[1.277s] -- Detecting CXX compiler ABI info
[1.548s] -- Detecting CXX compiler ABI info - done
[1.595s] -- Detecting CXX compile features
[1.597s] -- Detecting CXX compile features - done
[1.610s] -- Found ament_cmake: 0.9.12 (/opt/ros/foxy/share/ament_cmake/cmake)
[1.714s] -- Found PythonInterp: /usr/bin/python3 (found suitable version "3.8.10", minimum required is "3") 
[1.714s] -- Using PYTHON_EXECUTABLE: /usr/bin/python3
[2.736s] -- Found rclcpp: 2.4.3 (/opt/ros/foxy/share/rclcpp/cmake)
[2.962s] -- Using all available rosidl_typesupport_c: rosidl_typesupport_fastrtps_c;rosidl_typesupport_introspection_c
[3.000s] -- Found rosidl_adapter: 1.3.1 (/opt/ros/foxy/share/rosidl_adapter/cmake)
[3.367s] -- Found OpenSSL: /usr/lib/aarch64-linux-gnu/libcrypto.so (found version "1.1.1f")  
[3.483s] -- Found FastRTPS: /opt/ros/foxy/include  
[3.853s] -- Using all available rosidl_typesupport_cpp: rosidl_typesupport_fastrtps_cpp;rosidl_typesupport_introspection_cpp
[4.114s] -- Found rmw_implementation_cmake: 1.0.4 (/opt/ros/foxy/share/rmw_implementation_cmake/cmake)
[4.120s] -- Using RMW implementation 'rmw_fastrtps_cpp' as default
[4.123s] -- Looking for pthread.h
[4.372s] -- Looking for pthread.h - found
[4.372s] -- Performing Test CMAKE_HAVE_LIBC_PTHREAD
[4.623s] -- Performing Test CMAKE_HAVE_LIBC_PTHREAD - Failed
[4.623s] -- Looking for pthread_create in pthreads
[4.824s] -- Looking for pthread_create in pthreads - not found
[4.824s] -- Looking for pthread_create in pthread
[5.068s] -- Looking for pthread_create in pthread - found
[5.072s] -- Found Threads: TRUE  
[5.793s] -- Found rclpy: 1.0.13 (/opt/ros/foxy/share/rclpy/cmake)
[5.801s] -- Found nav_msgs: 2.0.5 (/opt/ros/foxy/share/nav_msgs/cmake)
[6.334s] -- Found sensor_msgs: 2.0.5 (/opt/ros/foxy/share/sensor_msgs/cmake)
[6.662s] -- Found mavros: 2.4.0 (/opt/ros/foxy/share/mavros/cmake)
[6.703s] -- Found mavros_extras: 2.4.0 (/opt/ros/foxy/share/mavros_extras/cmake)
[6.719s] -- Found ament_lint_auto: 0.9.8 (/opt/ros/foxy/share/ament_lint_auto/cmake)
[7.106s] -- Added test 'cppcheck' to perform static code analysis on C / C++ code
[7.106s] -- Configured cppcheck include dirs: 
[7.106s] -- Configured cppcheck exclude dirs and/or files: 
[7.117s] -- Added test 'flake8' to check Python code syntax and style conventions
[7.135s] -- Added test 'lint_cmake' to check CMake code style
[7.146s] -- Added test 'pep257' to check Python code against some of the style conventions in PEP 257
[7.215s] -- Added test 'uncrustify' to check C / C++ code style
[7.216s] -- Configured uncrustify additional arguments: 
[7.226s] -- Added test 'xmllint' to check XML markup files
[7.241s] -- Configuring done
[7.251s] -- Generating done
[7.258s] -- Build files have been written to: /home/jetson/dogs/ROB498-flight/resources/code/ros2_ws/build/px4_autonomy_modules
[7.291s] Invoked command in '/home/jetson/dogs/ROB498-flight/resources/code/ros2_ws/build/px4_autonomy_modules' returned '0': CMAKE_PREFIX_PATH=${CMAKE_PREFIX_PATH}:/opt/ros/foxy /usr/bin/cmake /home/jetson/dogs/ROB498-flight/resources/code/ros2_ws/src/px4_autonomy_modules -DCMAKE_INSTALL_PREFIX=/home/jetson/dogs/ROB498-flight/resources/code/ros2_ws/install/px4_autonomy_modules
[7.297s] Invoking command in '/home/jetson/dogs/ROB498-flight/resources/code/ros2_ws/build/px4_autonomy_modules': CMAKE_PREFIX_PATH=${CMAKE_PREFIX_PATH}:/opt/ros/foxy /usr/bin/cmake --build /home/jetson/dogs/ROB498-flight/resources/code/ros2_ws/build/px4_autonomy_modules -- -j4 -l4
[7.447s] Invoked command in '/home/jetson/dogs/ROB498-flight/resources/code/ros2_ws/build/px4_autonomy_modules' returned '0': CMAKE_PREFIX_PATH=${CMAKE_PREFIX_PATH}:/opt/ros/foxy /usr/bin/cmake --build /home/jetson/dogs/ROB498-flight/resources/code/ros2_ws/build/px4_autonomy_modules -- -j4 -l4
[7.559s] Invoking command in '/home/jetson/dogs/ROB498-flight/resources/code/ros2_ws/build/px4_autonomy_modules': CMAKE_PREFIX_PATH=${CMAKE_PREFIX_PATH}:/opt/ros/foxy /usr/bin/cmake --install /home/jetson/dogs/ROB498-flight/resources/code/ros2_ws/build/px4_autonomy_modules
[7.595s] -- Install configuration: ""
[7.595s] -- Installing: /home/jetson/dogs/ROB498-flight/resources/code/ros2_ws/install/px4_autonomy_modules/lib/px4_autonomy_modules/flight_exercise_2.py
[7.596s] -- Installing: /home/jetson/dogs/ROB498-flight/resources/code/ros2_ws/install/px4_autonomy_modules/lib/px4_autonomy_modules/pose_relay_node.py
[7.596s] -- Up-to-date: /home/jetson/dogs/ROB498-flight/resources/code/ros2_ws/install/px4_autonomy_modules/share/px4_autonomy_modules/launch
[7.597s] -- Up-to-date: /home/jetson/dogs/ROB498-flight/resources/code/ros2_ws/install/px4_autonomy_modules/share/px4_autonomy_modules/launch/log
[7.598s] -- Up-to-date: /home/jetson/dogs/ROB498-flight/resources/code/ros2_ws/install/px4_autonomy_modules/share/px4_autonomy_modules/launch/log/COLCON_IGNORE
[7.598s] -- Up-to-date: /home/jetson/dogs/ROB498-flight/resources/code/ros2_ws/install/px4_autonomy_modules/share/px4_autonomy_modules/launch/log/build_2025-02-19_12-16-55
[7.599s] -- Up-to-date: /home/jetson/dogs/ROB498-flight/resources/code/ros2_ws/install/px4_autonomy_modules/share/px4_autonomy_modules/launch/log/build_2025-02-19_12-16-55/logger_all.log
[7.599s] -- Up-to-date: /home/jetson/dogs/ROB498-flight/resources/code/ros2_ws/install/px4_autonomy_modules/share/px4_autonomy_modules/launch/log/build_2025-02-19_12-16-55/events.log
[7.599s] -- Up-to-date: /home/jetson/dogs/ROB498-flight/resources/code/ros2_ws/install/px4_autonomy_modules/share/px4_autonomy_modules/launch/log/latest
[7.600s] -- Up-to-date: /home/jetson/dogs/ROB498-flight/resources/code/ros2_ws/install/px4_autonomy_modules/share/px4_autonomy_modules/launch/log/build_2025-02-19_12-12-14
[7.600s] -- Up-to-date: /home/jetson/dogs/ROB498-flight/resources/code/ros2_ws/install/px4_autonomy_modules/share/px4_autonomy_modules/launch/log/build_2025-02-19_12-12-14/logger_all.log
[7.601s] -- Up-to-date: /home/jetson/dogs/ROB498-flight/resources/code/ros2_ws/install/px4_autonomy_modules/share/px4_autonomy_modules/launch/log/build_2025-02-19_12-12-14/events.log
[7.601s] -- Up-to-date: /home/jetson/dogs/ROB498-flight/resources/code/ros2_ws/install/px4_autonomy_modules/share/px4_autonomy_modules/launch/log/latest_build
[7.601s] -- Up-to-date: /home/jetson/dogs/ROB498-flight/resources/code/ros2_ws/install/px4_autonomy_modules/share/px4_autonomy_modules/launch/install
[7.602s] -- Up-to-date: /home/jetson/dogs/ROB498-flight/resources/code/ros2_ws/install/px4_autonomy_modules/share/px4_autonomy_modules/launch/install/COLCON_IGNORE
[7.602s] -- Up-to-date: /home/jetson/dogs/ROB498-flight/resources/code/ros2_ws/install/px4_autonomy_modules/share/px4_autonomy_modules/launch/install/local_setup.bash
[7.603s] -- Up-to-date: /home/jetson/dogs/ROB498-flight/resources/code/ros2_ws/install/px4_autonomy_modules/share/px4_autonomy_modules/launch/install/local_setup.ps1
[7.603s] -- Up-to-date: /home/jetson/dogs/ROB498-flight/resources/code/ros2_ws/install/px4_autonomy_modules/share/px4_autonomy_modules/launch/install/local_setup.zsh
[7.603s] -- Up-to-date: /home/jetson/dogs/ROB498-flight/resources/code/ros2_ws/install/px4_autonomy_modules/share/px4_autonomy_modules/launch/install/_local_setup_util_ps1.py
[7.604s] -- Up-to-date: /home/jetson/dogs/ROB498-flight/resources/code/ros2_ws/install/px4_autonomy_modules/share/px4_autonomy_modules/launch/install/local_setup.sh
[7.604s] -- Up-to-date: /home/jetson/dogs/ROB498-flight/resources/code/ros2_ws/install/px4_autonomy_modules/share/px4_autonomy_modules/launch/install/setup.ps1
[7.604s] -- Up-to-date: /home/jetson/dogs/ROB498-flight/resources/code/ros2_ws/install/px4_autonomy_modules/share/px4_autonomy_modules/launch/install/setup.bash
[7.605s] -- Up-to-date: /home/jetson/dogs/ROB498-flight/resources/code/ros2_ws/install/px4_autonomy_modules/share/px4_autonomy_modules/launch/install/setup.zsh
[7.605s] -- Up-to-date: /home/jetson/dogs/ROB498-flight/resources/code/ros2_ws/install/px4_autonomy_modules/share/px4_autonomy_modules/launch/install/_local_setup_util_sh.py
[7.605s] -- Up-to-date: /home/jetson/dogs/ROB498-flight/resources/code/ros2_ws/install/px4_autonomy_modules/share/px4_autonomy_modules/launch/install/setup.sh
[7.606s] -- Up-to-date: /home/jetson/dogs/ROB498-flight/resources/code/ros2_ws/install/px4_autonomy_modules/share/px4_autonomy_modules/launch/install/.colcon_install_layout
[7.606s] -- Up-to-date: /home/jetson/dogs/ROB498-flight/resources/code/ros2_ws/install/px4_autonomy_modules/share/px4_autonomy_modules/launch/px4_config.yaml
[7.606s] -- Up-to-date: /home/jetson/dogs/ROB498-flight/resources/code/ros2_ws/install/px4_autonomy_modules/share/px4_autonomy_modules/launch/build
[7.607s] -- Up-to-date: /home/jetson/dogs/ROB498-flight/resources/code/ros2_ws/install/px4_autonomy_modules/share/px4_autonomy_modules/launch/build/COLCON_IGNORE
[7.607s] -- Up-to-date: /home/jetson/dogs/ROB498-flight/resources/code/ros2_ws/install/px4_autonomy_modules/share/px4_autonomy_modules/launch/build/.built_by
[7.608s] -- Up-to-date: /home/jetson/dogs/ROB498-flight/resources/code/ros2_ws/install/px4_autonomy_modules/share/px4_autonomy_modules/launch/px4_pluginlists.yaml
[7.608s] -- Up-to-date: /home/jetson/dogs/ROB498-flight/resources/code/ros2_ws/install/px4_autonomy_modules/share/px4_autonomy_modules/launch/mavros.launch.py
[7.608s] -- Installing: /home/jetson/dogs/ROB498-flight/resources/code/ros2_ws/install/px4_autonomy_modules/share/ament_index/resource_index/package_run_dependencies/px4_autonomy_modules
[7.609s] -- Installing: /home/jetson/dogs/ROB498-flight/resources/code/ros2_ws/install/px4_autonomy_modules/share/ament_index/resource_index/parent_prefix_path/px4_autonomy_modules
[7.609s] -- Up-to-date: /home/jetson/dogs/ROB498-flight/resources/code/ros2_ws/install/px4_autonomy_modules/share/px4_autonomy_modules/environment/ament_prefix_path.sh
[7.609s] -- Installing: /home/jetson/dogs/ROB498-flight/resources/code/ros2_ws/install/px4_autonomy_modules/share/px4_autonomy_modules/environment/ament_prefix_path.dsv
[7.610s] -- Up-to-date: /home/jetson/dogs/ROB498-flight/resources/code/ros2_ws/install/px4_autonomy_modules/share/px4_autonomy_modules/environment/path.sh
[7.610s] -- Installing: /home/jetson/dogs/ROB498-flight/resources/code/ros2_ws/install/px4_autonomy_modules/share/px4_autonomy_modules/environment/path.dsv
[7.611s] -- Installing: /home/jetson/dogs/ROB498-flight/resources/code/ros2_ws/install/px4_autonomy_modules/share/px4_autonomy_modules/local_setup.bash
[7.611s] -- Installing: /home/jetson/dogs/ROB498-flight/resources/code/ros2_ws/install/px4_autonomy_modules/share/px4_autonomy_modules/local_setup.sh
[7.611s] -- Installing: /home/jetson/dogs/ROB498-flight/resources/code/ros2_ws/install/px4_autonomy_modules/share/px4_autonomy_modules/local_setup.zsh
[7.612s] -- Installing: /home/jetson/dogs/ROB498-flight/resources/code/ros2_ws/install/px4_autonomy_modules/share/px4_autonomy_modules/local_setup.dsv
[7.612s] -- Installing: /home/jetson/dogs/ROB498-flight/resources/code/ros2_ws/install/px4_autonomy_modules/share/px4_autonomy_modules/package.dsv
[7.613s] -- Installing: /home/jetson/dogs/ROB498-flight/resources/code/ros2_ws/install/px4_autonomy_modules/share/ament_index/resource_index/packages/px4_autonomy_modules
[7.613s] -- Installing: /home/jetson/dogs/ROB498-flight/resources/code/ros2_ws/install/px4_autonomy_modules/share/px4_autonomy_modules/cmake/px4_autonomy_modulesConfig.cmake
[7.614s] -- Installing: /home/jetson/dogs/ROB498-flight/resources/code/ros2_ws/install/px4_autonomy_modules/share/px4_autonomy_modules/cmake/px4_autonomy_modulesConfig-version.cmake
[7.616s] -- Up-to-date: /home/jetson/dogs/ROB498-flight/resources/code/ros2_ws/install/px4_autonomy_modules/share/px4_autonomy_modules/package.xml
[7.618s] Invoked command in '/home/jetson/dogs/ROB498-flight/resources/code/ros2_ws/build/px4_autonomy_modules' returned '0': CMAKE_PREFIX_PATH=${CMAKE_PREFIX_PATH}:/opt/ros/foxy /usr/bin/cmake --install /home/jetson/dogs/ROB498-flight/resources/code/ros2_ws/build/px4_autonomy_modules
