[0.044s] Invoking command in '/home/jetson/dogs/ROB498-flight/resources/code/ros2_ws/build/px4_autonomy_modules': CMAKE_PREFIX_PATH=${CMAKE_PREFIX_PATH}:/opt/ros/foxy /usr/bin/cmake /home/jetson/dogs/ROB498-flight/resources/code/ros2_ws/src/px4_autonomy_modules -DCMAKE_INSTALL_PREFIX=/home/jetson/dogs/ROB498-flight/resources/code/ros2_ws/install/px4_autonomy_modules
[0.261s] -- The C compiler identification is GNU 8.4.0
[0.450s] -- The CXX compiler identification is GNU 8.4.0
[0.467s] -- Check for working C compiler: /usr/bin/cc
[0.702s] -- Check for working C compiler: /usr/bin/cc -- works
[0.705s] -- Detecting C compiler ABI info
[0.942s] -- Detecting C compiler ABI info - done
[0.989s] -- Detecting C compile features
[0.990s] -- Detecting C compile features - done
[1.000s] -- Check for working CXX compiler: /usr/bin/c++
[1.269s] -- Check for working CXX compiler: /usr/bin/c++ -- works
[1.273s] -- Detecting CXX compiler ABI info
[1.543s] -- Detecting CXX compiler ABI info - done
[1.592s] -- Detecting CXX compile features
[1.594s] -- Detecting CXX compile features - done
[1.607s] -- Found ament_cmake: 0.9.12 (/opt/ros/foxy/share/ament_cmake/cmake)
[1.711s] -- Found PythonInterp: /usr/bin/python3 (found suitable version "3.8.10", minimum required is "3") 
[1.712s] -- Using PYTHON_EXECUTABLE: /usr/bin/python3
[2.721s] -- Found rclcpp: 2.4.3 (/opt/ros/foxy/share/rclcpp/cmake)
[2.947s] -- Using all available rosidl_typesupport_c: rosidl_typesupport_fastrtps_c;rosidl_typesupport_introspection_c
[2.984s] -- Found rosidl_adapter: 1.3.1 (/opt/ros/foxy/share/rosidl_adapter/cmake)
[3.348s] -- Found OpenSSL: /usr/lib/aarch64-linux-gnu/libcrypto.so (found version "1.1.1f")  
[3.465s] -- Found FastRTPS: /opt/ros/foxy/include  
[3.830s] -- Using all available rosidl_typesupport_cpp: rosidl_typesupport_fastrtps_cpp;rosidl_typesupport_introspection_cpp
[4.090s] -- Found rmw_implementation_cmake: 1.0.4 (/opt/ros/foxy/share/rmw_implementation_cmake/cmake)
[4.096s] -- Using RMW implementation 'rmw_fastrtps_cpp' as default
[4.099s] -- Looking for pthread.h
[4.348s] -- Looking for pthread.h - found
[4.349s] -- Performing Test CMAKE_HAVE_LIBC_PTHREAD
[4.600s] -- Performing Test CMAKE_HAVE_LIBC_PTHREAD - Failed
[4.600s] -- Looking for pthread_create in pthreads
[4.803s] -- Looking for pthread_create in pthreads - not found
[4.804s] -- Looking for pthread_create in pthread
[5.047s] -- Looking for pthread_create in pthread - found
[5.050s] -- Found Threads: TRUE  
[5.763s] -- Found rclpy: 1.0.13 (/opt/ros/foxy/share/rclpy/cmake)
[5.771s] -- Found nav_msgs: 2.0.5 (/opt/ros/foxy/share/nav_msgs/cmake)
[6.307s] -- Found sensor_msgs: 2.0.5 (/opt/ros/foxy/share/sensor_msgs/cmake)
[6.635s] -- Found mavros: 2.4.0 (/opt/ros/foxy/share/mavros/cmake)
[6.675s] -- Found mavros_extras: 2.4.0 (/opt/ros/foxy/share/mavros_extras/cmake)
[6.692s] -- Found ament_lint_auto: 0.9.8 (/opt/ros/foxy/share/ament_lint_auto/cmake)
[7.078s] -- Added test 'cppcheck' to perform static code analysis on C / C++ code
[7.079s] -- Configured cppcheck include dirs: 
[7.079s] -- Configured cppcheck exclude dirs and/or files: 
[7.089s] -- Added test 'flake8' to check Python code syntax and style conventions
[7.108s] -- Added test 'lint_cmake' to check CMake code style
[7.119s] -- Added test 'pep257' to check Python code against some of the style conventions in PEP 257
[7.189s] -- Added test 'uncrustify' to check C / C++ code style
[7.189s] -- Configured uncrustify additional arguments: 
[7.199s] -- Added test 'xmllint' to check XML markup files
[7.214s] -- Configuring done
[7.223s] -- Generating done
[7.230s] -- Build files have been written to: /home/jetson/dogs/ROB498-flight/resources/code/ros2_ws/build/px4_autonomy_modules
[7.262s] Invoked command in '/home/jetson/dogs/ROB498-flight/resources/code/ros2_ws/build/px4_autonomy_modules' returned '0': CMAKE_PREFIX_PATH=${CMAKE_PREFIX_PATH}:/opt/ros/foxy /usr/bin/cmake /home/jetson/dogs/ROB498-flight/resources/code/ros2_ws/src/px4_autonomy_modules -DCMAKE_INSTALL_PREFIX=/home/jetson/dogs/ROB498-flight/resources/code/ros2_ws/install/px4_autonomy_modules
[7.274s] Invoking command in '/home/jetson/dogs/ROB498-flight/resources/code/ros2_ws/build/px4_autonomy_modules': CMAKE_PREFIX_PATH=${CMAKE_PREFIX_PATH}:/opt/ros/foxy /usr/bin/cmake --build /home/jetson/dogs/ROB498-flight/resources/code/ros2_ws/build/px4_autonomy_modules -- -j4 -l4
[7.425s] Invoked command in '/home/jetson/dogs/ROB498-flight/resources/code/ros2_ws/build/px4_autonomy_modules' returned '0': CMAKE_PREFIX_PATH=${CMAKE_PREFIX_PATH}:/opt/ros/foxy /usr/bin/cmake --build /home/jetson/dogs/ROB498-flight/resources/code/ros2_ws/build/px4_autonomy_modules -- -j4 -l4
[7.535s] Invoking command in '/home/jetson/dogs/ROB498-flight/resources/code/ros2_ws/build/px4_autonomy_modules': CMAKE_PREFIX_PATH=${CMAKE_PREFIX_PATH}:/opt/ros/foxy /usr/bin/cmake --install /home/jetson/dogs/ROB498-flight/resources/code/ros2_ws/build/px4_autonomy_modules
[7.564s] -- Install configuration: ""
[7.565s] CMake Error at cmake_install.cmake:41 (file):
[7.566s]   file INSTALL cannot find
[7.566s]   "/home/jetson/dogs/ROB498-flight/resources/code/ros2_ws/src/px4_autonomy_modules/nodes/*":
[7.566s]   No such file or directory.
[7.567s] 
[7.567s] 
[7.570s] Invoked command in '/home/jetson/dogs/ROB498-flight/resources/code/ros2_ws/build/px4_autonomy_modules' returned '1': CMAKE_PREFIX_PATH=${CMAKE_PREFIX_PATH}:/opt/ros/foxy /usr/bin/cmake --install /home/jetson/dogs/ROB498-flight/resources/code/ros2_ws/build/px4_autonomy_modules
