[0.042s] Invoking command in '/home/jetson/dogs/ROB498-flight/resources/code/ros2_ws/build/px4_autonomy_modules': CMAKE_PREFIX_PATH=${CMAKE_PREFIX_PATH}:/opt/ros/foxy /usr/bin/cmake /home/jetson/dogs/ROB498-flight/resources/code/ros2_ws/src/px4_autonomy_modules -DCMAKE_INSTALL_PREFIX=/home/jetson/dogs/ROB498-flight/resources/code/ros2_ws/install/px4_autonomy_modules
[0.264s] -- The C compiler identification is GNU 8.4.0
[0.451s] -- The CXX compiler identification is GNU 8.4.0
[0.468s] -- Check for working C compiler: /usr/bin/cc
[0.704s] -- Check for working C compiler: /usr/bin/cc -- works
[0.707s] -- Detecting C compiler ABI info
[0.945s] -- Detecting C compiler ABI info - done
[0.991s] -- Detecting C compile features
[0.992s] -- Detecting C compile features - done
[1.002s] -- Check for working CXX compiler: /usr/bin/c++
[1.272s] -- Check for working CXX compiler: /usr/bin/c++ -- works
[1.275s] -- Detecting CXX compiler ABI info
[1.549s] -- Detecting CXX compiler ABI info - done
[1.596s] -- Detecting CXX compile features
[1.598s] -- Detecting CXX compile features - done
[1.611s] -- Found ament_cmake: 0.9.12 (/opt/ros/foxy/share/ament_cmake/cmake)
[1.714s] -- Found PythonInterp: /usr/bin/python3 (found suitable version "3.8.10", minimum required is "3") 
[1.714s] -- Using PYTHON_EXECUTABLE: /usr/bin/python3
[2.719s] -- Found rclcpp: 2.4.3 (/opt/ros/foxy/share/rclcpp/cmake)
[2.943s] -- Using all available rosidl_typesupport_c: rosidl_typesupport_fastrtps_c;rosidl_typesupport_introspection_c
[2.981s] -- Found rosidl_adapter: 1.3.1 (/opt/ros/foxy/share/rosidl_adapter/cmake)
[3.350s] -- Found OpenSSL: /usr/lib/aarch64-linux-gnu/libcrypto.so (found version "1.1.1f")  
[3.465s] -- Found FastRTPS: /opt/ros/foxy/include  
[3.827s] -- Using all available rosidl_typesupport_cpp: rosidl_typesupport_fastrtps_cpp;rosidl_typesupport_introspection_cpp
[4.088s] -- Found rmw_implementation_cmake: 1.0.4 (/opt/ros/foxy/share/rmw_implementation_cmake/cmake)
[4.093s] -- Using RMW implementation 'rmw_fastrtps_cpp' as default
[4.096s] -- Looking for pthread.h
[4.345s] -- Looking for pthread.h - found
[4.345s] -- Performing Test CMAKE_HAVE_LIBC_PTHREAD
[4.599s] -- Performing Test CMAKE_HAVE_LIBC_PTHREAD - Failed
[4.599s] -- Looking for pthread_create in pthreads
[4.801s] -- Looking for pthread_create in pthreads - not found
[4.801s] -- Looking for pthread_create in pthread
[5.046s] -- Looking for pthread_create in pthread - found
[5.049s] -- Found Threads: TRUE  
[5.764s] -- Found rclpy: 1.0.13 (/opt/ros/foxy/share/rclpy/cmake)
[5.773s] -- Found nav_msgs: 2.0.5 (/opt/ros/foxy/share/nav_msgs/cmake)
[6.307s] -- Found sensor_msgs: 2.0.5 (/opt/ros/foxy/share/sensor_msgs/cmake)
[6.637s] -- Found mavros: 2.4.0 (/opt/ros/foxy/share/mavros/cmake)
[6.677s] -- Found mavros_extras: 2.4.0 (/opt/ros/foxy/share/mavros_extras/cmake)
[6.686s] CMake Error at CMakeLists.txt:18 (install):
[6.686s]   install DIRECTORY given unknown argument "FILES_MATCHING_PATTERN".
[6.687s] 
[6.687s] 
[6.694s] -- Found ament_lint_auto: 0.9.8 (/opt/ros/foxy/share/ament_lint_auto/cmake)
[7.078s] -- Added test 'cppcheck' to perform static code analysis on C / C++ code
[7.079s] -- Configured cppcheck include dirs: 
[7.079s] -- Configured cppcheck exclude dirs and/or files: 
[7.089s] -- Added test 'flake8' to check Python code syntax and style conventions
[7.108s] -- Added test 'lint_cmake' to check CMake code style
[7.118s] -- Added test 'pep257' to check Python code against some of the style conventions in PEP 257
[7.188s] -- Added test 'uncrustify' to check C / C++ code style
[7.188s] -- Configured uncrustify additional arguments: 
[7.198s] -- Added test 'xmllint' to check XML markup files
[7.214s] -- Configuring incomplete, errors occurred!
[7.214s] See also "/home/jetson/dogs/ROB498-flight/resources/code/ros2_ws/build/px4_autonomy_modules/CMakeFiles/CMakeOutput.log".
[7.215s] See also "/home/jetson/dogs/ROB498-flight/resources/code/ros2_ws/build/px4_autonomy_modules/CMakeFiles/CMakeError.log".
[7.247s] Invoked command in '/home/jetson/dogs/ROB498-flight/resources/code/ros2_ws/build/px4_autonomy_modules' returned '1': CMAKE_PREFIX_PATH=${CMAKE_PREFIX_PATH}:/opt/ros/foxy /usr/bin/cmake /home/jetson/dogs/ROB498-flight/resources/code/ros2_ws/src/px4_autonomy_modules -DCMAKE_INSTALL_PREFIX=/home/jetson/dogs/ROB498-flight/resources/code/ros2_ws/install/px4_autonomy_modules
