[0.049s] Invoking command in '/home/jetson/ros2_ws/build/px4_autonomy_modules': CMAKE_PREFIX_PATH=/opt/ros/foxy /usr/bin/cmake /home/jetson/ros2_ws/src/px4_autonomy_modules -DCMAKE_INSTALL_PREFIX=/home/jetson/ros2_ws/install/px4_autonomy_modules
[0.735s] -- The C compiler identification is GNU 8.4.0
[1.204s] -- The CXX compiler identification is GNU 8.4.0
[1.236s] -- Check for working C compiler: /usr/bin/cc
[1.475s] -- Check for working C compiler: /usr/bin/cc -- works
[1.481s] -- Detecting C compiler ABI info
[1.715s] -- Detecting C compiler ABI info - done
[1.764s] -- Detecting C compile features
[1.766s] -- Detecting C compile features - done
[1.778s] -- Check for working CXX compiler: /usr/bin/c++
[2.045s] -- Check for working CXX compiler: /usr/bin/c++ -- works
[2.049s] -- Detecting CXX compiler ABI info
[2.318s] -- Detecting CXX compiler ABI info - done
[2.368s] -- Detecting CXX compile features
[2.370s] -- Detecting CXX compile features - done
[2.402s] -- Found ament_cmake: 0.9.12 (/opt/ros/foxy/share/ament_cmake/cmake)
[2.516s] -- Found PythonInterp: /usr/bin/python3 (found suitable version "3.8.10", minimum required is "3") 
[2.516s] -- Using PYTHON_EXECUTABLE: /usr/bin/python3
[3.570s] -- Found rclcpp: 2.4.3 (/opt/ros/foxy/share/rclcpp/cmake)
[3.846s] -- Using all available rosidl_typesupport_c: rosidl_typesupport_fastrtps_c;rosidl_typesupport_introspection_c
[3.893s] -- Found rosidl_adapter: 1.3.1 (/opt/ros/foxy/share/rosidl_adapter/cmake)
[4.310s] -- Found OpenSSL: /usr/lib/aarch64-linux-gnu/libcrypto.so (found version "1.1.1f")  
[4.436s] -- Found FastRTPS: /opt/ros/foxy/include  
[4.860s] -- Using all available rosidl_typesupport_cpp: rosidl_typesupport_fastrtps_cpp;rosidl_typesupport_introspection_cpp
[5.164s] -- Found rmw_implementation_cmake: 1.0.4 (/opt/ros/foxy/share/rmw_implementation_cmake/cmake)
[5.174s] -- Using RMW implementation 'rmw_fastrtps_cpp' as default
[5.179s] -- Looking for pthread.h
[5.449s] -- Looking for pthread.h - found
[5.450s] -- Performing Test CMAKE_HAVE_LIBC_PTHREAD
[5.699s] -- Performing Test CMAKE_HAVE_LIBC_PTHREAD - Failed
[5.700s] -- Looking for pthread_create in pthreads
[5.900s] -- Looking for pthread_create in pthreads - not found
[5.901s] -- Looking for pthread_create in pthread
[6.143s] -- Looking for pthread_create in pthread - found
[6.147s] -- Found Threads: TRUE  
[6.923s] -- Found rclpy: 1.0.13 (/opt/ros/foxy/share/rclpy/cmake)
[6.932s] -- Found nav_msgs: 2.0.5 (/opt/ros/foxy/share/nav_msgs/cmake)
[7.493s] -- Found sensor_msgs: 2.0.5 (/opt/ros/foxy/share/sensor_msgs/cmake)
[7.836s] -- Found mavros: 2.4.0 (/opt/ros/foxy/share/mavros/cmake)
[7.884s] -- Found mavros_extras: 2.4.0 (/opt/ros/foxy/share/mavros_extras/cmake)
[7.903s] -- Found ament_lint_auto: 0.9.8 (/opt/ros/foxy/share/ament_lint_auto/cmake)
[8.308s] -- Added test 'cppcheck' to perform static code analysis on C / C++ code
[8.309s] -- Configured cppcheck include dirs: 
[8.309s] -- Configured cppcheck exclude dirs and/or files: 
[8.320s] -- Added test 'flake8' to check Python code syntax and style conventions
[8.337s] -- Added test 'lint_cmake' to check CMake code style
[8.347s] -- Added test 'pep257' to check Python code against some of the style conventions in PEP 257
[8.408s] -- Added test 'uncrustify' to check C / C++ code style
[8.409s] -- Configured uncrustify additional arguments: 
[8.419s] -- Added test 'xmllint' to check XML markup files
[8.435s] -- Configuring done
[8.444s] -- Generating done
[8.451s] -- Build files have been written to: /home/jetson/ros2_ws/build/px4_autonomy_modules
[8.483s] Invoked command in '/home/jetson/ros2_ws/build/px4_autonomy_modules' returned '0': CMAKE_PREFIX_PATH=/opt/ros/foxy /usr/bin/cmake /home/jetson/ros2_ws/src/px4_autonomy_modules -DCMAKE_INSTALL_PREFIX=/home/jetson/ros2_ws/install/px4_autonomy_modules
[8.494s] Invoking command in '/home/jetson/ros2_ws/build/px4_autonomy_modules': CMAKE_PREFIX_PATH=/opt/ros/foxy /usr/bin/cmake --build /home/jetson/ros2_ws/build/px4_autonomy_modules -- -j4 -l4
[8.639s] Invoked command in '/home/jetson/ros2_ws/build/px4_autonomy_modules' returned '0': CMAKE_PREFIX_PATH=/opt/ros/foxy /usr/bin/cmake --build /home/jetson/ros2_ws/build/px4_autonomy_modules -- -j4 -l4
[8.755s] Invoking command in '/home/jetson/ros2_ws/build/px4_autonomy_modules': CMAKE_PREFIX_PATH=/opt/ros/foxy /usr/bin/cmake --install /home/jetson/ros2_ws/build/px4_autonomy_modules
[8.784s] -- Install configuration: ""
[8.785s] -- Up-to-date: /home/jetson/ros2_ws/install/px4_autonomy_modules/lib/px4_autonomy_modules/pose_relay_node.py
[8.786s] -- Installing: /home/jetson/ros2_ws/install/px4_autonomy_modules/lib/px4_autonomy_modules/fe_2.py
[8.787s] -- Up-to-date: /home/jetson/ros2_ws/install/px4_autonomy_modules/share/px4_autonomy_modules/launch
[8.787s] -- Up-to-date: /home/jetson/ros2_ws/install/px4_autonomy_modules/share/px4_autonomy_modules/launch/log
[8.788s] -- Up-to-date: /home/jetson/ros2_ws/install/px4_autonomy_modules/share/px4_autonomy_modules/launch/log/COLCON_IGNORE
[8.788s] -- Up-to-date: /home/jetson/ros2_ws/install/px4_autonomy_modules/share/px4_autonomy_modules/launch/log/build_2025-02-19_12-16-55
[8.789s] -- Up-to-date: /home/jetson/ros2_ws/install/px4_autonomy_modules/share/px4_autonomy_modules/launch/log/build_2025-02-19_12-16-55/logger_all.log
[8.789s] -- Up-to-date: /home/jetson/ros2_ws/install/px4_autonomy_modules/share/px4_autonomy_modules/launch/log/build_2025-02-19_12-16-55/events.log
[8.790s] -- Up-to-date: /home/jetson/ros2_ws/install/px4_autonomy_modules/share/px4_autonomy_modules/launch/log/latest
[8.790s] -- Up-to-date: /home/jetson/ros2_ws/install/px4_autonomy_modules/share/px4_autonomy_modules/launch/log/build_2025-02-19_12-12-14
[8.790s] -- Up-to-date: /home/jetson/ros2_ws/install/px4_autonomy_modules/share/px4_autonomy_modules/launch/log/build_2025-02-19_12-12-14/logger_all.log
[8.791s] -- Up-to-date: /home/jetson/ros2_ws/install/px4_autonomy_modules/share/px4_autonomy_modules/launch/log/build_2025-02-19_12-12-14/events.log
[8.791s] -- Up-to-date: /home/jetson/ros2_ws/install/px4_autonomy_modules/share/px4_autonomy_modules/launch/log/latest_build
[8.791s] -- Up-to-date: /home/jetson/ros2_ws/install/px4_autonomy_modules/share/px4_autonomy_modules/launch/install
[8.792s] -- Up-to-date: /home/jetson/ros2_ws/install/px4_autonomy_modules/share/px4_autonomy_modules/launch/install/COLCON_IGNORE
[8.792s] -- Up-to-date: /home/jetson/ros2_ws/install/px4_autonomy_modules/share/px4_autonomy_modules/launch/install/local_setup.bash
[8.793s] -- Up-to-date: /home/jetson/ros2_ws/install/px4_autonomy_modules/share/px4_autonomy_modules/launch/install/local_setup.ps1
[8.793s] -- Up-to-date: /home/jetson/ros2_ws/install/px4_autonomy_modules/share/px4_autonomy_modules/launch/install/local_setup.zsh
[8.794s] -- Up-to-date: /home/jetson/ros2_ws/install/px4_autonomy_modules/share/px4_autonomy_modules/launch/install/_local_setup_util_ps1.py
[8.794s] -- Up-to-date: /home/jetson/ros2_ws/install/px4_autonomy_modules/share/px4_autonomy_modules/launch/install/local_setup.sh
[8.795s] -- Up-to-date: /home/jetson/ros2_ws/install/px4_autonomy_modules/share/px4_autonomy_modules/launch/install/setup.ps1
[8.795s] -- Up-to-date: /home/jetson/ros2_ws/install/px4_autonomy_modules/share/px4_autonomy_modules/launch/install/setup.bash
[8.795s] -- Up-to-date: /home/jetson/ros2_ws/install/px4_autonomy_modules/share/px4_autonomy_modules/launch/install/setup.zsh
[8.796s] -- Up-to-date: /home/jetson/ros2_ws/install/px4_autonomy_modules/share/px4_autonomy_modules/launch/install/_local_setup_util_sh.py
[8.796s] -- Up-to-date: /home/jetson/ros2_ws/install/px4_autonomy_modules/share/px4_autonomy_modules/launch/install/setup.sh
[8.796s] -- Up-to-date: /home/jetson/ros2_ws/install/px4_autonomy_modules/share/px4_autonomy_modules/launch/install/.colcon_install_layout
[8.797s] -- Up-to-date: /home/jetson/ros2_ws/install/px4_autonomy_modules/share/px4_autonomy_modules/launch/px4_config.yaml
[8.797s] -- Up-to-date: /home/jetson/ros2_ws/install/px4_autonomy_modules/share/px4_autonomy_modules/launch/build
[8.798s] -- Up-to-date: /home/jetson/ros2_ws/install/px4_autonomy_modules/share/px4_autonomy_modules/launch/build/COLCON_IGNORE
[8.798s] -- Up-to-date: /home/jetson/ros2_ws/install/px4_autonomy_modules/share/px4_autonomy_modules/launch/build/.built_by
[8.798s] -- Up-to-date: /home/jetson/ros2_ws/install/px4_autonomy_modules/share/px4_autonomy_modules/launch/px4_pluginlists.yaml
[8.799s] -- Up-to-date: /home/jetson/ros2_ws/install/px4_autonomy_modules/share/px4_autonomy_modules/launch/mavros.launch.py
[8.799s] -- Installing: /home/jetson/ros2_ws/install/px4_autonomy_modules/share/ament_index/resource_index/package_run_dependencies/px4_autonomy_modules
[8.799s] -- Installing: /home/jetson/ros2_ws/install/px4_autonomy_modules/share/ament_index/resource_index/parent_prefix_path/px4_autonomy_modules
[8.800s] -- Installing: /home/jetson/ros2_ws/install/px4_autonomy_modules/share/px4_autonomy_modules/environment/ament_prefix_path.sh
[8.800s] -- Installing: /home/jetson/ros2_ws/install/px4_autonomy_modules/share/px4_autonomy_modules/environment/ament_prefix_path.dsv
[8.801s] -- Installing: /home/jetson/ros2_ws/install/px4_autonomy_modules/share/px4_autonomy_modules/environment/path.sh
[8.802s] -- Installing: /home/jetson/ros2_ws/install/px4_autonomy_modules/share/px4_autonomy_modules/environment/path.dsv
[8.804s] -- Installing: /home/jetson/ros2_ws/install/px4_autonomy_modules/share/px4_autonomy_modules/local_setup.bash
[8.805s] -- Installing: /home/jetson/ros2_ws/install/px4_autonomy_modules/share/px4_autonomy_modules/local_setup.sh
[8.806s] -- Installing: /home/jetson/ros2_ws/install/px4_autonomy_modules/share/px4_autonomy_modules/local_setup.zsh
[8.807s] -- Installing: /home/jetson/ros2_ws/install/px4_autonomy_modules/share/px4_autonomy_modules/local_setup.dsv
[8.808s] -- Installing: /home/jetson/ros2_ws/install/px4_autonomy_modules/share/px4_autonomy_modules/package.dsv
[8.809s] -- Installing: /home/jetson/ros2_ws/install/px4_autonomy_modules/share/ament_index/resource_index/packages/px4_autonomy_modules
[8.810s] -- Installing: /home/jetson/ros2_ws/install/px4_autonomy_modules/share/px4_autonomy_modules/cmake/px4_autonomy_modulesConfig.cmake
[8.810s] -- Installing: /home/jetson/ros2_ws/install/px4_autonomy_modules/share/px4_autonomy_modules/cmake/px4_autonomy_modulesConfig-version.cmake
[8.811s] -- Up-to-date: /home/jetson/ros2_ws/install/px4_autonomy_modules/share/px4_autonomy_modules/package.xml
[8.812s] Invoked command in '/home/jetson/ros2_ws/build/px4_autonomy_modules' returned '0': CMAKE_PREFIX_PATH=/opt/ros/foxy /usr/bin/cmake --install /home/jetson/ros2_ws/build/px4_autonomy_modules
