[1.146s] DEBUG:colcon:Command line arguments: ['/usr/bin/colcon', 'build']
[1.147s] DEBUG:colcon:Parsed command line arguments: Namespace(allow_overriding=[], ament_cmake_args=None, base_paths=['.'], build_base='build', catkin_cmake_args=None, catkin_skip_building_tests=False, cmake_args=None, cmake_clean_cache=False, cmake_clean_first=False, cmake_force_configure=False, cmake_target=None, cmake_target_skip_unavailable=False, continue_on_error=False, event_handlers=None, executor='parallel', ignore_user_meta=False, install_base='install', log_base=None, log_level=None, main=<bound method BuildVerb.main of <colcon_core.verb.build.BuildVerb object at 0x7f87e4e790>>, merge_install=False, metas=['./colcon.meta'], packages_above=None, packages_above_and_dependencies=None, packages_above_depth=None, packages_end=None, packages_ignore=None, packages_ignore_regex=None, packages_select=None, packages_select_build_failed=False, packages_select_by_dep=None, packages_select_regex=None, packages_select_test_failures=False, packages_skip=None, packages_skip_build_finished=False, packages_skip_by_dep=None, packages_skip_regex=None, packages_skip_test_passed=False, packages_skip_up_to=None, packages_start=None, packages_up_to=None, packages_up_to_regex=None, parallel_workers=4, paths=None, symlink_install=False, test_result_base=None, verb_extension=<colcon_core.verb.build.BuildVerb object at 0x7f87e4e790>, verb_name='build', verb_parser=<colcon_defaults.argument_parser.defaults.DefaultArgumentsDecorator object at 0x7f87de2d60>)
[2.170s] Level 1:colcon.colcon_core.package_discovery:discover_packages(colcon_meta) check parameters
[2.170s] Level 1:colcon.colcon_core.package_discovery:discover_packages(recursive) check parameters
[2.170s] Level 1:colcon.colcon_core.package_discovery:discover_packages(ignore) check parameters
[2.170s] Level 1:colcon.colcon_core.package_discovery:discover_packages(path) check parameters
[2.171s] Level 1:colcon.colcon_core.package_discovery:discover_packages(colcon_meta) discover
[2.171s] Level 1:colcon.colcon_core.package_discovery:discover_packages(recursive) discover
[2.171s] INFO:colcon.colcon_core.package_discovery:Crawling recursively for packages in '/home/jetson/dogs/ROB498-flight/resources/code/ros2_ws'
[2.171s] Level 1:colcon.colcon_core.package_identification:_identify(.) by extensions ['ignore', 'ignore_ament_install']
[2.172s] Level 1:colcon.colcon_core.package_identification:_identify(.) by extension 'ignore'
[2.172s] Level 1:colcon.colcon_core.package_identification:_identify(.) by extension 'ignore_ament_install'
[2.172s] Level 1:colcon.colcon_core.package_identification:_identify(.) by extensions ['colcon_pkg']
[2.173s] Level 1:colcon.colcon_core.package_identification:_identify(.) by extension 'colcon_pkg'
[2.173s] Level 1:colcon.colcon_core.package_identification:_identify(.) by extensions ['colcon_meta']
[2.173s] Level 1:colcon.colcon_core.package_identification:_identify(.) by extension 'colcon_meta'
[2.173s] Level 1:colcon.colcon_core.package_identification:_identify(.) by extensions ['ros']
[2.173s] Level 1:colcon.colcon_core.package_identification:_identify(.) by extension 'ros'
[2.242s] Level 1:colcon.colcon_core.package_identification:_identify(.) by extensions ['cmake', 'python']
[2.242s] Level 1:colcon.colcon_core.package_identification:_identify(.) by extension 'cmake'
[2.242s] Level 1:colcon.colcon_core.package_identification:_identify(.) by extension 'python'
[2.242s] Level 1:colcon.colcon_core.package_identification:_identify(.) by extensions ['python_setup_py']
[2.242s] Level 1:colcon.colcon_core.package_identification:_identify(.) by extension 'python_setup_py'
[2.243s] Level 1:colcon.colcon_core.package_identification:_identify(build) by extensions ['ignore', 'ignore_ament_install']
[2.243s] Level 1:colcon.colcon_core.package_identification:_identify(build) by extension 'ignore'
[2.243s] Level 1:colcon.colcon_core.package_identification:_identify(build) ignored
[2.244s] Level 1:colcon.colcon_core.package_identification:_identify(install) by extensions ['ignore', 'ignore_ament_install']
[2.244s] Level 1:colcon.colcon_core.package_identification:_identify(install) by extension 'ignore'
[2.244s] Level 1:colcon.colcon_core.package_identification:_identify(install) ignored
[2.245s] Level 1:colcon.colcon_core.package_identification:_identify(log) by extensions ['ignore', 'ignore_ament_install']
[2.245s] Level 1:colcon.colcon_core.package_identification:_identify(log) by extension 'ignore'
[2.245s] Level 1:colcon.colcon_core.package_identification:_identify(log) ignored
[2.246s] Level 1:colcon.colcon_core.package_identification:_identify(src) by extensions ['ignore', 'ignore_ament_install']
[2.246s] Level 1:colcon.colcon_core.package_identification:_identify(src) by extension 'ignore'
[2.246s] Level 1:colcon.colcon_core.package_identification:_identify(src) by extension 'ignore_ament_install'
[2.247s] Level 1:colcon.colcon_core.package_identification:_identify(src) by extensions ['colcon_pkg']
[2.247s] Level 1:colcon.colcon_core.package_identification:_identify(src) by extension 'colcon_pkg'
[2.247s] Level 1:colcon.colcon_core.package_identification:_identify(src) by extensions ['colcon_meta']
[2.247s] Level 1:colcon.colcon_core.package_identification:_identify(src) by extension 'colcon_meta'
[2.248s] Level 1:colcon.colcon_core.package_identification:_identify(src) by extensions ['ros']
[2.248s] Level 1:colcon.colcon_core.package_identification:_identify(src) by extension 'ros'
[2.248s] Level 1:colcon.colcon_core.package_identification:_identify(src) by extensions ['cmake', 'python']
[2.249s] Level 1:colcon.colcon_core.package_identification:_identify(src) by extension 'cmake'
[2.249s] Level 1:colcon.colcon_core.package_identification:_identify(src) by extension 'python'
[2.249s] Level 1:colcon.colcon_core.package_identification:_identify(src) by extensions ['python_setup_py']
[2.249s] Level 1:colcon.colcon_core.package_identification:_identify(src) by extension 'python_setup_py'
[2.250s] Level 1:colcon.colcon_core.package_identification:_identify(src/px4_autonomy_modules) by extensions ['ignore', 'ignore_ament_install']
[2.250s] Level 1:colcon.colcon_core.package_identification:_identify(src/px4_autonomy_modules) by extension 'ignore'
[2.250s] Level 1:colcon.colcon_core.package_identification:_identify(src/px4_autonomy_modules) by extension 'ignore_ament_install'
[2.251s] Level 1:colcon.colcon_core.package_identification:_identify(src/px4_autonomy_modules) by extensions ['colcon_pkg']
[2.251s] Level 1:colcon.colcon_core.package_identification:_identify(src/px4_autonomy_modules) by extension 'colcon_pkg'
[2.251s] Level 1:colcon.colcon_core.package_identification:_identify(src/px4_autonomy_modules) by extensions ['colcon_meta']
[2.251s] Level 1:colcon.colcon_core.package_identification:_identify(src/px4_autonomy_modules) by extension 'colcon_meta'
[2.252s] Level 1:colcon.colcon_core.package_identification:_identify(src/px4_autonomy_modules) by extensions ['ros']
[2.252s] Level 1:colcon.colcon_core.package_identification:_identify(src/px4_autonomy_modules) by extension 'ros'
[2.308s] DEBUG:colcon.colcon_core.package_identification:Package 'src/px4_autonomy_modules' with type 'ros.ament_cmake' and name 'px4_autonomy_modules'
[2.308s] Level 1:colcon.colcon_core.package_discovery:discover_packages(recursive) using defaults
[2.309s] Level 1:colcon.colcon_core.package_discovery:discover_packages(ignore) discover
[2.309s] Level 1:colcon.colcon_core.package_discovery:discover_packages(ignore) using defaults
[2.309s] Level 1:colcon.colcon_core.package_discovery:discover_packages(path) discover
[2.309s] Level 1:colcon.colcon_core.package_discovery:discover_packages(path) using defaults
[2.413s] Level 1:colcon.colcon_core.package_discovery:discover_packages(prefix_path) check parameters
[2.413s] Level 1:colcon.colcon_core.package_discovery:discover_packages(prefix_path) discover
[2.430s] DEBUG:colcon.colcon_installed_package_information.package_discovery:Found 266 installed packages in /opt/ros/foxy
[2.439s] Level 1:colcon.colcon_core.package_discovery:discover_packages(prefix_path) using defaults
[2.830s] Level 5:colcon.colcon_core.verb:set package 'px4_autonomy_modules' build argument 'cmake_args' from command line to 'None'
[2.831s] Level 5:colcon.colcon_core.verb:set package 'px4_autonomy_modules' build argument 'cmake_target' from command line to 'None'
[2.831s] Level 5:colcon.colcon_core.verb:set package 'px4_autonomy_modules' build argument 'cmake_target_skip_unavailable' from command line to 'False'
[2.831s] Level 5:colcon.colcon_core.verb:set package 'px4_autonomy_modules' build argument 'cmake_clean_cache' from command line to 'False'
[2.831s] Level 5:colcon.colcon_core.verb:set package 'px4_autonomy_modules' build argument 'cmake_clean_first' from command line to 'False'
[2.831s] Level 5:colcon.colcon_core.verb:set package 'px4_autonomy_modules' build argument 'cmake_force_configure' from command line to 'False'
[2.831s] Level 5:colcon.colcon_core.verb:set package 'px4_autonomy_modules' build argument 'ament_cmake_args' from command line to 'None'
[2.832s] Level 5:colcon.colcon_core.verb:set package 'px4_autonomy_modules' build argument 'catkin_cmake_args' from command line to 'None'
[2.832s] Level 5:colcon.colcon_core.verb:set package 'px4_autonomy_modules' build argument 'catkin_skip_building_tests' from command line to 'False'
[2.832s] DEBUG:colcon.colcon_core.verb:Building package 'px4_autonomy_modules' with the following arguments: {'ament_cmake_args': None, 'build_base': '/home/jetson/dogs/ROB498-flight/resources/code/ros2_ws/build/px4_autonomy_modules', 'catkin_cmake_args': None, 'catkin_skip_building_tests': False, 'cmake_args': None, 'cmake_clean_cache': False, 'cmake_clean_first': False, 'cmake_force_configure': False, 'cmake_target': None, 'cmake_target_skip_unavailable': False, 'install_base': '/home/jetson/dogs/ROB498-flight/resources/code/ros2_ws/install/px4_autonomy_modules', 'merge_install': False, 'path': '/home/jetson/dogs/ROB498-flight/resources/code/ros2_ws/src/px4_autonomy_modules', 'symlink_install': False, 'test_result_base': None}
[2.833s] INFO:colcon.colcon_core.executor:Executing jobs using 'parallel' executor
[2.836s] DEBUG:colcon.colcon_parallel_executor.executor.parallel:run_until_complete
[2.837s] INFO:colcon.colcon_ros.task.ament_cmake.build:Building ROS package in '/home/jetson/dogs/ROB498-flight/resources/code/ros2_ws/src/px4_autonomy_modules' with build type 'ament_cmake'
[2.837s] INFO:colcon.colcon_cmake.task.cmake.build:Building CMake package in '/home/jetson/dogs/ROB498-flight/resources/code/ros2_ws/src/px4_autonomy_modules'
[2.866s] INFO:colcon.colcon_core.plugin_system:Skipping extension 'colcon_core.shell.bat': Not used on non-Windows systems
[2.867s] INFO:colcon.colcon_core.shell:Skip shell extension 'powershell' for command environment: Not usable outside of PowerShell
[2.867s] DEBUG:colcon.colcon_core.shell:Skip shell extension 'dsv' for command environment
[2.896s] DEBUG:colcon.colcon_core.event_handler.log_command:Invoking command in '/home/jetson/dogs/ROB498-flight/resources/code/ros2_ws/build/px4_autonomy_modules': CMAKE_PREFIX_PATH=/opt/ros/foxy /usr/bin/cmake /home/jetson/dogs/ROB498-flight/resources/code/ros2_ws/src/px4_autonomy_modules -DCMAKE_INSTALL_PREFIX=/home/jetson/dogs/ROB498-flight/resources/code/ros2_ws/install/px4_autonomy_modules
[11.411s] DEBUG:colcon.colcon_core.event_handler.log_command:Invoked command in '/home/jetson/dogs/ROB498-flight/resources/code/ros2_ws/build/px4_autonomy_modules' returned '0': CMAKE_PREFIX_PATH=/opt/ros/foxy /usr/bin/cmake /home/jetson/dogs/ROB498-flight/resources/code/ros2_ws/src/px4_autonomy_modules -DCMAKE_INSTALL_PREFIX=/home/jetson/dogs/ROB498-flight/resources/code/ros2_ws/install/px4_autonomy_modules
[11.415s] DEBUG:colcon.colcon_core.event_handler.log_command:Invoking command in '/home/jetson/dogs/ROB498-flight/resources/code/ros2_ws/build/px4_autonomy_modules': CMAKE_PREFIX_PATH=/opt/ros/foxy /usr/bin/cmake --build /home/jetson/dogs/ROB498-flight/resources/code/ros2_ws/build/px4_autonomy_modules -- -j4 -l4
[11.554s] DEBUG:colcon.colcon_core.event_handler.log_command:Invoked command in '/home/jetson/dogs/ROB498-flight/resources/code/ros2_ws/build/px4_autonomy_modules' returned '0': CMAKE_PREFIX_PATH=/opt/ros/foxy /usr/bin/cmake --build /home/jetson/dogs/ROB498-flight/resources/code/ros2_ws/build/px4_autonomy_modules -- -j4 -l4
[11.677s] DEBUG:colcon.colcon_core.event_handler.log_command:Invoking command in '/home/jetson/dogs/ROB498-flight/resources/code/ros2_ws/build/px4_autonomy_modules': CMAKE_PREFIX_PATH=/opt/ros/foxy /usr/bin/cmake --install /home/jetson/dogs/ROB498-flight/resources/code/ros2_ws/build/px4_autonomy_modules
[11.732s] Level 1:colcon.colcon_core.environment:create_environment_scripts_only(px4_autonomy_modules)
[11.734s] DEBUG:colcon.colcon_core.event_handler.log_command:Invoked command in '/home/jetson/dogs/ROB498-flight/resources/code/ros2_ws/build/px4_autonomy_modules' returned '0': CMAKE_PREFIX_PATH=/opt/ros/foxy /usr/bin/cmake --install /home/jetson/dogs/ROB498-flight/resources/code/ros2_ws/build/px4_autonomy_modules
[11.757s] Level 1:colcon.colcon_core.environment:checking '/home/jetson/dogs/ROB498-flight/resources/code/ros2_ws/install/px4_autonomy_modules' for CMake module files
[11.760s] Level 1:colcon.colcon_core.environment:checking '/home/jetson/dogs/ROB498-flight/resources/code/ros2_ws/install/px4_autonomy_modules' for CMake config files
[11.760s] Level 1:colcon.colcon_core.shell:create_environment_hook('px4_autonomy_modules', 'cmake_prefix_path')
[11.762s] INFO:colcon.colcon_core.shell:Creating environment hook '/home/jetson/dogs/ROB498-flight/resources/code/ros2_ws/install/px4_autonomy_modules/share/px4_autonomy_modules/hook/cmake_prefix_path.ps1'
[11.766s] INFO:colcon.colcon_core.shell:Creating environment descriptor '/home/jetson/dogs/ROB498-flight/resources/code/ros2_ws/install/px4_autonomy_modules/share/px4_autonomy_modules/hook/cmake_prefix_path.dsv'
[11.769s] INFO:colcon.colcon_core.shell:Creating environment hook '/home/jetson/dogs/ROB498-flight/resources/code/ros2_ws/install/px4_autonomy_modules/share/px4_autonomy_modules/hook/cmake_prefix_path.sh'
[11.773s] Level 1:colcon.colcon_core.environment:checking '/home/jetson/dogs/ROB498-flight/resources/code/ros2_ws/install/px4_autonomy_modules/bin'
[11.773s] Level 1:colcon.colcon_core.environment:checking '/home/jetson/dogs/ROB498-flight/resources/code/ros2_ws/install/px4_autonomy_modules/lib/pkgconfig/px4_autonomy_modules.pc'
[11.783s] Level 1:colcon.colcon_core.environment:checking '/home/jetson/dogs/ROB498-flight/resources/code/ros2_ws/install/px4_autonomy_modules/lib/python3.8/site-packages'
[11.784s] Level 1:colcon.colcon_core.environment:checking '/home/jetson/dogs/ROB498-flight/resources/code/ros2_ws/install/px4_autonomy_modules/bin'
[11.785s] INFO:colcon.colcon_core.shell:Creating package script '/home/jetson/dogs/ROB498-flight/resources/code/ros2_ws/install/px4_autonomy_modules/share/px4_autonomy_modules/package.ps1'
[11.791s] INFO:colcon.colcon_core.shell:Creating package descriptor '/home/jetson/dogs/ROB498-flight/resources/code/ros2_ws/install/px4_autonomy_modules/share/px4_autonomy_modules/package.dsv'
[11.794s] INFO:colcon.colcon_core.shell:Creating package script '/home/jetson/dogs/ROB498-flight/resources/code/ros2_ws/install/px4_autonomy_modules/share/px4_autonomy_modules/package.sh'
[11.798s] INFO:colcon.colcon_core.shell:Creating package script '/home/jetson/dogs/ROB498-flight/resources/code/ros2_ws/install/px4_autonomy_modules/share/px4_autonomy_modules/package.bash'
[11.803s] INFO:colcon.colcon_core.shell:Creating package script '/home/jetson/dogs/ROB498-flight/resources/code/ros2_ws/install/px4_autonomy_modules/share/px4_autonomy_modules/package.zsh'
[11.808s] Level 1:colcon.colcon_core.environment:create_file_with_runtime_dependencies(/home/jetson/dogs/ROB498-flight/resources/code/ros2_ws/install/px4_autonomy_modules/share/colcon-core/packages/px4_autonomy_modules)
[11.888s] Level 1:colcon.colcon_core.environment:create_environment_scripts_only(px4_autonomy_modules)
[11.889s] Level 1:colcon.colcon_core.environment:checking '/home/jetson/dogs/ROB498-flight/resources/code/ros2_ws/install/px4_autonomy_modules' for CMake module files
[11.892s] Level 1:colcon.colcon_core.environment:checking '/home/jetson/dogs/ROB498-flight/resources/code/ros2_ws/install/px4_autonomy_modules' for CMake config files
[11.894s] Level 1:colcon.colcon_core.shell:create_environment_hook('px4_autonomy_modules', 'cmake_prefix_path')
[11.895s] INFO:colcon.colcon_core.shell:Creating environment hook '/home/jetson/dogs/ROB498-flight/resources/code/ros2_ws/install/px4_autonomy_modules/share/px4_autonomy_modules/hook/cmake_prefix_path.ps1'
[11.897s] INFO:colcon.colcon_core.shell:Creating environment descriptor '/home/jetson/dogs/ROB498-flight/resources/code/ros2_ws/install/px4_autonomy_modules/share/px4_autonomy_modules/hook/cmake_prefix_path.dsv'
[11.898s] INFO:colcon.colcon_core.shell:Creating environment hook '/home/jetson/dogs/ROB498-flight/resources/code/ros2_ws/install/px4_autonomy_modules/share/px4_autonomy_modules/hook/cmake_prefix_path.sh'
[11.900s] Level 1:colcon.colcon_core.environment:checking '/home/jetson/dogs/ROB498-flight/resources/code/ros2_ws/install/px4_autonomy_modules/bin'
[11.901s] Level 1:colcon.colcon_core.environment:checking '/home/jetson/dogs/ROB498-flight/resources/code/ros2_ws/install/px4_autonomy_modules/lib/pkgconfig/px4_autonomy_modules.pc'
[11.902s] Level 1:colcon.colcon_core.environment:checking '/home/jetson/dogs/ROB498-flight/resources/code/ros2_ws/install/px4_autonomy_modules/lib/python3.8/site-packages'
[11.902s] Level 1:colcon.colcon_core.environment:checking '/home/jetson/dogs/ROB498-flight/resources/code/ros2_ws/install/px4_autonomy_modules/bin'
[11.904s] INFO:colcon.colcon_core.shell:Creating package script '/home/jetson/dogs/ROB498-flight/resources/code/ros2_ws/install/px4_autonomy_modules/share/px4_autonomy_modules/package.ps1'
[11.906s] INFO:colcon.colcon_core.shell:Creating package descriptor '/home/jetson/dogs/ROB498-flight/resources/code/ros2_ws/install/px4_autonomy_modules/share/px4_autonomy_modules/package.dsv'
[11.908s] INFO:colcon.colcon_core.shell:Creating package script '/home/jetson/dogs/ROB498-flight/resources/code/ros2_ws/install/px4_autonomy_modules/share/px4_autonomy_modules/package.sh'
[11.910s] INFO:colcon.colcon_core.shell:Creating package script '/home/jetson/dogs/ROB498-flight/resources/code/ros2_ws/install/px4_autonomy_modules/share/px4_autonomy_modules/package.bash'
[11.911s] INFO:colcon.colcon_core.shell:Creating package script '/home/jetson/dogs/ROB498-flight/resources/code/ros2_ws/install/px4_autonomy_modules/share/px4_autonomy_modules/package.zsh'
[11.913s] Level 1:colcon.colcon_core.environment:create_file_with_runtime_dependencies(/home/jetson/dogs/ROB498-flight/resources/code/ros2_ws/install/px4_autonomy_modules/share/colcon-core/packages/px4_autonomy_modules)
[11.914s] DEBUG:colcon.colcon_parallel_executor.executor.parallel:closing loop
[11.915s] DEBUG:colcon.colcon_parallel_executor.executor.parallel:loop closed
[11.916s] DEBUG:colcon.colcon_parallel_executor.executor.parallel:run_until_complete finished with '0'
[11.916s] DEBUG:colcon.colcon_core.event_reactor:joining thread
[11.942s] INFO:colcon.colcon_core.plugin_system:Skipping extension 'colcon_notification.desktop_notification.terminal_notifier': Not used on non-Darwin systems
[11.942s] INFO:colcon.colcon_core.plugin_system:Skipping extension 'colcon_notification.desktop_notification.win32': Not used on non-Windows systems
[11.942s] INFO:colcon.colcon_notification.desktop_notification:Sending desktop notification using 'notify2'
[11.986s] DEBUG:colcon.colcon_core.event_reactor:joined thread
[11.987s] INFO:colcon.colcon_core.shell:Creating prefix script '/home/jetson/dogs/ROB498-flight/resources/code/ros2_ws/install/local_setup.ps1'
[11.993s] INFO:colcon.colcon_core.shell:Creating prefix util module '/home/jetson/dogs/ROB498-flight/resources/code/ros2_ws/install/_local_setup_util_ps1.py'
[12.000s] INFO:colcon.colcon_core.shell:Creating prefix chain script '/home/jetson/dogs/ROB498-flight/resources/code/ros2_ws/install/setup.ps1'
[12.005s] INFO:colcon.colcon_core.shell:Creating prefix script '/home/jetson/dogs/ROB498-flight/resources/code/ros2_ws/install/local_setup.sh'
[12.008s] INFO:colcon.colcon_core.shell:Creating prefix util module '/home/jetson/dogs/ROB498-flight/resources/code/ros2_ws/install/_local_setup_util_sh.py'
[12.010s] INFO:colcon.colcon_core.shell:Creating prefix chain script '/home/jetson/dogs/ROB498-flight/resources/code/ros2_ws/install/setup.sh'
[12.015s] INFO:colcon.colcon_core.shell:Creating prefix script '/home/jetson/dogs/ROB498-flight/resources/code/ros2_ws/install/local_setup.bash'
[12.018s] INFO:colcon.colcon_core.shell:Creating prefix chain script '/home/jetson/dogs/ROB498-flight/resources/code/ros2_ws/install/setup.bash'
[12.022s] INFO:colcon.colcon_core.shell:Creating prefix script '/home/jetson/dogs/ROB498-flight/resources/code/ros2_ws/install/local_setup.zsh'
[12.025s] INFO:colcon.colcon_core.shell:Creating prefix chain script '/home/jetson/dogs/ROB498-flight/resources/code/ros2_ws/install/setup.zsh'
