[1.088s] DEBUG:colcon:Command line arguments: ['/usr/bin/colcon', 'build']
[1.088s] DEBUG:colcon:Parsed command line arguments: Namespace(allow_overriding=[], ament_cmake_args=None, base_paths=['.'], build_base='build', catkin_cmake_args=None, catkin_skip_building_tests=False, cmake_args=None, cmake_clean_cache=False, cmake_clean_first=False, cmake_force_configure=False, cmake_target=None, cmake_target_skip_unavailable=False, continue_on_error=False, event_handlers=None, executor='parallel', ignore_user_meta=False, install_base='install', log_base=None, log_level=None, main=<bound method BuildVerb.main of <colcon_core.verb.build.BuildVerb object at 0x7f8a0760d0>>, merge_install=False, metas=['./colcon.meta'], packages_above=None, packages_above_and_dependencies=None, packages_above_depth=None, packages_end=None, packages_ignore=None, packages_ignore_regex=None, packages_select=None, packages_select_build_failed=False, packages_select_by_dep=None, packages_select_regex=None, packages_select_test_failures=False, packages_skip=None, packages_skip_build_finished=False, packages_skip_by_dep=None, packages_skip_regex=None, packages_skip_test_passed=False, packages_skip_up_to=None, packages_start=None, packages_up_to=None, packages_up_to_regex=None, parallel_workers=4, paths=None, symlink_install=False, test_result_base=None, verb_extension=<colcon_core.verb.build.BuildVerb object at 0x7f8a0760d0>, verb_name='build', verb_parser=<colcon_defaults.argument_parser.defaults.DefaultArgumentsDecorator object at 0x7f8a00d430>)
[2.055s] Level 1:colcon.colcon_core.package_discovery:discover_packages(colcon_meta) check parameters
[2.055s] Level 1:colcon.colcon_core.package_discovery:discover_packages(recursive) check parameters
[2.056s] Level 1:colcon.colcon_core.package_discovery:discover_packages(ignore) check parameters
[2.056s] Level 1:colcon.colcon_core.package_discovery:discover_packages(path) check parameters
[2.056s] Level 1:colcon.colcon_core.package_discovery:discover_packages(colcon_meta) discover
[2.056s] Level 1:colcon.colcon_core.package_discovery:discover_packages(recursive) discover
[2.056s] INFO:colcon.colcon_core.package_discovery:Crawling recursively for packages in '/home/jetson/dogs/ROB498-flight/resources/code/ros2_ws/src/px4_autonomy_modules'
[2.057s] Level 1:colcon.colcon_core.package_identification:_identify(.) by extensions ['ignore', 'ignore_ament_install']
[2.057s] Level 1:colcon.colcon_core.package_identification:_identify(.) by extension 'ignore'
[2.057s] Level 1:colcon.colcon_core.package_identification:_identify(.) by extension 'ignore_ament_install'
[2.058s] Level 1:colcon.colcon_core.package_identification:_identify(.) by extensions ['colcon_pkg']
[2.058s] Level 1:colcon.colcon_core.package_identification:_identify(.) by extension 'colcon_pkg'
[2.058s] Level 1:colcon.colcon_core.package_identification:_identify(.) by extensions ['colcon_meta']
[2.058s] Level 1:colcon.colcon_core.package_identification:_identify(.) by extension 'colcon_meta'
[2.058s] Level 1:colcon.colcon_core.package_identification:_identify(.) by extensions ['ros']
[2.058s] Level 1:colcon.colcon_core.package_identification:_identify(.) by extension 'ros'
[2.181s] DEBUG:colcon.colcon_core.package_identification:Package '.' with type 'ros.ament_cmake' and name 'px4_autonomy_modules'
[2.182s] Level 1:colcon.colcon_core.package_discovery:discover_packages(recursive) using defaults
[2.182s] Level 1:colcon.colcon_core.package_discovery:discover_packages(ignore) discover
[2.182s] Level 1:colcon.colcon_core.package_discovery:discover_packages(ignore) using defaults
[2.182s] Level 1:colcon.colcon_core.package_discovery:discover_packages(path) discover
[2.182s] Level 1:colcon.colcon_core.package_discovery:discover_packages(path) using defaults
[2.300s] Level 1:colcon.colcon_core.package_discovery:discover_packages(prefix_path) check parameters
[2.300s] Level 1:colcon.colcon_core.package_discovery:discover_packages(prefix_path) discover
[2.313s] DEBUG:colcon.colcon_installed_package_information.package_discovery:Found 1 installed packages in /home/jetson/dogs/ROB498-flight/resources/code/ros2_ws/install
[2.320s] DEBUG:colcon.colcon_installed_package_information.package_discovery:Found 266 installed packages in /opt/ros/foxy
[2.328s] Level 1:colcon.colcon_core.package_discovery:discover_packages(prefix_path) using defaults
[2.693s] Level 5:colcon.colcon_core.verb:set package 'px4_autonomy_modules' build argument 'cmake_args' from command line to 'None'
[2.694s] Level 5:colcon.colcon_core.verb:set package 'px4_autonomy_modules' build argument 'cmake_target' from command line to 'None'
[2.694s] Level 5:colcon.colcon_core.verb:set package 'px4_autonomy_modules' build argument 'cmake_target_skip_unavailable' from command line to 'False'
[2.694s] Level 5:colcon.colcon_core.verb:set package 'px4_autonomy_modules' build argument 'cmake_clean_cache' from command line to 'False'
[2.694s] Level 5:colcon.colcon_core.verb:set package 'px4_autonomy_modules' build argument 'cmake_clean_first' from command line to 'False'
[2.694s] Level 5:colcon.colcon_core.verb:set package 'px4_autonomy_modules' build argument 'cmake_force_configure' from command line to 'False'
[2.694s] Level 5:colcon.colcon_core.verb:set package 'px4_autonomy_modules' build argument 'ament_cmake_args' from command line to 'None'
[2.694s] Level 5:colcon.colcon_core.verb:set package 'px4_autonomy_modules' build argument 'catkin_cmake_args' from command line to 'None'
[2.695s] Level 5:colcon.colcon_core.verb:set package 'px4_autonomy_modules' build argument 'catkin_skip_building_tests' from command line to 'False'
[2.695s] DEBUG:colcon.colcon_core.verb:Building package 'px4_autonomy_modules' with the following arguments: {'ament_cmake_args': None, 'build_base': '/home/jetson/dogs/ROB498-flight/resources/code/ros2_ws/src/px4_autonomy_modules/build/px4_autonomy_modules', 'catkin_cmake_args': None, 'catkin_skip_building_tests': False, 'cmake_args': None, 'cmake_clean_cache': False, 'cmake_clean_first': False, 'cmake_force_configure': False, 'cmake_target': None, 'cmake_target_skip_unavailable': False, 'install_base': '/home/jetson/dogs/ROB498-flight/resources/code/ros2_ws/src/px4_autonomy_modules/install/px4_autonomy_modules', 'merge_install': False, 'path': '/home/jetson/dogs/ROB498-flight/resources/code/ros2_ws/src/px4_autonomy_modules', 'symlink_install': False, 'test_result_base': None}
[2.695s] INFO:colcon.colcon_core.executor:Executing jobs using 'parallel' executor
[2.699s] DEBUG:colcon.colcon_parallel_executor.executor.parallel:run_until_complete
[2.699s] INFO:colcon.colcon_ros.task.ament_cmake.build:Building ROS package in '/home/jetson/dogs/ROB498-flight/resources/code/ros2_ws/src/px4_autonomy_modules' with build type 'ament_cmake'
[2.700s] INFO:colcon.colcon_cmake.task.cmake.build:Building CMake package in '/home/jetson/dogs/ROB498-flight/resources/code/ros2_ws/src/px4_autonomy_modules'
[2.723s] INFO:colcon.colcon_core.plugin_system:Skipping extension 'colcon_core.shell.bat': Not used on non-Windows systems
[2.724s] INFO:colcon.colcon_core.shell:Skip shell extension 'powershell' for command environment: Not usable outside of PowerShell
[2.724s] DEBUG:colcon.colcon_core.shell:Skip shell extension 'dsv' for command environment
[2.758s] DEBUG:colcon.colcon_core.event_handler.log_command:Invoking command in '/home/jetson/dogs/ROB498-flight/resources/code/ros2_ws/src/px4_autonomy_modules/build/px4_autonomy_modules': CMAKE_PREFIX_PATH=${CMAKE_PREFIX_PATH}:/opt/ros/foxy /usr/bin/cmake /home/jetson/dogs/ROB498-flight/resources/code/ros2_ws/src/px4_autonomy_modules -DCMAKE_INSTALL_PREFIX=/home/jetson/dogs/ROB498-flight/resources/code/ros2_ws/src/px4_autonomy_modules/install/px4_autonomy_modules
[11.414s] DEBUG:colcon.colcon_core.event_handler.log_command:Invoked command in '/home/jetson/dogs/ROB498-flight/resources/code/ros2_ws/src/px4_autonomy_modules/build/px4_autonomy_modules' returned '0': CMAKE_PREFIX_PATH=${CMAKE_PREFIX_PATH}:/opt/ros/foxy /usr/bin/cmake /home/jetson/dogs/ROB498-flight/resources/code/ros2_ws/src/px4_autonomy_modules -DCMAKE_INSTALL_PREFIX=/home/jetson/dogs/ROB498-flight/resources/code/ros2_ws/src/px4_autonomy_modules/install/px4_autonomy_modules
[11.425s] DEBUG:colcon.colcon_core.event_handler.log_command:Invoking command in '/home/jetson/dogs/ROB498-flight/resources/code/ros2_ws/src/px4_autonomy_modules/build/px4_autonomy_modules': CMAKE_PREFIX_PATH=${CMAKE_PREFIX_PATH}:/opt/ros/foxy /usr/bin/cmake --build /home/jetson/dogs/ROB498-flight/resources/code/ros2_ws/src/px4_autonomy_modules/build/px4_autonomy_modules -- -j4 -l4
[11.570s] DEBUG:colcon.colcon_core.event_handler.log_command:Invoked command in '/home/jetson/dogs/ROB498-flight/resources/code/ros2_ws/src/px4_autonomy_modules/build/px4_autonomy_modules' returned '0': CMAKE_PREFIX_PATH=${CMAKE_PREFIX_PATH}:/opt/ros/foxy /usr/bin/cmake --build /home/jetson/dogs/ROB498-flight/resources/code/ros2_ws/src/px4_autonomy_modules/build/px4_autonomy_modules -- -j4 -l4
[11.689s] DEBUG:colcon.colcon_core.event_handler.log_command:Invoking command in '/home/jetson/dogs/ROB498-flight/resources/code/ros2_ws/src/px4_autonomy_modules/build/px4_autonomy_modules': CMAKE_PREFIX_PATH=${CMAKE_PREFIX_PATH}:/opt/ros/foxy /usr/bin/cmake --install /home/jetson/dogs/ROB498-flight/resources/code/ros2_ws/src/px4_autonomy_modules/build/px4_autonomy_modules
[11.736s] Level 1:colcon.colcon_core.environment:create_environment_scripts_only(px4_autonomy_modules)
[11.738s] DEBUG:colcon.colcon_core.event_handler.log_command:Invoked command in '/home/jetson/dogs/ROB498-flight/resources/code/ros2_ws/src/px4_autonomy_modules/build/px4_autonomy_modules' returned '0': CMAKE_PREFIX_PATH=${CMAKE_PREFIX_PATH}:/opt/ros/foxy /usr/bin/cmake --install /home/jetson/dogs/ROB498-flight/resources/code/ros2_ws/src/px4_autonomy_modules/build/px4_autonomy_modules
[11.760s] Level 1:colcon.colcon_core.environment:checking '/home/jetson/dogs/ROB498-flight/resources/code/ros2_ws/src/px4_autonomy_modules/install/px4_autonomy_modules' for CMake module files
[11.763s] Level 1:colcon.colcon_core.environment:checking '/home/jetson/dogs/ROB498-flight/resources/code/ros2_ws/src/px4_autonomy_modules/install/px4_autonomy_modules' for CMake config files
[11.763s] Level 1:colcon.colcon_core.shell:create_environment_hook('px4_autonomy_modules', 'cmake_prefix_path')
[11.764s] INFO:colcon.colcon_core.shell:Creating environment hook '/home/jetson/dogs/ROB498-flight/resources/code/ros2_ws/src/px4_autonomy_modules/install/px4_autonomy_modules/share/px4_autonomy_modules/hook/cmake_prefix_path.ps1'
[11.768s] INFO:colcon.colcon_core.shell:Creating environment descriptor '/home/jetson/dogs/ROB498-flight/resources/code/ros2_ws/src/px4_autonomy_modules/install/px4_autonomy_modules/share/px4_autonomy_modules/hook/cmake_prefix_path.dsv'
[11.771s] INFO:colcon.colcon_core.shell:Creating environment hook '/home/jetson/dogs/ROB498-flight/resources/code/ros2_ws/src/px4_autonomy_modules/install/px4_autonomy_modules/share/px4_autonomy_modules/hook/cmake_prefix_path.sh'
[11.776s] Level 1:colcon.colcon_core.environment:checking '/home/jetson/dogs/ROB498-flight/resources/code/ros2_ws/src/px4_autonomy_modules/install/px4_autonomy_modules/bin'
[11.776s] Level 1:colcon.colcon_core.environment:checking '/home/jetson/dogs/ROB498-flight/resources/code/ros2_ws/src/px4_autonomy_modules/install/px4_autonomy_modules/lib/pkgconfig/px4_autonomy_modules.pc'
[11.777s] Level 1:colcon.colcon_core.environment:checking '/home/jetson/dogs/ROB498-flight/resources/code/ros2_ws/src/px4_autonomy_modules/install/px4_autonomy_modules/lib/python3.8/site-packages'
[11.778s] Level 1:colcon.colcon_core.environment:checking '/home/jetson/dogs/ROB498-flight/resources/code/ros2_ws/src/px4_autonomy_modules/install/px4_autonomy_modules/bin'
[11.779s] INFO:colcon.colcon_core.shell:Creating package script '/home/jetson/dogs/ROB498-flight/resources/code/ros2_ws/src/px4_autonomy_modules/install/px4_autonomy_modules/share/px4_autonomy_modules/package.ps1'
[11.783s] INFO:colcon.colcon_core.shell:Creating package descriptor '/home/jetson/dogs/ROB498-flight/resources/code/ros2_ws/src/px4_autonomy_modules/install/px4_autonomy_modules/share/px4_autonomy_modules/package.dsv'
[11.786s] INFO:colcon.colcon_core.shell:Creating package script '/home/jetson/dogs/ROB498-flight/resources/code/ros2_ws/src/px4_autonomy_modules/install/px4_autonomy_modules/share/px4_autonomy_modules/package.sh'
[11.790s] INFO:colcon.colcon_core.shell:Creating package script '/home/jetson/dogs/ROB498-flight/resources/code/ros2_ws/src/px4_autonomy_modules/install/px4_autonomy_modules/share/px4_autonomy_modules/package.bash'
[11.795s] INFO:colcon.colcon_core.shell:Creating package script '/home/jetson/dogs/ROB498-flight/resources/code/ros2_ws/src/px4_autonomy_modules/install/px4_autonomy_modules/share/px4_autonomy_modules/package.zsh'
[11.799s] Level 1:colcon.colcon_core.environment:create_file_with_runtime_dependencies(/home/jetson/dogs/ROB498-flight/resources/code/ros2_ws/src/px4_autonomy_modules/install/px4_autonomy_modules/share/colcon-core/packages/px4_autonomy_modules)
[11.874s] Level 1:colcon.colcon_core.environment:create_environment_scripts_only(px4_autonomy_modules)
[11.876s] Level 1:colcon.colcon_core.environment:checking '/home/jetson/dogs/ROB498-flight/resources/code/ros2_ws/src/px4_autonomy_modules/install/px4_autonomy_modules' for CMake module files
[11.878s] Level 1:colcon.colcon_core.environment:checking '/home/jetson/dogs/ROB498-flight/resources/code/ros2_ws/src/px4_autonomy_modules/install/px4_autonomy_modules' for CMake config files
[11.879s] Level 1:colcon.colcon_core.shell:create_environment_hook('px4_autonomy_modules', 'cmake_prefix_path')
[11.881s] INFO:colcon.colcon_core.shell:Creating environment hook '/home/jetson/dogs/ROB498-flight/resources/code/ros2_ws/src/px4_autonomy_modules/install/px4_autonomy_modules/share/px4_autonomy_modules/hook/cmake_prefix_path.ps1'
[11.884s] INFO:colcon.colcon_core.shell:Creating environment descriptor '/home/jetson/dogs/ROB498-flight/resources/code/ros2_ws/src/px4_autonomy_modules/install/px4_autonomy_modules/share/px4_autonomy_modules/hook/cmake_prefix_path.dsv'
[11.886s] INFO:colcon.colcon_core.shell:Creating environment hook '/home/jetson/dogs/ROB498-flight/resources/code/ros2_ws/src/px4_autonomy_modules/install/px4_autonomy_modules/share/px4_autonomy_modules/hook/cmake_prefix_path.sh'
[11.888s] Level 1:colcon.colcon_core.environment:checking '/home/jetson/dogs/ROB498-flight/resources/code/ros2_ws/src/px4_autonomy_modules/install/px4_autonomy_modules/bin'
[11.888s] Level 1:colcon.colcon_core.environment:checking '/home/jetson/dogs/ROB498-flight/resources/code/ros2_ws/src/px4_autonomy_modules/install/px4_autonomy_modules/lib/pkgconfig/px4_autonomy_modules.pc'
[11.889s] Level 1:colcon.colcon_core.environment:checking '/home/jetson/dogs/ROB498-flight/resources/code/ros2_ws/src/px4_autonomy_modules/install/px4_autonomy_modules/lib/python3.8/site-packages'
[11.890s] Level 1:colcon.colcon_core.environment:checking '/home/jetson/dogs/ROB498-flight/resources/code/ros2_ws/src/px4_autonomy_modules/install/px4_autonomy_modules/bin'
[11.891s] INFO:colcon.colcon_core.shell:Creating package script '/home/jetson/dogs/ROB498-flight/resources/code/ros2_ws/src/px4_autonomy_modules/install/px4_autonomy_modules/share/px4_autonomy_modules/package.ps1'
[11.894s] INFO:colcon.colcon_core.shell:Creating package descriptor '/home/jetson/dogs/ROB498-flight/resources/code/ros2_ws/src/px4_autonomy_modules/install/px4_autonomy_modules/share/px4_autonomy_modules/package.dsv'
[11.896s] INFO:colcon.colcon_core.shell:Creating package script '/home/jetson/dogs/ROB498-flight/resources/code/ros2_ws/src/px4_autonomy_modules/install/px4_autonomy_modules/share/px4_autonomy_modules/package.sh'
[11.899s] INFO:colcon.colcon_core.shell:Creating package script '/home/jetson/dogs/ROB498-flight/resources/code/ros2_ws/src/px4_autonomy_modules/install/px4_autonomy_modules/share/px4_autonomy_modules/package.bash'
[11.901s] INFO:colcon.colcon_core.shell:Creating package script '/home/jetson/dogs/ROB498-flight/resources/code/ros2_ws/src/px4_autonomy_modules/install/px4_autonomy_modules/share/px4_autonomy_modules/package.zsh'
[11.903s] Level 1:colcon.colcon_core.environment:create_file_with_runtime_dependencies(/home/jetson/dogs/ROB498-flight/resources/code/ros2_ws/src/px4_autonomy_modules/install/px4_autonomy_modules/share/colcon-core/packages/px4_autonomy_modules)
[11.904s] DEBUG:colcon.colcon_parallel_executor.executor.parallel:closing loop
[11.906s] DEBUG:colcon.colcon_parallel_executor.executor.parallel:loop closed
[11.907s] DEBUG:colcon.colcon_parallel_executor.executor.parallel:run_until_complete finished with '0'
[11.907s] DEBUG:colcon.colcon_core.event_reactor:joining thread
[11.932s] INFO:colcon.colcon_core.plugin_system:Skipping extension 'colcon_notification.desktop_notification.terminal_notifier': Not used on non-Darwin systems
[11.933s] INFO:colcon.colcon_core.plugin_system:Skipping extension 'colcon_notification.desktop_notification.win32': Not used on non-Windows systems
[11.933s] INFO:colcon.colcon_notification.desktop_notification:Sending desktop notification using 'notify2'
[12.007s] DEBUG:colcon.colcon_core.event_reactor:joined thread
[12.008s] INFO:colcon.colcon_core.shell:Creating prefix script '/home/jetson/dogs/ROB498-flight/resources/code/ros2_ws/src/px4_autonomy_modules/install/local_setup.ps1'
[12.014s] INFO:colcon.colcon_core.shell:Creating prefix util module '/home/jetson/dogs/ROB498-flight/resources/code/ros2_ws/src/px4_autonomy_modules/install/_local_setup_util_ps1.py'
[12.021s] INFO:colcon.colcon_core.shell:Creating prefix chain script '/home/jetson/dogs/ROB498-flight/resources/code/ros2_ws/src/px4_autonomy_modules/install/setup.ps1'
[12.027s] INFO:colcon.colcon_core.shell:Creating prefix script '/home/jetson/dogs/ROB498-flight/resources/code/ros2_ws/src/px4_autonomy_modules/install/local_setup.sh'
[12.031s] INFO:colcon.colcon_core.shell:Creating prefix util module '/home/jetson/dogs/ROB498-flight/resources/code/ros2_ws/src/px4_autonomy_modules/install/_local_setup_util_sh.py'
[12.034s] INFO:colcon.colcon_core.shell:Creating prefix chain script '/home/jetson/dogs/ROB498-flight/resources/code/ros2_ws/src/px4_autonomy_modules/install/setup.sh'
[12.040s] INFO:colcon.colcon_core.shell:Creating prefix script '/home/jetson/dogs/ROB498-flight/resources/code/ros2_ws/src/px4_autonomy_modules/install/local_setup.bash'
[12.043s] INFO:colcon.colcon_core.shell:Creating prefix chain script '/home/jetson/dogs/ROB498-flight/resources/code/ros2_ws/src/px4_autonomy_modules/install/setup.bash'
[12.048s] INFO:colcon.colcon_core.shell:Creating prefix script '/home/jetson/dogs/ROB498-flight/resources/code/ros2_ws/src/px4_autonomy_modules/install/local_setup.zsh'
[12.051s] INFO:colcon.colcon_core.shell:Creating prefix chain script '/home/jetson/dogs/ROB498-flight/resources/code/ros2_ws/src/px4_autonomy_modules/install/setup.zsh'
