[0.048s] Invoking command in '/home/jetson/dogs/ROB498-flight/resources/code/ros2_ws/src/px4_autonomy_modules/build/px4_autonomy_modules': CMAKE_PREFIX_PATH=${CMAKE_PREFIX_PATH}:/opt/ros/foxy /usr/bin/cmake --build /home/jetson/dogs/ROB498-flight/resources/code/ros2_ws/src/px4_autonomy_modules/build/px4_autonomy_modules -- -j4 -l4
[0.168s] -- Found ament_cmake: 0.9.12 (/opt/ros/foxy/share/ament_cmake/cmake)
[0.260s] -- Using PYTHON_EXECUTABLE: /usr/bin/python3
[1.171s] -- Found rclcpp: 2.4.3 (/opt/ros/foxy/share/rclcpp/cmake)
[1.318s] -- Using all available rosidl_typesupport_c: rosidl_typesupport_fastrtps_c;rosidl_typesupport_introspection_c
[1.333s] -- Found rosidl_adapter: 1.3.1 (/opt/ros/foxy/share/rosidl_adapter/cmake)
[1.865s] -- Using all available rosidl_typesupport_cpp: rosidl_typesupport_fastrtps_cpp;rosidl_typesupport_introspection_cpp
[2.075s] -- Found rmw_implementation_cmake: 1.0.4 (/opt/ros/foxy/share/rmw_implementation_cmake/cmake)
[2.081s] -- Using RMW implementation 'rmw_fastrtps_cpp' as default
[2.720s] -- Found rclpy: 1.0.13 (/opt/ros/foxy/share/rclpy/cmake)
[2.721s] -- Found nav_msgs: 2.0.5 (/opt/ros/foxy/share/nav_msgs/cmake)
[3.228s] -- Found sensor_msgs: 2.0.5 (/opt/ros/foxy/share/sensor_msgs/cmake)
[3.540s] -- Found mavros: 2.4.0 (/opt/ros/foxy/share/mavros/cmake)
[3.556s] -- Found mavros_extras: 2.4.0 (/opt/ros/foxy/share/mavros_extras/cmake)
[3.564s] -- Found ament_lint_auto: 0.9.8 (/opt/ros/foxy/share/ament_lint_auto/cmake)
[3.895s] -- Added test 'cppcheck' to perform static code analysis on C / C++ code
[3.896s] -- Configured cppcheck include dirs: 
[3.896s] -- Configured cppcheck exclude dirs and/or files: 
[3.905s] -- Added test 'flake8' to check Python code syntax and style conventions
[3.920s] -- Added test 'lint_cmake' to check CMake code style
[3.929s] -- Added test 'pep257' to check Python code against some of the style conventions in PEP 257
[3.988s] -- Added test 'uncrustify' to check C / C++ code style
[3.988s] -- Configured uncrustify additional arguments: 
[3.996s] -- Added test 'xmllint' to check XML markup files
[4.012s] -- Configuring done
[4.029s] -- Generating done
[4.037s] -- Build files have been written to: /home/jetson/dogs/ROB498-flight/resources/code/ros2_ws/src/px4_autonomy_modules/build/px4_autonomy_modules
[4.128s] Invoked command in '/home/jetson/dogs/ROB498-flight/resources/code/ros2_ws/src/px4_autonomy_modules/build/px4_autonomy_modules' returned '0': CMAKE_PREFIX_PATH=${CMAKE_PREFIX_PATH}:/opt/ros/foxy /usr/bin/cmake --build /home/jetson/dogs/ROB498-flight/resources/code/ros2_ws/src/px4_autonomy_modules/build/px4_autonomy_modules -- -j4 -l4
[4.249s] Invoking command in '/home/jetson/dogs/ROB498-flight/resources/code/ros2_ws/src/px4_autonomy_modules/build/px4_autonomy_modules': CMAKE_PREFIX_PATH=${CMAKE_PREFIX_PATH}:/opt/ros/foxy /usr/bin/cmake --install /home/jetson/dogs/ROB498-flight/resources/code/ros2_ws/src/px4_autonomy_modules/build/px4_autonomy_modules
[4.279s] -- Install configuration: ""
[4.279s] -- Installing: /home/jetson/dogs/ROB498-flight/resources/code/ros2_ws/src/px4_autonomy_modules/install/px4_autonomy_modules/lib/px4_autonomy_modules/pose_relay_node.py
[4.280s] -- Up-to-date: /home/jetson/dogs/ROB498-flight/resources/code/ros2_ws/src/px4_autonomy_modules/install/px4_autonomy_modules/share/px4_autonomy_modules/launch
[4.280s] -- Up-to-date: /home/jetson/dogs/ROB498-flight/resources/code/ros2_ws/src/px4_autonomy_modules/install/px4_autonomy_modules/share/px4_autonomy_modules/launch/px4_config.yaml
[4.281s] -- Up-to-date: /home/jetson/dogs/ROB498-flight/resources/code/ros2_ws/src/px4_autonomy_modules/install/px4_autonomy_modules/share/px4_autonomy_modules/launch/px4_pluginlists.yaml
[4.281s] -- Installing: /home/jetson/dogs/ROB498-flight/resources/code/ros2_ws/src/px4_autonomy_modules/install/px4_autonomy_modules/share/px4_autonomy_modules/launch/mavros.launch.py
[4.282s] -- Up-to-date: /home/jetson/dogs/ROB498-flight/resources/code/ros2_ws/src/px4_autonomy_modules/install/px4_autonomy_modules/share/ament_index/resource_index/package_run_dependencies/px4_autonomy_modules
[4.282s] -- Up-to-date: /home/jetson/dogs/ROB498-flight/resources/code/ros2_ws/src/px4_autonomy_modules/install/px4_autonomy_modules/share/ament_index/resource_index/parent_prefix_path/px4_autonomy_modules
[4.283s] -- Up-to-date: /home/jetson/dogs/ROB498-flight/resources/code/ros2_ws/src/px4_autonomy_modules/install/px4_autonomy_modules/share/px4_autonomy_modules/environment/ament_prefix_path.sh
[4.283s] -- Installing: /home/jetson/dogs/ROB498-flight/resources/code/ros2_ws/src/px4_autonomy_modules/install/px4_autonomy_modules/share/px4_autonomy_modules/environment/ament_prefix_path.dsv
[4.283s] -- Up-to-date: /home/jetson/dogs/ROB498-flight/resources/code/ros2_ws/src/px4_autonomy_modules/install/px4_autonomy_modules/share/px4_autonomy_modules/environment/path.sh
[4.284s] -- Installing: /home/jetson/dogs/ROB498-flight/resources/code/ros2_ws/src/px4_autonomy_modules/install/px4_autonomy_modules/share/px4_autonomy_modules/environment/path.dsv
[4.284s] -- Up-to-date: /home/jetson/dogs/ROB498-flight/resources/code/ros2_ws/src/px4_autonomy_modules/install/px4_autonomy_modules/share/px4_autonomy_modules/local_setup.bash
[4.284s] -- Up-to-date: /home/jetson/dogs/ROB498-flight/resources/code/ros2_ws/src/px4_autonomy_modules/install/px4_autonomy_modules/share/px4_autonomy_modules/local_setup.sh
[4.285s] -- Up-to-date: /home/jetson/dogs/ROB498-flight/resources/code/ros2_ws/src/px4_autonomy_modules/install/px4_autonomy_modules/share/px4_autonomy_modules/local_setup.zsh
[4.285s] -- Installing: /home/jetson/dogs/ROB498-flight/resources/code/ros2_ws/src/px4_autonomy_modules/install/px4_autonomy_modules/share/px4_autonomy_modules/local_setup.dsv
[4.286s] -- Installing: /home/jetson/dogs/ROB498-flight/resources/code/ros2_ws/src/px4_autonomy_modules/install/px4_autonomy_modules/share/px4_autonomy_modules/package.dsv
[4.286s] -- Up-to-date: /home/jetson/dogs/ROB498-flight/resources/code/ros2_ws/src/px4_autonomy_modules/install/px4_autonomy_modules/share/ament_index/resource_index/packages/px4_autonomy_modules
[4.286s] -- Up-to-date: /home/jetson/dogs/ROB498-flight/resources/code/ros2_ws/src/px4_autonomy_modules/install/px4_autonomy_modules/share/px4_autonomy_modules/cmake/px4_autonomy_modulesConfig.cmake
[4.288s] -- Up-to-date: /home/jetson/dogs/ROB498-flight/resources/code/ros2_ws/src/px4_autonomy_modules/install/px4_autonomy_modules/share/px4_autonomy_modules/cmake/px4_autonomy_modulesConfig-version.cmake
[4.289s] -- Up-to-date: /home/jetson/dogs/ROB498-flight/resources/code/ros2_ws/src/px4_autonomy_modules/install/px4_autonomy_modules/share/px4_autonomy_modules/package.xml
[4.294s] Invoked command in '/home/jetson/dogs/ROB498-flight/resources/code/ros2_ws/src/px4_autonomy_modules/build/px4_autonomy_modules' returned '0': CMAKE_PREFIX_PATH=${CMAKE_PREFIX_PATH}:/opt/ros/foxy /usr/bin/cmake --install /home/jetson/dogs/ROB498-flight/resources/code/ros2_ws/src/px4_autonomy_modules/build/px4_autonomy_modules
