[1.832s] DEBUG:colcon:Command line arguments: ['/usr/bin/colcon', 'build']
[1.833s] DEBUG:colcon:Parsed command line arguments: Namespace(allow_overriding=[], ament_cmake_args=None, base_paths=['.'], build_base='build', catkin_cmake_args=None, catkin_skip_building_tests=False, cmake_args=None, cmake_clean_cache=False, cmake_clean_first=False, cmake_force_configure=False, cmake_target=None, cmake_target_skip_unavailable=False, continue_on_error=False, event_handlers=None, executor='parallel', ignore_user_meta=False, install_base='install', log_base=None, log_level=None, main=<bound method BuildVerb.main of <colcon_core.verb.build.BuildVerb object at 0x7f93723100>>, merge_install=False, metas=['./colcon.meta'], packages_above=None, packages_above_and_dependencies=None, packages_above_depth=None, packages_end=None, packages_ignore=None, packages_ignore_regex=None, packages_select=None, packages_select_build_failed=False, packages_select_by_dep=None, packages_select_regex=None, packages_select_test_failures=False, packages_skip=None, packages_skip_build_finished=False, packages_skip_by_dep=None, packages_skip_regex=None, packages_skip_test_passed=False, packages_skip_up_to=None, packages_start=None, packages_up_to=None, packages_up_to_regex=None, parallel_workers=4, paths=None, symlink_install=False, test_result_base=None, verb_extension=<colcon_core.verb.build.BuildVerb object at 0x7f93723100>, verb_name='build', verb_parser=<colcon_defaults.argument_parser.defaults.DefaultArgumentsDecorator object at 0x7f936bb460>)
[2.837s] Level 1:colcon.colcon_core.package_discovery:discover_packages(colcon_meta) check parameters
[2.838s] Level 1:colcon.colcon_core.package_discovery:discover_packages(recursive) check parameters
[2.838s] Level 1:colcon.colcon_core.package_discovery:discover_packages(ignore) check parameters
[2.838s] Level 1:colcon.colcon_core.package_discovery:discover_packages(path) check parameters
[2.838s] Level 1:colcon.colcon_core.package_discovery:discover_packages(colcon_meta) discover
[2.838s] Level 1:colcon.colcon_core.package_discovery:discover_packages(recursive) discover
[2.838s] INFO:colcon.colcon_core.package_discovery:Crawling recursively for packages in '/home/jetson/dogs/ROB498-flight/resources/code/ros2_ws'
[2.839s] Level 1:colcon.colcon_core.package_identification:_identify(.) by extensions ['ignore', 'ignore_ament_install']
[2.839s] Level 1:colcon.colcon_core.package_identification:_identify(.) by extension 'ignore'
[2.839s] Level 1:colcon.colcon_core.package_identification:_identify(.) by extension 'ignore_ament_install'
[2.840s] Level 1:colcon.colcon_core.package_identification:_identify(.) by extensions ['colcon_pkg']
[2.840s] Level 1:colcon.colcon_core.package_identification:_identify(.) by extension 'colcon_pkg'
[2.840s] Level 1:colcon.colcon_core.package_identification:_identify(.) by extensions ['colcon_meta']
[2.840s] Level 1:colcon.colcon_core.package_identification:_identify(.) by extension 'colcon_meta'
[2.840s] Level 1:colcon.colcon_core.package_identification:_identify(.) by extensions ['ros']
[2.840s] Level 1:colcon.colcon_core.package_identification:_identify(.) by extension 'ros'
[2.907s] Level 1:colcon.colcon_core.package_identification:_identify(.) by extensions ['cmake', 'python']
[2.908s] Level 1:colcon.colcon_core.package_identification:_identify(.) by extension 'cmake'
[2.908s] Level 1:colcon.colcon_core.package_identification:_identify(.) by extension 'python'
[2.908s] Level 1:colcon.colcon_core.package_identification:_identify(.) by extensions ['python_setup_py']
[2.908s] Level 1:colcon.colcon_core.package_identification:_identify(.) by extension 'python_setup_py'
[2.909s] Level 1:colcon.colcon_core.package_identification:_identify(build) by extensions ['ignore', 'ignore_ament_install']
[2.909s] Level 1:colcon.colcon_core.package_identification:_identify(build) by extension 'ignore'
[2.909s] Level 1:colcon.colcon_core.package_identification:_identify(build) ignored
[2.910s] Level 1:colcon.colcon_core.package_identification:_identify(install) by extensions ['ignore', 'ignore_ament_install']
[2.910s] Level 1:colcon.colcon_core.package_identification:_identify(install) by extension 'ignore'
[2.910s] Level 1:colcon.colcon_core.package_identification:_identify(install) ignored
[2.911s] Level 1:colcon.colcon_core.package_identification:_identify(log) by extensions ['ignore', 'ignore_ament_install']
[2.911s] Level 1:colcon.colcon_core.package_identification:_identify(log) by extension 'ignore'
[2.911s] Level 1:colcon.colcon_core.package_identification:_identify(log) ignored
[2.914s] Level 1:colcon.colcon_core.package_identification:_identify(src) by extensions ['ignore', 'ignore_ament_install']
[2.914s] Level 1:colcon.colcon_core.package_identification:_identify(src) by extension 'ignore'
[2.914s] Level 1:colcon.colcon_core.package_identification:_identify(src) by extension 'ignore_ament_install'
[2.915s] Level 1:colcon.colcon_core.package_identification:_identify(src) by extensions ['colcon_pkg']
[2.915s] Level 1:colcon.colcon_core.package_identification:_identify(src) by extension 'colcon_pkg'
[2.915s] Level 1:colcon.colcon_core.package_identification:_identify(src) by extensions ['colcon_meta']
[2.915s] Level 1:colcon.colcon_core.package_identification:_identify(src) by extension 'colcon_meta'
[2.915s] Level 1:colcon.colcon_core.package_identification:_identify(src) by extensions ['ros']
[2.916s] Level 1:colcon.colcon_core.package_identification:_identify(src) by extension 'ros'
[2.916s] Level 1:colcon.colcon_core.package_identification:_identify(src) by extensions ['cmake', 'python']
[2.916s] Level 1:colcon.colcon_core.package_identification:_identify(src) by extension 'cmake'
[2.916s] Level 1:colcon.colcon_core.package_identification:_identify(src) by extension 'python'
[2.916s] Level 1:colcon.colcon_core.package_identification:_identify(src) by extensions ['python_setup_py']
[2.917s] Level 1:colcon.colcon_core.package_identification:_identify(src) by extension 'python_setup_py'
[2.918s] Level 1:colcon.colcon_core.package_identification:_identify(src/px4_autonomy_modules) by extensions ['ignore', 'ignore_ament_install']
[2.918s] Level 1:colcon.colcon_core.package_identification:_identify(src/px4_autonomy_modules) by extension 'ignore'
[2.918s] Level 1:colcon.colcon_core.package_identification:_identify(src/px4_autonomy_modules) by extension 'ignore_ament_install'
[2.918s] Level 1:colcon.colcon_core.package_identification:_identify(src/px4_autonomy_modules) by extensions ['colcon_pkg']
[2.919s] Level 1:colcon.colcon_core.package_identification:_identify(src/px4_autonomy_modules) by extension 'colcon_pkg'
[2.919s] Level 1:colcon.colcon_core.package_identification:_identify(src/px4_autonomy_modules) by extensions ['colcon_meta']
[2.919s] Level 1:colcon.colcon_core.package_identification:_identify(src/px4_autonomy_modules) by extension 'colcon_meta'
[2.919s] Level 1:colcon.colcon_core.package_identification:_identify(src/px4_autonomy_modules) by extensions ['ros']
[2.919s] Level 1:colcon.colcon_core.package_identification:_identify(src/px4_autonomy_modules) by extension 'ros'
[2.976s] DEBUG:colcon.colcon_core.package_identification:Package 'src/px4_autonomy_modules' with type 'ros.ament_cmake' and name 'px4_autonomy_modules'
[2.976s] Level 1:colcon.colcon_core.package_discovery:discover_packages(recursive) using defaults
[2.976s] Level 1:colcon.colcon_core.package_discovery:discover_packages(ignore) discover
[2.976s] Level 1:colcon.colcon_core.package_discovery:discover_packages(ignore) using defaults
[2.977s] Level 1:colcon.colcon_core.package_discovery:discover_packages(path) discover
[2.977s] Level 1:colcon.colcon_core.package_discovery:discover_packages(path) using defaults
[3.092s] Level 1:colcon.colcon_core.package_discovery:discover_packages(prefix_path) check parameters
[3.092s] Level 1:colcon.colcon_core.package_discovery:discover_packages(prefix_path) discover
[3.108s] DEBUG:colcon.colcon_installed_package_information.package_discovery:Found 266 installed packages in /opt/ros/foxy
[3.117s] Level 1:colcon.colcon_core.package_discovery:discover_packages(prefix_path) using defaults
[3.485s] Level 5:colcon.colcon_core.verb:set package 'px4_autonomy_modules' build argument 'cmake_args' from command line to 'None'
[3.485s] Level 5:colcon.colcon_core.verb:set package 'px4_autonomy_modules' build argument 'cmake_target' from command line to 'None'
[3.485s] Level 5:colcon.colcon_core.verb:set package 'px4_autonomy_modules' build argument 'cmake_target_skip_unavailable' from command line to 'False'
[3.486s] Level 5:colcon.colcon_core.verb:set package 'px4_autonomy_modules' build argument 'cmake_clean_cache' from command line to 'False'
[3.486s] Level 5:colcon.colcon_core.verb:set package 'px4_autonomy_modules' build argument 'cmake_clean_first' from command line to 'False'
[3.486s] Level 5:colcon.colcon_core.verb:set package 'px4_autonomy_modules' build argument 'cmake_force_configure' from command line to 'False'
[3.486s] Level 5:colcon.colcon_core.verb:set package 'px4_autonomy_modules' build argument 'ament_cmake_args' from command line to 'None'
[3.486s] Level 5:colcon.colcon_core.verb:set package 'px4_autonomy_modules' build argument 'catkin_cmake_args' from command line to 'None'
[3.486s] Level 5:colcon.colcon_core.verb:set package 'px4_autonomy_modules' build argument 'catkin_skip_building_tests' from command line to 'False'
[3.486s] DEBUG:colcon.colcon_core.verb:Building package 'px4_autonomy_modules' with the following arguments: {'ament_cmake_args': None, 'build_base': '/home/jetson/dogs/ROB498-flight/resources/code/ros2_ws/build/px4_autonomy_modules', 'catkin_cmake_args': None, 'catkin_skip_building_tests': False, 'cmake_args': None, 'cmake_clean_cache': False, 'cmake_clean_first': False, 'cmake_force_configure': False, 'cmake_target': None, 'cmake_target_skip_unavailable': False, 'install_base': '/home/jetson/dogs/ROB498-flight/resources/code/ros2_ws/install/px4_autonomy_modules', 'merge_install': False, 'path': '/home/jetson/dogs/ROB498-flight/resources/code/ros2_ws/src/px4_autonomy_modules', 'symlink_install': False, 'test_result_base': None}
[3.487s] INFO:colcon.colcon_core.executor:Executing jobs using 'parallel' executor
[3.490s] DEBUG:colcon.colcon_parallel_executor.executor.parallel:run_until_complete
[3.491s] INFO:colcon.colcon_ros.task.ament_cmake.build:Building ROS package in '/home/jetson/dogs/ROB498-flight/resources/code/ros2_ws/src/px4_autonomy_modules' with build type 'ament_cmake'
[3.491s] INFO:colcon.colcon_cmake.task.cmake.build:Building CMake package in '/home/jetson/dogs/ROB498-flight/resources/code/ros2_ws/src/px4_autonomy_modules'
[3.512s] INFO:colcon.colcon_core.plugin_system:Skipping extension 'colcon_core.shell.bat': Not used on non-Windows systems
[3.513s] INFO:colcon.colcon_core.shell:Skip shell extension 'powershell' for command environment: Not usable outside of PowerShell
[3.513s] DEBUG:colcon.colcon_core.shell:Skip shell extension 'dsv' for command environment
[3.544s] DEBUG:colcon.colcon_core.event_handler.log_command:Invoking command in '/home/jetson/dogs/ROB498-flight/resources/code/ros2_ws/build/px4_autonomy_modules': CMAKE_PREFIX_PATH=/opt/ros/foxy /usr/bin/cmake /home/jetson/dogs/ROB498-flight/resources/code/ros2_ws/src/px4_autonomy_modules -DCMAKE_INSTALL_PREFIX=/home/jetson/dogs/ROB498-flight/resources/code/ros2_ws/install/px4_autonomy_modules
[12.071s] DEBUG:colcon.colcon_core.event_handler.log_command:Invoked command in '/home/jetson/dogs/ROB498-flight/resources/code/ros2_ws/build/px4_autonomy_modules' returned '0': CMAKE_PREFIX_PATH=/opt/ros/foxy /usr/bin/cmake /home/jetson/dogs/ROB498-flight/resources/code/ros2_ws/src/px4_autonomy_modules -DCMAKE_INSTALL_PREFIX=/home/jetson/dogs/ROB498-flight/resources/code/ros2_ws/install/px4_autonomy_modules
[12.081s] DEBUG:colcon.colcon_core.event_handler.log_command:Invoking command in '/home/jetson/dogs/ROB498-flight/resources/code/ros2_ws/build/px4_autonomy_modules': CMAKE_PREFIX_PATH=/opt/ros/foxy /usr/bin/cmake --build /home/jetson/dogs/ROB498-flight/resources/code/ros2_ws/build/px4_autonomy_modules -- -j4 -l4
[12.226s] DEBUG:colcon.colcon_core.event_handler.log_command:Invoked command in '/home/jetson/dogs/ROB498-flight/resources/code/ros2_ws/build/px4_autonomy_modules' returned '0': CMAKE_PREFIX_PATH=/opt/ros/foxy /usr/bin/cmake --build /home/jetson/dogs/ROB498-flight/resources/code/ros2_ws/build/px4_autonomy_modules -- -j4 -l4
[12.339s] DEBUG:colcon.colcon_core.event_handler.log_command:Invoking command in '/home/jetson/dogs/ROB498-flight/resources/code/ros2_ws/build/px4_autonomy_modules': CMAKE_PREFIX_PATH=/opt/ros/foxy /usr/bin/cmake --install /home/jetson/dogs/ROB498-flight/resources/code/ros2_ws/build/px4_autonomy_modules
[12.389s] Level 1:colcon.colcon_core.environment:create_environment_scripts_only(px4_autonomy_modules)
[12.392s] DEBUG:colcon.colcon_core.event_handler.log_command:Invoked command in '/home/jetson/dogs/ROB498-flight/resources/code/ros2_ws/build/px4_autonomy_modules' returned '0': CMAKE_PREFIX_PATH=/opt/ros/foxy /usr/bin/cmake --install /home/jetson/dogs/ROB498-flight/resources/code/ros2_ws/build/px4_autonomy_modules
[12.414s] Level 1:colcon.colcon_core.environment:checking '/home/jetson/dogs/ROB498-flight/resources/code/ros2_ws/install/px4_autonomy_modules' for CMake module files
[12.416s] Level 1:colcon.colcon_core.environment:checking '/home/jetson/dogs/ROB498-flight/resources/code/ros2_ws/install/px4_autonomy_modules' for CMake config files
[12.419s] Level 1:colcon.colcon_core.shell:create_environment_hook('px4_autonomy_modules', 'cmake_prefix_path')
[12.420s] INFO:colcon.colcon_core.shell:Creating environment hook '/home/jetson/dogs/ROB498-flight/resources/code/ros2_ws/install/px4_autonomy_modules/share/px4_autonomy_modules/hook/cmake_prefix_path.ps1'
[12.424s] INFO:colcon.colcon_core.shell:Creating environment descriptor '/home/jetson/dogs/ROB498-flight/resources/code/ros2_ws/install/px4_autonomy_modules/share/px4_autonomy_modules/hook/cmake_prefix_path.dsv'
[12.427s] INFO:colcon.colcon_core.shell:Creating environment hook '/home/jetson/dogs/ROB498-flight/resources/code/ros2_ws/install/px4_autonomy_modules/share/px4_autonomy_modules/hook/cmake_prefix_path.sh'
[12.432s] Level 1:colcon.colcon_core.environment:checking '/home/jetson/dogs/ROB498-flight/resources/code/ros2_ws/install/px4_autonomy_modules/bin'
[12.432s] Level 1:colcon.colcon_core.environment:checking '/home/jetson/dogs/ROB498-flight/resources/code/ros2_ws/install/px4_autonomy_modules/lib/pkgconfig/px4_autonomy_modules.pc'
[12.433s] Level 1:colcon.colcon_core.environment:checking '/home/jetson/dogs/ROB498-flight/resources/code/ros2_ws/install/px4_autonomy_modules/lib/python3.8/site-packages'
[12.434s] Level 1:colcon.colcon_core.environment:checking '/home/jetson/dogs/ROB498-flight/resources/code/ros2_ws/install/px4_autonomy_modules/bin'
[12.435s] INFO:colcon.colcon_core.shell:Creating package script '/home/jetson/dogs/ROB498-flight/resources/code/ros2_ws/install/px4_autonomy_modules/share/px4_autonomy_modules/package.ps1'
[12.439s] INFO:colcon.colcon_core.shell:Creating package descriptor '/home/jetson/dogs/ROB498-flight/resources/code/ros2_ws/install/px4_autonomy_modules/share/px4_autonomy_modules/package.dsv'
[12.443s] INFO:colcon.colcon_core.shell:Creating package script '/home/jetson/dogs/ROB498-flight/resources/code/ros2_ws/install/px4_autonomy_modules/share/px4_autonomy_modules/package.sh'
[12.448s] INFO:colcon.colcon_core.shell:Creating package script '/home/jetson/dogs/ROB498-flight/resources/code/ros2_ws/install/px4_autonomy_modules/share/px4_autonomy_modules/package.bash'
[12.454s] INFO:colcon.colcon_core.shell:Creating package script '/home/jetson/dogs/ROB498-flight/resources/code/ros2_ws/install/px4_autonomy_modules/share/px4_autonomy_modules/package.zsh'
[12.459s] Level 1:colcon.colcon_core.environment:create_file_with_runtime_dependencies(/home/jetson/dogs/ROB498-flight/resources/code/ros2_ws/install/px4_autonomy_modules/share/colcon-core/packages/px4_autonomy_modules)
[12.534s] Level 1:colcon.colcon_core.environment:create_environment_scripts_only(px4_autonomy_modules)
[12.536s] Level 1:colcon.colcon_core.environment:checking '/home/jetson/dogs/ROB498-flight/resources/code/ros2_ws/install/px4_autonomy_modules' for CMake module files
[12.538s] Level 1:colcon.colcon_core.environment:checking '/home/jetson/dogs/ROB498-flight/resources/code/ros2_ws/install/px4_autonomy_modules' for CMake config files
[12.539s] Level 1:colcon.colcon_core.shell:create_environment_hook('px4_autonomy_modules', 'cmake_prefix_path')
[12.540s] INFO:colcon.colcon_core.shell:Creating environment hook '/home/jetson/dogs/ROB498-flight/resources/code/ros2_ws/install/px4_autonomy_modules/share/px4_autonomy_modules/hook/cmake_prefix_path.ps1'
[12.544s] INFO:colcon.colcon_core.shell:Creating environment descriptor '/home/jetson/dogs/ROB498-flight/resources/code/ros2_ws/install/px4_autonomy_modules/share/px4_autonomy_modules/hook/cmake_prefix_path.dsv'
[12.546s] INFO:colcon.colcon_core.shell:Creating environment hook '/home/jetson/dogs/ROB498-flight/resources/code/ros2_ws/install/px4_autonomy_modules/share/px4_autonomy_modules/hook/cmake_prefix_path.sh'
[12.548s] Level 1:colcon.colcon_core.environment:checking '/home/jetson/dogs/ROB498-flight/resources/code/ros2_ws/install/px4_autonomy_modules/bin'
[12.549s] Level 1:colcon.colcon_core.environment:checking '/home/jetson/dogs/ROB498-flight/resources/code/ros2_ws/install/px4_autonomy_modules/lib/pkgconfig/px4_autonomy_modules.pc'
[12.550s] Level 1:colcon.colcon_core.environment:checking '/home/jetson/dogs/ROB498-flight/resources/code/ros2_ws/install/px4_autonomy_modules/lib/python3.8/site-packages'
[12.550s] Level 1:colcon.colcon_core.environment:checking '/home/jetson/dogs/ROB498-flight/resources/code/ros2_ws/install/px4_autonomy_modules/bin'
[12.552s] INFO:colcon.colcon_core.shell:Creating package script '/home/jetson/dogs/ROB498-flight/resources/code/ros2_ws/install/px4_autonomy_modules/share/px4_autonomy_modules/package.ps1'
[12.554s] INFO:colcon.colcon_core.shell:Creating package descriptor '/home/jetson/dogs/ROB498-flight/resources/code/ros2_ws/install/px4_autonomy_modules/share/px4_autonomy_modules/package.dsv'
[12.556s] INFO:colcon.colcon_core.shell:Creating package script '/home/jetson/dogs/ROB498-flight/resources/code/ros2_ws/install/px4_autonomy_modules/share/px4_autonomy_modules/package.sh'
[12.558s] INFO:colcon.colcon_core.shell:Creating package script '/home/jetson/dogs/ROB498-flight/resources/code/ros2_ws/install/px4_autonomy_modules/share/px4_autonomy_modules/package.bash'
[12.560s] INFO:colcon.colcon_core.shell:Creating package script '/home/jetson/dogs/ROB498-flight/resources/code/ros2_ws/install/px4_autonomy_modules/share/px4_autonomy_modules/package.zsh'
[12.562s] Level 1:colcon.colcon_core.environment:create_file_with_runtime_dependencies(/home/jetson/dogs/ROB498-flight/resources/code/ros2_ws/install/px4_autonomy_modules/share/colcon-core/packages/px4_autonomy_modules)
[12.563s] DEBUG:colcon.colcon_parallel_executor.executor.parallel:closing loop
[12.563s] DEBUG:colcon.colcon_parallel_executor.executor.parallel:loop closed
[12.564s] DEBUG:colcon.colcon_parallel_executor.executor.parallel:run_until_complete finished with '0'
[12.564s] DEBUG:colcon.colcon_core.event_reactor:joining thread
[12.591s] INFO:colcon.colcon_core.plugin_system:Skipping extension 'colcon_notification.desktop_notification.terminal_notifier': Not used on non-Darwin systems
[12.592s] INFO:colcon.colcon_core.plugin_system:Skipping extension 'colcon_notification.desktop_notification.win32': Not used on non-Windows systems
[12.592s] INFO:colcon.colcon_notification.desktop_notification:Sending desktop notification using 'notify2'
[12.665s] DEBUG:colcon.colcon_core.event_reactor:joined thread
[12.667s] INFO:colcon.colcon_core.shell:Creating prefix script '/home/jetson/dogs/ROB498-flight/resources/code/ros2_ws/install/local_setup.ps1'
[12.672s] INFO:colcon.colcon_core.shell:Creating prefix util module '/home/jetson/dogs/ROB498-flight/resources/code/ros2_ws/install/_local_setup_util_ps1.py'
[12.680s] INFO:colcon.colcon_core.shell:Creating prefix chain script '/home/jetson/dogs/ROB498-flight/resources/code/ros2_ws/install/setup.ps1'
[12.685s] INFO:colcon.colcon_core.shell:Creating prefix script '/home/jetson/dogs/ROB498-flight/resources/code/ros2_ws/install/local_setup.sh'
[12.690s] INFO:colcon.colcon_core.shell:Creating prefix util module '/home/jetson/dogs/ROB498-flight/resources/code/ros2_ws/install/_local_setup_util_sh.py'
[12.692s] INFO:colcon.colcon_core.shell:Creating prefix chain script '/home/jetson/dogs/ROB498-flight/resources/code/ros2_ws/install/setup.sh'
[12.698s] INFO:colcon.colcon_core.shell:Creating prefix script '/home/jetson/dogs/ROB498-flight/resources/code/ros2_ws/install/local_setup.bash'
[12.702s] INFO:colcon.colcon_core.shell:Creating prefix chain script '/home/jetson/dogs/ROB498-flight/resources/code/ros2_ws/install/setup.bash'
[12.707s] INFO:colcon.colcon_core.shell:Creating prefix script '/home/jetson/dogs/ROB498-flight/resources/code/ros2_ws/install/local_setup.zsh'
[12.710s] INFO:colcon.colcon_core.shell:Creating prefix chain script '/home/jetson/dogs/ROB498-flight/resources/code/ros2_ws/install/setup.zsh'
