[0.063s] Invoking command in '/home/jetson/ros2_ws/build/px4_autonomy_modules': CMAKE_PREFIX_PATH=${CMAKE_PREFIX_PATH}:/opt/ros/foxy /usr/bin/cmake /home/jetson/ros2_ws/src/px4_autonomy_modules -DCMAKE_INSTALL_PREFIX=/home/jetson/ros2_ws/install/px4_autonomy_modules
[0.726s] -- The C compiler identification is GNU 8.4.0
[1.348s] -- The CXX compiler identification is GNU 8.4.0
[1.381s] -- Check for working C compiler: /usr/bin/cc
[1.639s] -- Check for working C compiler: /usr/bin/cc -- works
[1.643s] -- Detecting C compiler ABI info
[2.071s] -- Detecting C compiler ABI info - done
[2.170s] -- Detecting C compile features
[2.173s] -- Detecting C compile features - done
[2.196s] -- Check for working CXX compiler: /usr/bin/c++
[2.675s] -- Check for working CXX compiler: /usr/bin/c++ -- works
[2.681s] -- Detecting CXX compiler ABI info
[2.995s] -- Detecting CXX compiler ABI info - done
[3.048s] -- Detecting CXX compile features
[3.050s] -- Detecting CXX compile features - done
[3.068s] -- Found ament_cmake: 0.9.12 (/opt/ros/foxy/share/ament_cmake/cmake)
[3.196s] -- Found PythonInterp: /usr/bin/python3 (found suitable version "3.8.10", minimum required is "3") 
[3.196s] -- Using PYTHON_EXECUTABLE: /usr/bin/python3
[4.575s] -- Found rclcpp: 2.4.3 (/opt/ros/foxy/share/rclcpp/cmake)
[4.976s] -- Using all available rosidl_typesupport_c: rosidl_typesupport_fastrtps_c;rosidl_typesupport_introspection_c
[5.052s] -- Found rosidl_adapter: 1.3.1 (/opt/ros/foxy/share/rosidl_adapter/cmake)
[5.929s] -- Found OpenSSL: /usr/lib/aarch64-linux-gnu/libcrypto.so (found version "1.1.1f")  
[6.155s] -- Found FastRTPS: /opt/ros/foxy/include  
[6.826s] -- Using all available rosidl_typesupport_cpp: rosidl_typesupport_fastrtps_cpp;rosidl_typesupport_introspection_cpp
[7.394s] -- Found rmw_implementation_cmake: 1.0.4 (/opt/ros/foxy/share/rmw_implementation_cmake/cmake)
[7.404s] -- Using RMW implementation 'rmw_fastrtps_cpp' as default
[7.424s] -- Looking for pthread.h
[8.135s] -- Looking for pthread.h - found
[8.138s] -- Performing Test CMAKE_HAVE_LIBC_PTHREAD
[8.673s] -- Performing Test CMAKE_HAVE_LIBC_PTHREAD - Failed
[8.674s] -- Looking for pthread_create in pthreads
[9.113s] -- Looking for pthread_create in pthreads - not found
[9.113s] -- Looking for pthread_create in pthread
[9.647s] -- Looking for pthread_create in pthread - found
[9.648s] -- Found Threads: TRUE  
[11.178s] -- Found rclpy: 1.0.13 (/opt/ros/foxy/share/rclpy/cmake)
[11.198s] -- Found nav_msgs: 2.0.5 (/opt/ros/foxy/share/nav_msgs/cmake)
[12.262s] -- Found sensor_msgs: 2.0.5 (/opt/ros/foxy/share/sensor_msgs/cmake)
[12.963s] -- Found mavros: 2.4.0 (/opt/ros/foxy/share/mavros/cmake)
[13.050s] -- Found mavros_extras: 2.4.0 (/opt/ros/foxy/share/mavros_extras/cmake)
[13.084s] -- Found ament_lint_auto: 0.9.8 (/opt/ros/foxy/share/ament_lint_auto/cmake)
[13.731s] -- Added test 'cppcheck' to perform static code analysis on C / C++ code
[13.734s] -- Configured cppcheck include dirs: 
[13.736s] -- Configured cppcheck exclude dirs and/or files: 
[13.753s] -- Added test 'flake8' to check Python code syntax and style conventions
[13.776s] -- Added test 'lint_cmake' to check CMake code style
[13.796s] -- Added test 'pep257' to check Python code against some of the style conventions in PEP 257
[13.871s] -- Added test 'uncrustify' to check C / C++ code style
[13.873s] -- Configured uncrustify additional arguments: 
[13.888s] -- Added test 'xmllint' to check XML markup files
[13.921s] -- Configuring done
[13.976s] -- Generating done
[13.996s] -- Build files have been written to: /home/jetson/ros2_ws/build/px4_autonomy_modules
[14.034s] Invoked command in '/home/jetson/ros2_ws/build/px4_autonomy_modules' returned '0': CMAKE_PREFIX_PATH=${CMAKE_PREFIX_PATH}:/opt/ros/foxy /usr/bin/cmake /home/jetson/ros2_ws/src/px4_autonomy_modules -DCMAKE_INSTALL_PREFIX=/home/jetson/ros2_ws/install/px4_autonomy_modules
[14.036s] Invoking command in '/home/jetson/ros2_ws/build/px4_autonomy_modules': CMAKE_PREFIX_PATH=${CMAKE_PREFIX_PATH}:/opt/ros/foxy /usr/bin/cmake --build /home/jetson/ros2_ws/build/px4_autonomy_modules -- -j4 -l4
[14.386s] Invoked command in '/home/jetson/ros2_ws/build/px4_autonomy_modules' returned '0': CMAKE_PREFIX_PATH=${CMAKE_PREFIX_PATH}:/opt/ros/foxy /usr/bin/cmake --build /home/jetson/ros2_ws/build/px4_autonomy_modules -- -j4 -l4
[14.532s] Invoking command in '/home/jetson/ros2_ws/build/px4_autonomy_modules': CMAKE_PREFIX_PATH=${CMAKE_PREFIX_PATH}:/opt/ros/foxy /usr/bin/cmake --install /home/jetson/ros2_ws/build/px4_autonomy_modules
[14.575s] -- Install configuration: ""
[14.579s] -- Up-to-date: /home/jetson/ros2_ws/install/px4_autonomy_modules/lib/px4_autonomy_modules/pose_relay_node.py
[14.583s] -- Up-to-date: /home/jetson/ros2_ws/install/px4_autonomy_modules/lib/px4_autonomy_modules/fe_2.py
[14.585s] -- Installing: /home/jetson/ros2_ws/install/px4_autonomy_modules/lib/px4_autonomy_modules/camera_pose_relay_node.py
[14.588s] -- Up-to-date: /home/jetson/ros2_ws/install/px4_autonomy_modules/share/px4_autonomy_modules/launch
[14.608s] -- Up-to-date: /home/jetson/ros2_ws/install/px4_autonomy_modules/share/px4_autonomy_modules/launch/log
[14.611s] -- Up-to-date: /home/jetson/ros2_ws/install/px4_autonomy_modules/share/px4_autonomy_modules/launch/log/COLCON_IGNORE
[14.613s] -- Up-to-date: /home/jetson/ros2_ws/install/px4_autonomy_modules/share/px4_autonomy_modules/launch/log/build_2025-02-19_12-16-55
[14.617s] -- Up-to-date: /home/jetson/ros2_ws/install/px4_autonomy_modules/share/px4_autonomy_modules/launch/log/build_2025-02-19_12-16-55/logger_all.log
[14.621s] -- Up-to-date: /home/jetson/ros2_ws/install/px4_autonomy_modules/share/px4_autonomy_modules/launch/log/build_2025-02-19_12-16-55/events.log
[14.625s] -- Up-to-date: /home/jetson/ros2_ws/install/px4_autonomy_modules/share/px4_autonomy_modules/launch/log/latest
[14.627s] -- Up-to-date: /home/jetson/ros2_ws/install/px4_autonomy_modules/share/px4_autonomy_modules/launch/log/build_2025-02-19_12-12-14
[14.633s] -- Up-to-date: /home/jetson/ros2_ws/install/px4_autonomy_modules/share/px4_autonomy_modules/launch/log/build_2025-02-19_12-12-14/logger_all.log
[14.638s] -- Up-to-date: /home/jetson/ros2_ws/install/px4_autonomy_modules/share/px4_autonomy_modules/launch/log/build_2025-02-19_12-12-14/events.log
[14.641s] -- Up-to-date: /home/jetson/ros2_ws/install/px4_autonomy_modules/share/px4_autonomy_modules/launch/log/latest_build
[14.643s] -- Up-to-date: /home/jetson/ros2_ws/install/px4_autonomy_modules/share/px4_autonomy_modules/launch/install
[14.646s] -- Up-to-date: /home/jetson/ros2_ws/install/px4_autonomy_modules/share/px4_autonomy_modules/launch/install/COLCON_IGNORE
[14.650s] -- Up-to-date: /home/jetson/ros2_ws/install/px4_autonomy_modules/share/px4_autonomy_modules/launch/install/local_setup.bash
[14.653s] -- Up-to-date: /home/jetson/ros2_ws/install/px4_autonomy_modules/share/px4_autonomy_modules/launch/install/local_setup.ps1
[14.655s] -- Up-to-date: /home/jetson/ros2_ws/install/px4_autonomy_modules/share/px4_autonomy_modules/launch/install/local_setup.zsh
[14.658s] -- Up-to-date: /home/jetson/ros2_ws/install/px4_autonomy_modules/share/px4_autonomy_modules/launch/install/_local_setup_util_ps1.py
[14.661s] -- Up-to-date: /home/jetson/ros2_ws/install/px4_autonomy_modules/share/px4_autonomy_modules/launch/install/local_setup.sh
[14.662s] -- Up-to-date: /home/jetson/ros2_ws/install/px4_autonomy_modules/share/px4_autonomy_modules/launch/install/setup.ps1
[14.663s] -- Up-to-date: /home/jetson/ros2_ws/install/px4_autonomy_modules/share/px4_autonomy_modules/launch/install/setup.bash
[14.671s] -- Up-to-date: /home/jetson/ros2_ws/install/px4_autonomy_modules/share/px4_autonomy_modules/launch/install/setup.zsh
[14.674s] -- Up-to-date: /home/jetson/ros2_ws/install/px4_autonomy_modules/share/px4_autonomy_modules/launch/install/_local_setup_util_sh.py
[14.681s] -- Up-to-date: /home/jetson/ros2_ws/install/px4_autonomy_modules/share/px4_autonomy_modules/launch/install/setup.sh
[14.681s] -- Up-to-date: /home/jetson/ros2_ws/install/px4_autonomy_modules/share/px4_autonomy_modules/launch/install/.colcon_install_layout
[14.681s] -- Up-to-date: /home/jetson/ros2_ws/install/px4_autonomy_modules/share/px4_autonomy_modules/launch/px4_config.yaml
[14.682s] -- Up-to-date: /home/jetson/ros2_ws/install/px4_autonomy_modules/share/px4_autonomy_modules/launch/build
[14.682s] -- Up-to-date: /home/jetson/ros2_ws/install/px4_autonomy_modules/share/px4_autonomy_modules/launch/build/COLCON_IGNORE
[14.683s] -- Up-to-date: /home/jetson/ros2_ws/install/px4_autonomy_modules/share/px4_autonomy_modules/launch/build/.built_by
[14.683s] -- Up-to-date: /home/jetson/ros2_ws/install/px4_autonomy_modules/share/px4_autonomy_modules/launch/px4_pluginlists.yaml
[14.702s] -- Up-to-date: /home/jetson/ros2_ws/install/px4_autonomy_modules/share/px4_autonomy_modules/launch/mavros.launch.py
[14.702s] -- Installing: /home/jetson/ros2_ws/install/px4_autonomy_modules/share/ament_index/resource_index/package_run_dependencies/px4_autonomy_modules
[14.702s] -- Installing: /home/jetson/ros2_ws/install/px4_autonomy_modules/share/ament_index/resource_index/parent_prefix_path/px4_autonomy_modules
[14.703s] -- Up-to-date: /home/jetson/ros2_ws/install/px4_autonomy_modules/share/px4_autonomy_modules/environment/ament_prefix_path.sh
[14.703s] -- Installing: /home/jetson/ros2_ws/install/px4_autonomy_modules/share/px4_autonomy_modules/environment/ament_prefix_path.dsv
[14.713s] -- Up-to-date: /home/jetson/ros2_ws/install/px4_autonomy_modules/share/px4_autonomy_modules/environment/path.sh
[14.724s] -- Installing: /home/jetson/ros2_ws/install/px4_autonomy_modules/share/px4_autonomy_modules/environment/path.dsv
[14.729s] -- Installing: /home/jetson/ros2_ws/install/px4_autonomy_modules/share/px4_autonomy_modules/local_setup.bash
[14.730s] -- Installing: /home/jetson/ros2_ws/install/px4_autonomy_modules/share/px4_autonomy_modules/local_setup.sh
[14.730s] -- Installing: /home/jetson/ros2_ws/install/px4_autonomy_modules/share/px4_autonomy_modules/local_setup.zsh
[14.731s] -- Installing: /home/jetson/ros2_ws/install/px4_autonomy_modules/share/px4_autonomy_modules/local_setup.dsv
[14.731s] -- Installing: /home/jetson/ros2_ws/install/px4_autonomy_modules/share/px4_autonomy_modules/package.dsv
[14.737s] -- Installing: /home/jetson/ros2_ws/install/px4_autonomy_modules/share/ament_index/resource_index/packages/px4_autonomy_modules
[14.740s] -- Installing: /home/jetson/ros2_ws/install/px4_autonomy_modules/share/px4_autonomy_modules/cmake/px4_autonomy_modulesConfig.cmake
[14.746s] -- Installing: /home/jetson/ros2_ws/install/px4_autonomy_modules/share/px4_autonomy_modules/cmake/px4_autonomy_modulesConfig-version.cmake
[14.750s] -- Up-to-date: /home/jetson/ros2_ws/install/px4_autonomy_modules/share/px4_autonomy_modules/package.xml
[14.770s] Invoked command in '/home/jetson/ros2_ws/build/px4_autonomy_modules' returned '0': CMAKE_PREFIX_PATH=${CMAKE_PREFIX_PATH}:/opt/ros/foxy /usr/bin/cmake --install /home/jetson/ros2_ws/build/px4_autonomy_modules
