[0.044s] Invoking command in '/home/jetson/dogs/ROB498-flight/resources/code/ros2_ws/build/px4_autonomy_modules': CMAKE_PREFIX_PATH=${CMAKE_PREFIX_PATH}:/opt/ros/foxy /usr/bin/cmake /home/jetson/dogs/ROB498-flight/resources/code/ros2_ws/src/px4_autonomy_modules -DCMAKE_INSTALL_PREFIX=/home/jetson/dogs/ROB498-flight/resources/code/ros2_ws/install/px4_autonomy_modules
[0.284s] -- The C compiler identification is GNU 8.4.0
[0.471s] -- The CXX compiler identification is GNU 8.4.0
[0.487s] -- Check for working C compiler: /usr/bin/cc
[0.723s] -- Check for working C compiler: /usr/bin/cc -- works
[0.726s] -- Detecting C compiler ABI info
[0.963s] -- Detecting C compiler ABI info - done
[1.009s] -- Detecting C compile features
[1.011s] -- Detecting C compile features - done
[1.021s] -- Check for working CXX compiler: /usr/bin/c++
[1.290s] -- Check for working CXX compiler: /usr/bin/c++ -- works
[1.293s] -- Detecting CXX compiler ABI info
[1.565s] -- Detecting CXX compiler ABI info - done
[1.614s] -- Detecting CXX compile features
[1.616s] -- Detecting CXX compile features - done
[1.629s] -- Found ament_cmake: 0.9.12 (/opt/ros/foxy/share/ament_cmake/cmake)
[1.733s] -- Found PythonInterp: /usr/bin/python3 (found suitable version "3.8.10", minimum required is "3") 
[1.733s] -- Using PYTHON_EXECUTABLE: /usr/bin/python3
[2.766s] -- Found rclcpp: 2.4.3 (/opt/ros/foxy/share/rclcpp/cmake)
[2.989s] -- Using all available rosidl_typesupport_c: rosidl_typesupport_fastrtps_c;rosidl_typesupport_introspection_c
[3.026s] -- Found rosidl_adapter: 1.3.1 (/opt/ros/foxy/share/rosidl_adapter/cmake)
[3.392s] -- Found OpenSSL: /usr/lib/aarch64-linux-gnu/libcrypto.so (found version "1.1.1f")  
[3.506s] -- Found FastRTPS: /opt/ros/foxy/include  
[3.874s] -- Using all available rosidl_typesupport_cpp: rosidl_typesupport_fastrtps_cpp;rosidl_typesupport_introspection_cpp
[4.132s] -- Found rmw_implementation_cmake: 1.0.4 (/opt/ros/foxy/share/rmw_implementation_cmake/cmake)
[4.138s] -- Using RMW implementation 'rmw_fastrtps_cpp' as default
[4.141s] -- Looking for pthread.h
[4.392s] -- Looking for pthread.h - found
[4.393s] -- Performing Test CMAKE_HAVE_LIBC_PTHREAD
[4.642s] -- Performing Test CMAKE_HAVE_LIBC_PTHREAD - Failed
[4.643s] -- Looking for pthread_create in pthreads
[4.850s] -- Looking for pthread_create in pthreads - not found
[4.850s] -- Looking for pthread_create in pthread
[5.099s] -- Looking for pthread_create in pthread - found
[5.103s] -- Found Threads: TRUE  
[5.809s] -- Found rclpy: 1.0.13 (/opt/ros/foxy/share/rclpy/cmake)
[5.817s] -- Found nav_msgs: 2.0.5 (/opt/ros/foxy/share/nav_msgs/cmake)
[6.346s] -- Found sensor_msgs: 2.0.5 (/opt/ros/foxy/share/sensor_msgs/cmake)
[6.674s] -- Found mavros: 2.4.0 (/opt/ros/foxy/share/mavros/cmake)
[6.713s] -- Found mavros_extras: 2.4.0 (/opt/ros/foxy/share/mavros_extras/cmake)
[6.729s] -- Found ament_lint_auto: 0.9.8 (/opt/ros/foxy/share/ament_lint_auto/cmake)
[7.115s] -- Added test 'cppcheck' to perform static code analysis on C / C++ code
[7.116s] -- Configured cppcheck include dirs: 
[7.117s] -- Configured cppcheck exclude dirs and/or files: 
[7.127s] -- Added test 'flake8' to check Python code syntax and style conventions
[7.146s] -- Added test 'lint_cmake' to check CMake code style
[7.156s] -- Added test 'pep257' to check Python code against some of the style conventions in PEP 257
[7.225s] -- Added test 'uncrustify' to check C / C++ code style
[7.226s] -- Configured uncrustify additional arguments: 
[7.236s] -- Added test 'xmllint' to check XML markup files
[7.251s] -- Configuring done
[7.260s] -- Generating done
[7.266s] -- Build files have been written to: /home/jetson/dogs/ROB498-flight/resources/code/ros2_ws/build/px4_autonomy_modules
[7.306s] Invoked command in '/home/jetson/dogs/ROB498-flight/resources/code/ros2_ws/build/px4_autonomy_modules' returned '0': CMAKE_PREFIX_PATH=${CMAKE_PREFIX_PATH}:/opt/ros/foxy /usr/bin/cmake /home/jetson/dogs/ROB498-flight/resources/code/ros2_ws/src/px4_autonomy_modules -DCMAKE_INSTALL_PREFIX=/home/jetson/dogs/ROB498-flight/resources/code/ros2_ws/install/px4_autonomy_modules
[7.309s] Invoking command in '/home/jetson/dogs/ROB498-flight/resources/code/ros2_ws/build/px4_autonomy_modules': CMAKE_PREFIX_PATH=${CMAKE_PREFIX_PATH}:/opt/ros/foxy /usr/bin/cmake --build /home/jetson/dogs/ROB498-flight/resources/code/ros2_ws/build/px4_autonomy_modules -- -j4 -l4
[7.454s] Invoked command in '/home/jetson/dogs/ROB498-flight/resources/code/ros2_ws/build/px4_autonomy_modules' returned '0': CMAKE_PREFIX_PATH=${CMAKE_PREFIX_PATH}:/opt/ros/foxy /usr/bin/cmake --build /home/jetson/dogs/ROB498-flight/resources/code/ros2_ws/build/px4_autonomy_modules -- -j4 -l4
[7.568s] Invoking command in '/home/jetson/dogs/ROB498-flight/resources/code/ros2_ws/build/px4_autonomy_modules': CMAKE_PREFIX_PATH=${CMAKE_PREFIX_PATH}:/opt/ros/foxy /usr/bin/cmake --install /home/jetson/dogs/ROB498-flight/resources/code/ros2_ws/build/px4_autonomy_modules
[7.598s] -- Install configuration: ""
[7.598s] -- Installing: /home/jetson/dogs/ROB498-flight/resources/code/ros2_ws/install/px4_autonomy_modules/lib/px4_autonomy_modules/pose_relay_node.py
[7.599s] -- Up-to-date: /home/jetson/dogs/ROB498-flight/resources/code/ros2_ws/install/px4_autonomy_modules/share/px4_autonomy_modules/launch
[7.600s] -- Up-to-date: /home/jetson/dogs/ROB498-flight/resources/code/ros2_ws/install/px4_autonomy_modules/share/px4_autonomy_modules/launch/log
[7.600s] -- Up-to-date: /home/jetson/dogs/ROB498-flight/resources/code/ros2_ws/install/px4_autonomy_modules/share/px4_autonomy_modules/launch/log/COLCON_IGNORE
[7.601s] -- Up-to-date: /home/jetson/dogs/ROB498-flight/resources/code/ros2_ws/install/px4_autonomy_modules/share/px4_autonomy_modules/launch/log/build_2025-02-19_12-16-55
[7.601s] -- Up-to-date: /home/jetson/dogs/ROB498-flight/resources/code/ros2_ws/install/px4_autonomy_modules/share/px4_autonomy_modules/launch/log/build_2025-02-19_12-16-55/logger_all.log
[7.602s] -- Up-to-date: /home/jetson/dogs/ROB498-flight/resources/code/ros2_ws/install/px4_autonomy_modules/share/px4_autonomy_modules/launch/log/build_2025-02-19_12-16-55/events.log
[7.602s] -- Up-to-date: /home/jetson/dogs/ROB498-flight/resources/code/ros2_ws/install/px4_autonomy_modules/share/px4_autonomy_modules/launch/log/latest
[7.602s] -- Up-to-date: /home/jetson/dogs/ROB498-flight/resources/code/ros2_ws/install/px4_autonomy_modules/share/px4_autonomy_modules/launch/log/build_2025-02-19_12-12-14
[7.603s] -- Up-to-date: /home/jetson/dogs/ROB498-flight/resources/code/ros2_ws/install/px4_autonomy_modules/share/px4_autonomy_modules/launch/log/build_2025-02-19_12-12-14/logger_all.log
[7.603s] -- Up-to-date: /home/jetson/dogs/ROB498-flight/resources/code/ros2_ws/install/px4_autonomy_modules/share/px4_autonomy_modules/launch/log/build_2025-02-19_12-12-14/events.log
[7.604s] -- Up-to-date: /home/jetson/dogs/ROB498-flight/resources/code/ros2_ws/install/px4_autonomy_modules/share/px4_autonomy_modules/launch/log/latest_build
[7.604s] -- Up-to-date: /home/jetson/dogs/ROB498-flight/resources/code/ros2_ws/install/px4_autonomy_modules/share/px4_autonomy_modules/launch/install
[7.604s] -- Up-to-date: /home/jetson/dogs/ROB498-flight/resources/code/ros2_ws/install/px4_autonomy_modules/share/px4_autonomy_modules/launch/install/COLCON_IGNORE
[7.605s] -- Up-to-date: /home/jetson/dogs/ROB498-flight/resources/code/ros2_ws/install/px4_autonomy_modules/share/px4_autonomy_modules/launch/install/local_setup.bash
[7.605s] -- Up-to-date: /home/jetson/dogs/ROB498-flight/resources/code/ros2_ws/install/px4_autonomy_modules/share/px4_autonomy_modules/launch/install/local_setup.ps1
[7.605s] -- Up-to-date: /home/jetson/dogs/ROB498-flight/resources/code/ros2_ws/install/px4_autonomy_modules/share/px4_autonomy_modules/launch/install/local_setup.zsh
[7.606s] -- Up-to-date: /home/jetson/dogs/ROB498-flight/resources/code/ros2_ws/install/px4_autonomy_modules/share/px4_autonomy_modules/launch/install/_local_setup_util_ps1.py
[7.606s] -- Up-to-date: /home/jetson/dogs/ROB498-flight/resources/code/ros2_ws/install/px4_autonomy_modules/share/px4_autonomy_modules/launch/install/local_setup.sh
[7.606s] -- Up-to-date: /home/jetson/dogs/ROB498-flight/resources/code/ros2_ws/install/px4_autonomy_modules/share/px4_autonomy_modules/launch/install/setup.ps1
[7.607s] -- Up-to-date: /home/jetson/dogs/ROB498-flight/resources/code/ros2_ws/install/px4_autonomy_modules/share/px4_autonomy_modules/launch/install/setup.bash
[7.607s] -- Up-to-date: /home/jetson/dogs/ROB498-flight/resources/code/ros2_ws/install/px4_autonomy_modules/share/px4_autonomy_modules/launch/install/setup.zsh
[7.608s] -- Up-to-date: /home/jetson/dogs/ROB498-flight/resources/code/ros2_ws/install/px4_autonomy_modules/share/px4_autonomy_modules/launch/install/_local_setup_util_sh.py
[7.608s] -- Up-to-date: /home/jetson/dogs/ROB498-flight/resources/code/ros2_ws/install/px4_autonomy_modules/share/px4_autonomy_modules/launch/install/setup.sh
[7.608s] -- Up-to-date: /home/jetson/dogs/ROB498-flight/resources/code/ros2_ws/install/px4_autonomy_modules/share/px4_autonomy_modules/launch/install/.colcon_install_layout
[7.609s] -- Up-to-date: /home/jetson/dogs/ROB498-flight/resources/code/ros2_ws/install/px4_autonomy_modules/share/px4_autonomy_modules/launch/px4_config.yaml
[7.609s] -- Up-to-date: /home/jetson/dogs/ROB498-flight/resources/code/ros2_ws/install/px4_autonomy_modules/share/px4_autonomy_modules/launch/build
[7.609s] -- Up-to-date: /home/jetson/dogs/ROB498-flight/resources/code/ros2_ws/install/px4_autonomy_modules/share/px4_autonomy_modules/launch/build/COLCON_IGNORE
[7.610s] -- Up-to-date: /home/jetson/dogs/ROB498-flight/resources/code/ros2_ws/install/px4_autonomy_modules/share/px4_autonomy_modules/launch/build/.built_by
[7.610s] -- Up-to-date: /home/jetson/dogs/ROB498-flight/resources/code/ros2_ws/install/px4_autonomy_modules/share/px4_autonomy_modules/launch/px4_pluginlists.yaml
[7.610s] -- Up-to-date: /home/jetson/dogs/ROB498-flight/resources/code/ros2_ws/install/px4_autonomy_modules/share/px4_autonomy_modules/launch/mavros.launch.py
[7.611s] -- Installing: /home/jetson/dogs/ROB498-flight/resources/code/ros2_ws/install/px4_autonomy_modules/share/ament_index/resource_index/package_run_dependencies/px4_autonomy_modules
[7.611s] -- Installing: /home/jetson/dogs/ROB498-flight/resources/code/ros2_ws/install/px4_autonomy_modules/share/ament_index/resource_index/parent_prefix_path/px4_autonomy_modules
[7.612s] -- Up-to-date: /home/jetson/dogs/ROB498-flight/resources/code/ros2_ws/install/px4_autonomy_modules/share/px4_autonomy_modules/environment/ament_prefix_path.sh
[7.612s] -- Installing: /home/jetson/dogs/ROB498-flight/resources/code/ros2_ws/install/px4_autonomy_modules/share/px4_autonomy_modules/environment/ament_prefix_path.dsv
[7.612s] -- Up-to-date: /home/jetson/dogs/ROB498-flight/resources/code/ros2_ws/install/px4_autonomy_modules/share/px4_autonomy_modules/environment/path.sh
[7.613s] -- Installing: /home/jetson/dogs/ROB498-flight/resources/code/ros2_ws/install/px4_autonomy_modules/share/px4_autonomy_modules/environment/path.dsv
[7.613s] -- Installing: /home/jetson/dogs/ROB498-flight/resources/code/ros2_ws/install/px4_autonomy_modules/share/px4_autonomy_modules/local_setup.bash
[7.613s] -- Installing: /home/jetson/dogs/ROB498-flight/resources/code/ros2_ws/install/px4_autonomy_modules/share/px4_autonomy_modules/local_setup.sh
[7.614s] -- Installing: /home/jetson/dogs/ROB498-flight/resources/code/ros2_ws/install/px4_autonomy_modules/share/px4_autonomy_modules/local_setup.zsh
[7.614s] -- Installing: /home/jetson/dogs/ROB498-flight/resources/code/ros2_ws/install/px4_autonomy_modules/share/px4_autonomy_modules/local_setup.dsv
[7.615s] -- Installing: /home/jetson/dogs/ROB498-flight/resources/code/ros2_ws/install/px4_autonomy_modules/share/px4_autonomy_modules/package.dsv
[7.615s] -- Installing: /home/jetson/dogs/ROB498-flight/resources/code/ros2_ws/install/px4_autonomy_modules/share/ament_index/resource_index/packages/px4_autonomy_modules
[7.617s] -- Installing: /home/jetson/dogs/ROB498-flight/resources/code/ros2_ws/install/px4_autonomy_modules/share/px4_autonomy_modules/cmake/px4_autonomy_modulesConfig.cmake
[7.619s] -- Installing: /home/jetson/dogs/ROB498-flight/resources/code/ros2_ws/install/px4_autonomy_modules/share/px4_autonomy_modules/cmake/px4_autonomy_modulesConfig-version.cmake
[7.619s] -- Up-to-date: /home/jetson/dogs/ROB498-flight/resources/code/ros2_ws/install/px4_autonomy_modules/share/px4_autonomy_modules/package.xml
[7.620s] Invoked command in '/home/jetson/dogs/ROB498-flight/resources/code/ros2_ws/build/px4_autonomy_modules' returned '0': CMAKE_PREFIX_PATH=${CMAKE_PREFIX_PATH}:/opt/ros/foxy /usr/bin/cmake --install /home/jetson/dogs/ROB498-flight/resources/code/ros2_ws/build/px4_autonomy_modules
