[1.569s] DEBUG:colcon:Command line arguments: ['/usr/bin/colcon', 'build']
[1.569s] DEBUG:colcon:Parsed command line arguments: Namespace(allow_overriding=[], ament_cmake_args=None, base_paths=['.'], build_base='build', catkin_cmake_args=None, catkin_skip_building_tests=False, cmake_args=None, cmake_clean_cache=False, cmake_clean_first=False, cmake_force_configure=False, cmake_target=None, cmake_target_skip_unavailable=False, continue_on_error=False, event_handlers=None, executor='parallel', ignore_user_meta=False, install_base='install', log_base=None, log_level=None, main=<bound method BuildVerb.main of <colcon_core.verb.build.BuildVerb object at 0x7fa3c2c820>>, merge_install=False, metas=['./colcon.meta'], packages_above=None, packages_above_and_dependencies=None, packages_above_depth=None, packages_end=None, packages_ignore=None, packages_ignore_regex=None, packages_select=None, packages_select_build_failed=False, packages_select_by_dep=None, packages_select_regex=None, packages_select_test_failures=False, packages_skip=None, packages_skip_build_finished=False, packages_skip_by_dep=None, packages_skip_regex=None, packages_skip_test_passed=False, packages_skip_up_to=None, packages_start=None, packages_up_to=None, packages_up_to_regex=None, parallel_workers=4, paths=None, symlink_install=False, test_result_base=None, verb_extension=<colcon_core.verb.build.BuildVerb object at 0x7fa3c2c820>, verb_name='build', verb_parser=<colcon_defaults.argument_parser.defaults.DefaultArgumentsDecorator object at 0x7fa3bc0df0>)
[2.535s] Level 1:colcon.colcon_core.package_discovery:discover_packages(colcon_meta) check parameters
[2.535s] Level 1:colcon.colcon_core.package_discovery:discover_packages(recursive) check parameters
[2.535s] Level 1:colcon.colcon_core.package_discovery:discover_packages(ignore) check parameters
[2.535s] Level 1:colcon.colcon_core.package_discovery:discover_packages(path) check parameters
[2.536s] Level 1:colcon.colcon_core.package_discovery:discover_packages(colcon_meta) discover
[2.536s] Level 1:colcon.colcon_core.package_discovery:discover_packages(recursive) discover
[2.536s] INFO:colcon.colcon_core.package_discovery:Crawling recursively for packages in '/home/jetson/ros2_ws'
[2.536s] Level 1:colcon.colcon_core.package_identification:_identify(.) by extensions ['ignore', 'ignore_ament_install']
[2.537s] Level 1:colcon.colcon_core.package_identification:_identify(.) by extension 'ignore'
[2.537s] Level 1:colcon.colcon_core.package_identification:_identify(.) by extension 'ignore_ament_install'
[2.537s] Level 1:colcon.colcon_core.package_identification:_identify(.) by extensions ['colcon_pkg']
[2.537s] Level 1:colcon.colcon_core.package_identification:_identify(.) by extension 'colcon_pkg'
[2.537s] Level 1:colcon.colcon_core.package_identification:_identify(.) by extensions ['colcon_meta']
[2.538s] Level 1:colcon.colcon_core.package_identification:_identify(.) by extension 'colcon_meta'
[2.538s] Level 1:colcon.colcon_core.package_identification:_identify(.) by extensions ['ros']
[2.538s] Level 1:colcon.colcon_core.package_identification:_identify(.) by extension 'ros'
[2.596s] Level 1:colcon.colcon_core.package_identification:_identify(.) by extensions ['cmake', 'python']
[2.596s] Level 1:colcon.colcon_core.package_identification:_identify(.) by extension 'cmake'
[2.596s] Level 1:colcon.colcon_core.package_identification:_identify(.) by extension 'python'
[2.596s] Level 1:colcon.colcon_core.package_identification:_identify(.) by extensions ['python_setup_py']
[2.597s] Level 1:colcon.colcon_core.package_identification:_identify(.) by extension 'python_setup_py'
[2.597s] Level 1:colcon.colcon_core.package_identification:_identify(build) by extensions ['ignore', 'ignore_ament_install']
[2.597s] Level 1:colcon.colcon_core.package_identification:_identify(build) by extension 'ignore'
[2.598s] Level 1:colcon.colcon_core.package_identification:_identify(build) ignored
[2.598s] Level 1:colcon.colcon_core.package_identification:_identify(install) by extensions ['ignore', 'ignore_ament_install']
[2.598s] Level 1:colcon.colcon_core.package_identification:_identify(install) by extension 'ignore'
[2.599s] Level 1:colcon.colcon_core.package_identification:_identify(install) ignored
[2.599s] Level 1:colcon.colcon_core.package_identification:_identify(log) by extensions ['ignore', 'ignore_ament_install']
[2.600s] Level 1:colcon.colcon_core.package_identification:_identify(log) by extension 'ignore'
[2.600s] Level 1:colcon.colcon_core.package_identification:_identify(log) ignored
[2.602s] Level 1:colcon.colcon_core.package_identification:_identify(src) by extensions ['ignore', 'ignore_ament_install']
[2.603s] Level 1:colcon.colcon_core.package_identification:_identify(src) by extension 'ignore'
[2.603s] Level 1:colcon.colcon_core.package_identification:_identify(src) by extension 'ignore_ament_install'
[2.603s] Level 1:colcon.colcon_core.package_identification:_identify(src) by extensions ['colcon_pkg']
[2.603s] Level 1:colcon.colcon_core.package_identification:_identify(src) by extension 'colcon_pkg'
[2.603s] Level 1:colcon.colcon_core.package_identification:_identify(src) by extensions ['colcon_meta']
[2.604s] Level 1:colcon.colcon_core.package_identification:_identify(src) by extension 'colcon_meta'
[2.604s] Level 1:colcon.colcon_core.package_identification:_identify(src) by extensions ['ros']
[2.604s] Level 1:colcon.colcon_core.package_identification:_identify(src) by extension 'ros'
[2.604s] Level 1:colcon.colcon_core.package_identification:_identify(src) by extensions ['cmake', 'python']
[2.604s] Level 1:colcon.colcon_core.package_identification:_identify(src) by extension 'cmake'
[2.604s] Level 1:colcon.colcon_core.package_identification:_identify(src) by extension 'python'
[2.605s] Level 1:colcon.colcon_core.package_identification:_identify(src) by extensions ['python_setup_py']
[2.605s] Level 1:colcon.colcon_core.package_identification:_identify(src) by extension 'python_setup_py'
[2.606s] Level 1:colcon.colcon_core.package_identification:_identify(src/px4_autonomy_modules) by extensions ['ignore', 'ignore_ament_install']
[2.606s] Level 1:colcon.colcon_core.package_identification:_identify(src/px4_autonomy_modules) by extension 'ignore'
[2.606s] Level 1:colcon.colcon_core.package_identification:_identify(src/px4_autonomy_modules) by extension 'ignore_ament_install'
[2.607s] Level 1:colcon.colcon_core.package_identification:_identify(src/px4_autonomy_modules) by extensions ['colcon_pkg']
[2.607s] Level 1:colcon.colcon_core.package_identification:_identify(src/px4_autonomy_modules) by extension 'colcon_pkg'
[2.607s] Level 1:colcon.colcon_core.package_identification:_identify(src/px4_autonomy_modules) by extensions ['colcon_meta']
[2.607s] Level 1:colcon.colcon_core.package_identification:_identify(src/px4_autonomy_modules) by extension 'colcon_meta'
[2.607s] Level 1:colcon.colcon_core.package_identification:_identify(src/px4_autonomy_modules) by extensions ['ros']
[2.607s] Level 1:colcon.colcon_core.package_identification:_identify(src/px4_autonomy_modules) by extension 'ros'
[2.659s] DEBUG:colcon.colcon_core.package_identification:Package 'src/px4_autonomy_modules' with type 'ros.ament_cmake' and name 'px4_autonomy_modules'
[2.660s] Level 1:colcon.colcon_core.package_discovery:discover_packages(recursive) using defaults
[2.660s] Level 1:colcon.colcon_core.package_discovery:discover_packages(ignore) discover
[2.660s] Level 1:colcon.colcon_core.package_discovery:discover_packages(ignore) using defaults
[2.660s] Level 1:colcon.colcon_core.package_discovery:discover_packages(path) discover
[2.660s] Level 1:colcon.colcon_core.package_discovery:discover_packages(path) using defaults
[2.757s] Level 1:colcon.colcon_core.package_discovery:discover_packages(prefix_path) check parameters
[2.757s] Level 1:colcon.colcon_core.package_discovery:discover_packages(prefix_path) discover
[2.768s] DEBUG:colcon.colcon_installed_package_information.package_discovery:Found 1 installed packages in /home/jetson/ros2_ws/install
[2.775s] DEBUG:colcon.colcon_installed_package_information.package_discovery:Found 266 installed packages in /opt/ros/foxy
[2.783s] Level 1:colcon.colcon_core.package_discovery:discover_packages(prefix_path) using defaults
[3.134s] Level 5:colcon.colcon_core.verb:set package 'px4_autonomy_modules' build argument 'cmake_args' from command line to 'None'
[3.134s] Level 5:colcon.colcon_core.verb:set package 'px4_autonomy_modules' build argument 'cmake_target' from command line to 'None'
[3.134s] Level 5:colcon.colcon_core.verb:set package 'px4_autonomy_modules' build argument 'cmake_target_skip_unavailable' from command line to 'False'
[3.135s] Level 5:colcon.colcon_core.verb:set package 'px4_autonomy_modules' build argument 'cmake_clean_cache' from command line to 'False'
[3.135s] Level 5:colcon.colcon_core.verb:set package 'px4_autonomy_modules' build argument 'cmake_clean_first' from command line to 'False'
[3.135s] Level 5:colcon.colcon_core.verb:set package 'px4_autonomy_modules' build argument 'cmake_force_configure' from command line to 'False'
[3.135s] Level 5:colcon.colcon_core.verb:set package 'px4_autonomy_modules' build argument 'ament_cmake_args' from command line to 'None'
[3.135s] Level 5:colcon.colcon_core.verb:set package 'px4_autonomy_modules' build argument 'catkin_cmake_args' from command line to 'None'
[3.135s] Level 5:colcon.colcon_core.verb:set package 'px4_autonomy_modules' build argument 'catkin_skip_building_tests' from command line to 'False'
[3.135s] DEBUG:colcon.colcon_core.verb:Building package 'px4_autonomy_modules' with the following arguments: {'ament_cmake_args': None, 'build_base': '/home/jetson/ros2_ws/build/px4_autonomy_modules', 'catkin_cmake_args': None, 'catkin_skip_building_tests': False, 'cmake_args': None, 'cmake_clean_cache': False, 'cmake_clean_first': False, 'cmake_force_configure': False, 'cmake_target': None, 'cmake_target_skip_unavailable': False, 'install_base': '/home/jetson/ros2_ws/install/px4_autonomy_modules', 'merge_install': False, 'path': '/home/jetson/ros2_ws/src/px4_autonomy_modules', 'symlink_install': False, 'test_result_base': None}
[3.136s] INFO:colcon.colcon_core.executor:Executing jobs using 'parallel' executor
[3.139s] DEBUG:colcon.colcon_parallel_executor.executor.parallel:run_until_complete
[3.140s] INFO:colcon.colcon_ros.task.ament_cmake.build:Building ROS package in '/home/jetson/ros2_ws/src/px4_autonomy_modules' with build type 'ament_cmake'
[3.140s] INFO:colcon.colcon_cmake.task.cmake.build:Building CMake package in '/home/jetson/ros2_ws/src/px4_autonomy_modules'
[3.159s] INFO:colcon.colcon_core.plugin_system:Skipping extension 'colcon_core.shell.bat': Not used on non-Windows systems
[3.159s] INFO:colcon.colcon_core.shell:Skip shell extension 'powershell' for command environment: Not usable outside of PowerShell
[3.170s] DEBUG:colcon.colcon_core.shell:Skip shell extension 'dsv' for command environment
[3.200s] DEBUG:colcon.colcon_core.event_handler.log_command:Invoking command in '/home/jetson/ros2_ws/build/px4_autonomy_modules': CMAKE_PREFIX_PATH=${CMAKE_PREFIX_PATH}:/opt/ros/foxy /usr/bin/cmake /home/jetson/ros2_ws/src/px4_autonomy_modules -DCMAKE_INSTALL_PREFIX=/home/jetson/ros2_ws/install/px4_autonomy_modules
[11.360s] DEBUG:colcon.colcon_core.event_handler.log_command:Invoked command in '/home/jetson/ros2_ws/build/px4_autonomy_modules' returned '0': CMAKE_PREFIX_PATH=${CMAKE_PREFIX_PATH}:/opt/ros/foxy /usr/bin/cmake /home/jetson/ros2_ws/src/px4_autonomy_modules -DCMAKE_INSTALL_PREFIX=/home/jetson/ros2_ws/install/px4_autonomy_modules
[11.369s] DEBUG:colcon.colcon_core.event_handler.log_command:Invoking command in '/home/jetson/ros2_ws/build/px4_autonomy_modules': CMAKE_PREFIX_PATH=${CMAKE_PREFIX_PATH}:/opt/ros/foxy /usr/bin/cmake --build /home/jetson/ros2_ws/build/px4_autonomy_modules -- -j4 -l4
[15.285s] DEBUG:colcon.colcon_core.event_handler.log_command:Invoked command in '/home/jetson/ros2_ws/build/px4_autonomy_modules' returned '0': CMAKE_PREFIX_PATH=${CMAKE_PREFIX_PATH}:/opt/ros/foxy /usr/bin/cmake --build /home/jetson/ros2_ws/build/px4_autonomy_modules -- -j4 -l4
[15.389s] DEBUG:colcon.colcon_core.event_handler.log_command:Invoking command in '/home/jetson/ros2_ws/build/px4_autonomy_modules': CMAKE_PREFIX_PATH=${CMAKE_PREFIX_PATH}:/opt/ros/foxy /usr/bin/cmake --install /home/jetson/ros2_ws/build/px4_autonomy_modules
[15.439s] Level 1:colcon.colcon_core.environment:create_environment_scripts_only(px4_autonomy_modules)
[15.441s] DEBUG:colcon.colcon_core.event_handler.log_command:Invoked command in '/home/jetson/ros2_ws/build/px4_autonomy_modules' returned '0': CMAKE_PREFIX_PATH=${CMAKE_PREFIX_PATH}:/opt/ros/foxy /usr/bin/cmake --install /home/jetson/ros2_ws/build/px4_autonomy_modules
[15.460s] Level 1:colcon.colcon_core.environment:checking '/home/jetson/ros2_ws/install/px4_autonomy_modules' for CMake module files
[15.463s] Level 1:colcon.colcon_core.environment:checking '/home/jetson/ros2_ws/install/px4_autonomy_modules' for CMake config files
[15.465s] Level 1:colcon.colcon_core.shell:create_environment_hook('px4_autonomy_modules', 'cmake_prefix_path')
[15.466s] INFO:colcon.colcon_core.shell:Creating environment hook '/home/jetson/ros2_ws/install/px4_autonomy_modules/share/px4_autonomy_modules/hook/cmake_prefix_path.ps1'
[15.470s] INFO:colcon.colcon_core.shell:Creating environment descriptor '/home/jetson/ros2_ws/install/px4_autonomy_modules/share/px4_autonomy_modules/hook/cmake_prefix_path.dsv'
[15.478s] INFO:colcon.colcon_core.shell:Creating environment hook '/home/jetson/ros2_ws/install/px4_autonomy_modules/share/px4_autonomy_modules/hook/cmake_prefix_path.sh'
[15.489s] Level 1:colcon.colcon_core.environment:checking '/home/jetson/ros2_ws/install/px4_autonomy_modules/lib'
[15.490s] Level 1:colcon.colcon_core.environment:checking '/home/jetson/ros2_ws/install/px4_autonomy_modules/bin'
[15.490s] Level 1:colcon.colcon_core.environment:checking '/home/jetson/ros2_ws/install/px4_autonomy_modules/lib/pkgconfig/px4_autonomy_modules.pc'
[15.491s] Level 1:colcon.colcon_core.environment:checking '/home/jetson/ros2_ws/install/px4_autonomy_modules/lib/python3.8/site-packages'
[15.491s] Level 1:colcon.colcon_core.environment:checking '/home/jetson/ros2_ws/install/px4_autonomy_modules/bin'
[15.493s] INFO:colcon.colcon_core.shell:Creating package script '/home/jetson/ros2_ws/install/px4_autonomy_modules/share/px4_autonomy_modules/package.ps1'
[15.506s] INFO:colcon.colcon_core.shell:Creating package descriptor '/home/jetson/ros2_ws/install/px4_autonomy_modules/share/px4_autonomy_modules/package.dsv'
[15.516s] INFO:colcon.colcon_core.shell:Creating package script '/home/jetson/ros2_ws/install/px4_autonomy_modules/share/px4_autonomy_modules/package.sh'
[15.526s] INFO:colcon.colcon_core.shell:Creating package script '/home/jetson/ros2_ws/install/px4_autonomy_modules/share/px4_autonomy_modules/package.bash'
[15.537s] INFO:colcon.colcon_core.shell:Creating package script '/home/jetson/ros2_ws/install/px4_autonomy_modules/share/px4_autonomy_modules/package.zsh'
[15.548s] Level 1:colcon.colcon_core.environment:create_file_with_runtime_dependencies(/home/jetson/ros2_ws/install/px4_autonomy_modules/share/colcon-core/packages/px4_autonomy_modules)
[15.613s] Level 1:colcon.colcon_core.environment:create_environment_scripts_only(px4_autonomy_modules)
[15.614s] Level 1:colcon.colcon_core.environment:checking '/home/jetson/ros2_ws/install/px4_autonomy_modules' for CMake module files
[15.617s] Level 1:colcon.colcon_core.environment:checking '/home/jetson/ros2_ws/install/px4_autonomy_modules' for CMake config files
[15.619s] Level 1:colcon.colcon_core.shell:create_environment_hook('px4_autonomy_modules', 'cmake_prefix_path')
[15.620s] INFO:colcon.colcon_core.shell:Creating environment hook '/home/jetson/ros2_ws/install/px4_autonomy_modules/share/px4_autonomy_modules/hook/cmake_prefix_path.ps1'
[15.622s] INFO:colcon.colcon_core.shell:Creating environment descriptor '/home/jetson/ros2_ws/install/px4_autonomy_modules/share/px4_autonomy_modules/hook/cmake_prefix_path.dsv'
[15.623s] INFO:colcon.colcon_core.shell:Creating environment hook '/home/jetson/ros2_ws/install/px4_autonomy_modules/share/px4_autonomy_modules/hook/cmake_prefix_path.sh'
[15.625s] Level 1:colcon.colcon_core.environment:checking '/home/jetson/ros2_ws/install/px4_autonomy_modules/lib'
[15.625s] Level 1:colcon.colcon_core.environment:checking '/home/jetson/ros2_ws/install/px4_autonomy_modules/bin'
[15.626s] Level 1:colcon.colcon_core.environment:checking '/home/jetson/ros2_ws/install/px4_autonomy_modules/lib/pkgconfig/px4_autonomy_modules.pc'
[15.627s] Level 1:colcon.colcon_core.environment:checking '/home/jetson/ros2_ws/install/px4_autonomy_modules/lib/python3.8/site-packages'
[15.627s] Level 1:colcon.colcon_core.environment:checking '/home/jetson/ros2_ws/install/px4_autonomy_modules/bin'
[15.628s] INFO:colcon.colcon_core.shell:Creating package script '/home/jetson/ros2_ws/install/px4_autonomy_modules/share/px4_autonomy_modules/package.ps1'
[15.632s] INFO:colcon.colcon_core.shell:Creating package descriptor '/home/jetson/ros2_ws/install/px4_autonomy_modules/share/px4_autonomy_modules/package.dsv'
[15.633s] INFO:colcon.colcon_core.shell:Creating package script '/home/jetson/ros2_ws/install/px4_autonomy_modules/share/px4_autonomy_modules/package.sh'
[15.635s] INFO:colcon.colcon_core.shell:Creating package script '/home/jetson/ros2_ws/install/px4_autonomy_modules/share/px4_autonomy_modules/package.bash'
[15.636s] INFO:colcon.colcon_core.shell:Creating package script '/home/jetson/ros2_ws/install/px4_autonomy_modules/share/px4_autonomy_modules/package.zsh'
[15.638s] Level 1:colcon.colcon_core.environment:create_file_with_runtime_dependencies(/home/jetson/ros2_ws/install/px4_autonomy_modules/share/colcon-core/packages/px4_autonomy_modules)
[15.639s] DEBUG:colcon.colcon_parallel_executor.executor.parallel:closing loop
[15.640s] DEBUG:colcon.colcon_parallel_executor.executor.parallel:loop closed
[15.640s] DEBUG:colcon.colcon_parallel_executor.executor.parallel:run_until_complete finished with '0'
[15.641s] DEBUG:colcon.colcon_core.event_reactor:joining thread
[15.681s] INFO:colcon.colcon_core.plugin_system:Skipping extension 'colcon_notification.desktop_notification.terminal_notifier': Not used on non-Darwin systems
[15.681s] INFO:colcon.colcon_core.plugin_system:Skipping extension 'colcon_notification.desktop_notification.win32': Not used on non-Windows systems
[15.681s] INFO:colcon.colcon_notification.desktop_notification:Sending desktop notification using 'notify2'
[15.727s] DEBUG:colcon.colcon_core.event_reactor:joined thread
[15.729s] INFO:colcon.colcon_core.shell:Creating prefix script '/home/jetson/ros2_ws/install/local_setup.ps1'
[15.735s] INFO:colcon.colcon_core.shell:Creating prefix util module '/home/jetson/ros2_ws/install/_local_setup_util_ps1.py'
[15.748s] INFO:colcon.colcon_core.shell:Creating prefix chain script '/home/jetson/ros2_ws/install/setup.ps1'
[15.759s] INFO:colcon.colcon_core.shell:Creating prefix script '/home/jetson/ros2_ws/install/local_setup.sh'
[15.777s] INFO:colcon.colcon_core.shell:Creating prefix util module '/home/jetson/ros2_ws/install/_local_setup_util_sh.py'
[15.779s] INFO:colcon.colcon_core.shell:Creating prefix chain script '/home/jetson/ros2_ws/install/setup.sh'
[15.795s] INFO:colcon.colcon_core.shell:Creating prefix script '/home/jetson/ros2_ws/install/local_setup.bash'
[15.806s] INFO:colcon.colcon_core.shell:Creating prefix chain script '/home/jetson/ros2_ws/install/setup.bash'
[15.819s] INFO:colcon.colcon_core.shell:Creating prefix script '/home/jetson/ros2_ws/install/local_setup.zsh'
[15.831s] INFO:colcon.colcon_core.shell:Creating prefix chain script '/home/jetson/ros2_ws/install/setup.zsh'
